2025-10-24 16:16:31,545 [INFO] AUDIT: {"timestamp_utc": "2025-10-24T10:46:31.545731Z", "user": "siddharth5.intern", "action": "decommission_request", "details": {"host": "stg-hdpsiddharth104.phonepe.nb6"}}
2025-10-24 16:16:31,546 [INFO] Performing pre-decommission checks...
2025-10-24 16:16:31,546 [DEBUG] Connecting Kazoo client to stg-hdpsiddharth102.phonepe.nb6:2181,stg-hdpsiddharth104.phonepe.nb6:2181,stg-hdpsiddharth105.phonepe.nb6:2181...
2025-10-24 16:16:31,552 [INFO] Connecting to stg-hdpsiddharth105.phonepe.nb6(10.57.40.172):2181, use_ssl: False
2025-10-24 16:16:31,575 [DEBUG] Sending request(xid=None): Connect(protocol_version=0, last_zxid_seen=0, time_out=10000, session_id=0, passwd=b'\x00\x00\x00\x00\x00\x00\x00\x00\x00\x00\x00\x00\x00\x00\x00\x00', read_only=None)
2025-10-24 16:16:31,623 [INFO] Zookeeper connection established, state: CONNECTED
2025-10-24 16:16:31,623 [DEBUG] Kazoo connected state: CONNECTED
2025-10-24 16:16:31,672 [DEBUG] Sending request(xid=1): Close()
2025-10-24 16:16:31,672 [INFO] Closing connection to stg-hdpsiddharth105.phonepe.nb6:2181
2025-10-24 16:16:31,672 [INFO] Zookeeper session closed, state: CLOSED
2025-10-24 16:16:31,672 [INFO] ZooKeeper check: OK=True, Details={'state': 'CONNECTED', 'server_version': (3, 5, 10)}
2025-10-24 16:16:31,672 [INFO] Skipping HDFS health check.
2025-10-24 16:16:31,672 [INFO] Checking active HBase Master via ZooKeeper...
2025-10-24 16:16:31,672 [DEBUG] Connecting Kazoo client to stg-hdpsiddharth102.phonepe.nb6:2181,stg-hdpsiddharth104.phonepe.nb6:2181,stg-hdpsiddharth105.phonepe.nb6:2181...
2025-10-24 16:16:31,676 [INFO] Connecting to stg-hdpsiddharth105.phonepe.nb6(10.57.40.172):2181, use_ssl: False
2025-10-24 16:16:31,697 [DEBUG] Sending request(xid=None): Connect(protocol_version=0, last_zxid_seen=0, time_out=10000, session_id=0, passwd=b'\x00\x00\x00\x00\x00\x00\x00\x00\x00\x00\x00\x00\x00\x00\x00\x00', read_only=None)
2025-10-24 16:16:31,723 [INFO] Zookeeper connection established, state: CONNECTED
2025-10-24 16:16:31,723 [DEBUG] Kazoo connected state: CONNECTED
2025-10-24 16:16:31,723 [DEBUG] Sending request(xid=1): Exists(path='/hbase-unsecure/master', watcher=None)
2025-10-24 16:16:31,745 [DEBUG] Received response(xid=1): ZnodeStat(czxid=12884948838, mzxid=12884948838, ctime=1760685762347, mtime=1760685762347, version=0, cversion=0, aversion=0, ephemeralOwner=72213291896560244, dataLength=79, numChildren=0, pzxid=12884948838)
2025-10-24 16:16:31,745 [DEBUG] Sending request(xid=2): GetData(path='/hbase-unsecure/master', watcher=None)
2025-10-24 16:16:31,767 [DEBUG] Received response(xid=2): (b'\xff\x00\x00\x00\x14master:16000\xba\xdb\x90\x98\x1b\xc3}\x8bPBUF\n+\n\x1fstg-hdpsiddharth102.phonepe.nb6\x10\x80}\x18\xc5\xa8\xb2\x88\x9f3\x10\x00\x18\x8a}', ZnodeStat(czxid=12884948838, mzxid=12884948838, ctime=1760685762347, mtime=1760685762347, version=0, cversion=0, aversion=0, ephemeralOwner=72213291896560244, dataLength=79, numChildren=0, pzxid=12884948838))
2025-10-24 16:16:31,768 [DEBUG] Raw data from ZK node /hbase-unsecure/master: b'\xff\x00\x00\x00\x14master:16000\xba\xdb\x90\x98\x1b\xc3}\x8bPBUF\n+\n\x1fstg-hdpsiddharth102.phonepe.nb6\x10\x80}\x18\xc5\xa8\xb2\x88\x9f3\x10\x00\x18\x8a}'
2025-10-24 16:16:31,768 [INFO] Active HBase Master found at stg-hdpsiddharth102.phonepe.nb6 via ZK node /hbase-unsecure/master.
2025-10-24 16:16:31,768 [DEBUG] Sending request(xid=3): Close()
2025-10-24 16:16:31,768 [INFO] Closing connection to stg-hdpsiddharth105.phonepe.nb6:2181
2025-10-24 16:16:31,768 [INFO] Zookeeper session closed, state: CLOSED
2025-10-24 16:16:31,768 [INFO] HBase Master ZK check: OK=True, Message=Active HBase Master found at stg-hdpsiddharth102.phonepe.nb6 via ZK node /hbase-unsecure/master.
2025-10-24 16:16:31,768 [INFO] Active HBase Master is stg-hdpsiddharth102.phonepe.nb6 via ZK.
2025-10-24 16:16:31,768 [DEBUG] Connecting Kazoo client to stg-hdpsiddharth102.phonepe.nb6:2181,stg-hdpsiddharth104.phonepe.nb6:2181,stg-hdpsiddharth105.phonepe.nb6:2181...
2025-10-24 16:16:31,773 [INFO] Connecting to stg-hdpsiddharth104.phonepe.nb6(10.57.40.171):2181, use_ssl: False
2025-10-24 16:16:31,795 [DEBUG] Sending request(xid=None): Connect(protocol_version=0, last_zxid_seen=0, time_out=10000, session_id=0, passwd=b'\x00\x00\x00\x00\x00\x00\x00\x00\x00\x00\x00\x00\x00\x00\x00\x00', read_only=None)
2025-10-24 16:16:31,818 [INFO] Zookeeper connection established, state: CONNECTED
2025-10-24 16:16:31,818 [DEBUG] Kazoo connected state: CONNECTED
2025-10-24 16:16:31,818 [DEBUG] Sending request(xid=1): Exists(path='/hbase-unsecure/meta-region-server', watcher=None)
2025-10-24 16:16:31,839 [DEBUG] Received response(xid=1): ZnodeStat(czxid=4294967363, mzxid=12884969471, ctime=1758625365810, mtime=1761297203169, version=24, cversion=0, aversion=0, ephemeralOwner=0, dataLength=78, numChildren=0, pzxid=4294967363)
2025-10-24 16:16:31,840 [DEBUG] Sending request(xid=2): GetData(path='/hbase-unsecure/meta-region-server', watcher=None)
2025-10-24 16:16:31,866 [DEBUG] Received response(xid=2): (b'\xff\x00\x00\x00\x14master:16000\xd7\xe5Hzr\xb0\x91+PBUF\n+\n\x1fstg-hdpsiddharth105.phonepe.nb6\x10\x94}\x18\xf5\xf3\xf0\xab\xa13\x10\x00\x18\x03', ZnodeStat(czxid=4294967363, mzxid=12884969471, ctime=1758625365810, mtime=1761297203169, version=24, cversion=0, aversion=0, ephemeralOwner=0, dataLength=78, numChildren=0, pzxid=4294967363))
2025-10-24 16:16:31,866 [DEBUG] Raw data from ZK node /hbase-unsecure/meta-region-server: b'\xff\x00\x00\x00\x14master:16000\xd7\xe5Hzr\xb0\x91+PBUF\n+\n\x1fstg-hdpsiddharth105.phonepe.nb6\x10\x94}\x18\xf5\xf3\xf0\xab\xa13\x10\x00\x18\x03'
2025-10-24 16:16:31,866 [INFO] Found meta-region-server at stg-hdpsiddharth105.phonepe.nb6 from ZK (regex match).
2025-10-24 16:16:31,866 [DEBUG] Sending request(xid=3): Close()
2025-10-24 16:16:31,866 [INFO] Closing connection to stg-hdpsiddharth104.phonepe.nb6:2181
2025-10-24 16:16:31,866 [INFO] Zookeeper session closed, state: CLOSED
2025-10-24 16:16:31,866 [INFO] hbase:meta region is hosted on: stg-hdpsiddharth105.phonepe.nb6
2025-10-24 16:16:31,866 [INFO] Target server stg-hdpsiddharth104.phonepe.nb6 does not host hbase:meta. Safe.
2025-10-24 16:16:31,866 [INFO] Checking current state and ZK registration of stg-hdpsiddharth104.phonepe.nb6...
2025-10-24 16:16:31,866 [DEBUG] Getting Ambari state for HBASE_REGIONSERVER on stg-hdpsiddharth104.phonepe.nb6
2025-10-24 16:16:31,954 [DEBUG] Ambari state for HBASE_REGIONSERVER on stg-hdpsiddharth104.phonepe.nb6 is 'INSTALLED'
2025-10-24 16:16:31,955 [DEBUG] Connecting Kazoo client to stg-hdpsiddharth102.phonepe.nb6:2181,stg-hdpsiddharth104.phonepe.nb6:2181,stg-hdpsiddharth105.phonepe.nb6:2181...
2025-10-24 16:16:31,959 [INFO] Connecting to stg-hdpsiddharth104.phonepe.nb6(10.57.40.171):2181, use_ssl: False
2025-10-24 16:16:31,983 [DEBUG] Sending request(xid=None): Connect(protocol_version=0, last_zxid_seen=0, time_out=10000, session_id=0, passwd=b'\x00\x00\x00\x00\x00\x00\x00\x00\x00\x00\x00\x00\x00\x00\x00\x00', read_only=None)
2025-10-24 16:16:32,010 [INFO] Zookeeper connection established, state: CONNECTED
2025-10-24 16:16:32,011 [DEBUG] Kazoo connected state: CONNECTED
2025-10-24 16:16:32,011 [DEBUG] Sending request(xid=1): Exists(path='/hbase-unsecure/rs', watcher=None)
2025-10-24 16:16:32,034 [DEBUG] Received response(xid=1): ZnodeStat(czxid=4294967326, mzxid=4294967326, ctime=1758625359656, mtime=1758625359656, version=0, cversion=28, aversion=0, ephemeralOwner=0, dataLength=0, numChildren=2, pzxid=12884969719)
2025-10-24 16:16:32,035 [DEBUG] Sending request(xid=2): GetChildren(path='/hbase-unsecure/rs', watcher=None)
2025-10-24 16:16:32,056 [DEBUG] Received response(xid=2): ['stg-hdpsiddharth105.phonepe.nb6,16020,1761297054197', 'stg-hdpsiddharth102.phonepe.nb6,16020,1761293738501']
2025-10-24 16:16:32,057 [DEBUG] Found 2 region servers in ZK under /hbase-unsecure/rs: ['stg-hdpsiddharth105.phonepe.nb6', 'stg-hdpsiddharth102.phonepe.nb6']
2025-10-24 16:16:32,057 [DEBUG] Sending request(xid=3): Close()
2025-10-24 16:16:32,058 [INFO] Closing connection to stg-hdpsiddharth104.phonepe.nb6:2181
2025-10-24 16:16:32,058 [INFO] Zookeeper session closed, state: CLOSED
2025-10-24 16:16:32,059 [INFO] Server stg-hdpsiddharth104.phonepe.nb6 is not STARTED in Ambari (INSTALLED) and not in ZK. Assuming already decommissioned/stopped. Exiting successfully.
2025-10-24 16:16:32,059 [INFO] AUDIT: {"timestamp_utc": "2025-10-24T10:46:32.059458Z", "user": "siddharth5.intern", "action": "decommission_complete", "details": {"host": "stg-hdpsiddharth104.phonepe.nb6", "duration_seconds": 0.5133018493652344, "notes": "Server already stopped/decommissioned"}}
2025-10-24 16:16:32,061 [INFO] Report written to logs/report_decommission_1761302792.json
