2025-10-26 23:39:07,902 [INFO] AUDIT: {"timestamp_utc": "2025-10-26T18:09:07.902299Z", "user": "siddharth5.intern", "action": "decommission_request", "details": {"host": "stg-hdpsiddharth05.phonepe.nb6"}}
2025-10-26 23:39:07,902 [INFO] Performing pre-decommission checks...
2025-10-26 23:39:07,902 [DEBUG] Connecting Kazoo client to stg-hdpsiddharth102.phonepe.nb6:2181,stg-hdpsiddharth104.phonepe.nb6:2181,stg-hdpsiddharth105.phonepe.nb6:2181...
2025-10-26 23:39:07,907 [INFO] Connecting to stg-hdpsiddharth104.phonepe.nb6(10.57.40.171):2181, use_ssl: False
2025-10-26 23:39:07,972 [DEBUG] Sending request(xid=None): Connect(protocol_version=0, last_zxid_seen=0, time_out=10000, session_id=0, passwd=b'\x00\x00\x00\x00\x00\x00\x00\x00\x00\x00\x00\x00\x00\x00\x00\x00', read_only=None)
2025-10-26 23:39:08,075 [INFO] Zookeeper connection established, state: CONNECTED
2025-10-26 23:39:08,075 [DEBUG] Kazoo connected state: CONNECTED
2025-10-26 23:39:08,181 [DEBUG] Sending request(xid=1): Close()
2025-10-26 23:39:08,183 [INFO] Closing connection to stg-hdpsiddharth104.phonepe.nb6:2181
2025-10-26 23:39:08,183 [INFO] Zookeeper session closed, state: CLOSED
2025-10-26 23:39:08,184 [INFO] ZooKeeper check: OK=True, Details={'state': 'CONNECTED', 'server_version': (3, 5, 10)}
2025-10-26 23:39:08,184 [INFO] Skipping HDFS health check.
2025-10-26 23:39:08,184 [INFO] Checking active HBase Master via ZooKeeper...
2025-10-26 23:39:08,184 [DEBUG] Connecting Kazoo client to stg-hdpsiddharth102.phonepe.nb6:2181,stg-hdpsiddharth104.phonepe.nb6:2181,stg-hdpsiddharth105.phonepe.nb6:2181...
2025-10-26 23:39:08,191 [INFO] Connecting to stg-hdpsiddharth102.phonepe.nb6(10.57.40.169):2181, use_ssl: False
2025-10-26 23:39:08,231 [DEBUG] Sending request(xid=None): Connect(protocol_version=0, last_zxid_seen=0, time_out=10000, session_id=0, passwd=b'\x00\x00\x00\x00\x00\x00\x00\x00\x00\x00\x00\x00\x00\x00\x00\x00', read_only=None)
2025-10-26 23:39:08,283 [INFO] Zookeeper connection established, state: CONNECTED
2025-10-26 23:39:08,284 [DEBUG] Kazoo connected state: CONNECTED
2025-10-26 23:39:08,284 [DEBUG] Sending request(xid=1): Exists(path='/hbase-unsecure/master', watcher=None)
2025-10-26 23:39:08,333 [DEBUG] Received response(xid=1): ZnodeStat(czxid=12884948838, mzxid=12884948838, ctime=1760685762347, mtime=1760685762347, version=0, cversion=0, aversion=0, ephemeralOwner=72213291896560244, dataLength=79, numChildren=0, pzxid=12884948838)
2025-10-26 23:39:08,333 [DEBUG] Sending request(xid=2): GetData(path='/hbase-unsecure/master', watcher=None)
2025-10-26 23:39:08,385 [DEBUG] Received response(xid=2): (b'\xff\x00\x00\x00\x14master:16000\xba\xdb\x90\x98\x1b\xc3}\x8bPBUF\n+\n\x1fstg-hdpsiddharth102.phonepe.nb6\x10\x80}\x18\xc5\xa8\xb2\x88\x9f3\x10\x00\x18\x8a}', ZnodeStat(czxid=12884948838, mzxid=12884948838, ctime=1760685762347, mtime=1760685762347, version=0, cversion=0, aversion=0, ephemeralOwner=72213291896560244, dataLength=79, numChildren=0, pzxid=12884948838))
2025-10-26 23:39:08,386 [DEBUG] Raw data from ZK node /hbase-unsecure/master: b'\xff\x00\x00\x00\x14master:16000\xba\xdb\x90\x98\x1b\xc3}\x8bPBUF\n+\n\x1fstg-hdpsiddharth102.phonepe.nb6\x10\x80}\x18\xc5\xa8\xb2\x88\x9f3\x10\x00\x18\x8a}'
2025-10-26 23:39:08,387 [INFO] Active HBase Master found at stg-hdpsiddharth102.phonepe.nb6 via ZK node /hbase-unsecure/master.
2025-10-26 23:39:08,388 [DEBUG] Sending request(xid=3): Close()
2025-10-26 23:39:08,388 [INFO] Closing connection to stg-hdpsiddharth102.phonepe.nb6:2181
2025-10-26 23:39:08,389 [INFO] Zookeeper session closed, state: CLOSED
2025-10-26 23:39:08,390 [INFO] HBase Master ZK check: OK=True, Message=Active HBase Master found at stg-hdpsiddharth102.phonepe.nb6 via ZK node /hbase-unsecure/master.
2025-10-26 23:39:08,390 [INFO] Active HBase Master is stg-hdpsiddharth102.phonepe.nb6 via ZK.
2025-10-26 23:39:08,391 [DEBUG] Connecting Kazoo client to stg-hdpsiddharth102.phonepe.nb6:2181,stg-hdpsiddharth104.phonepe.nb6:2181,stg-hdpsiddharth105.phonepe.nb6:2181...
2025-10-26 23:39:08,396 [INFO] Connecting to stg-hdpsiddharth102.phonepe.nb6(10.57.40.169):2181, use_ssl: False
2025-10-26 23:39:08,435 [DEBUG] Sending request(xid=None): Connect(protocol_version=0, last_zxid_seen=0, time_out=10000, session_id=0, passwd=b'\x00\x00\x00\x00\x00\x00\x00\x00\x00\x00\x00\x00\x00\x00\x00\x00', read_only=None)
2025-10-26 23:39:08,493 [INFO] Zookeeper connection established, state: CONNECTED
2025-10-26 23:39:08,494 [DEBUG] Kazoo connected state: CONNECTED
2025-10-26 23:39:08,494 [DEBUG] Sending request(xid=1): Exists(path='/hbase-unsecure/meta-region-server', watcher=None)
2025-10-26 23:39:08,540 [DEBUG] Received response(xid=1): ZnodeStat(czxid=4294967363, mzxid=12884969471, ctime=1758625365810, mtime=1761297203169, version=24, cversion=0, aversion=0, ephemeralOwner=0, dataLength=78, numChildren=0, pzxid=4294967363)
2025-10-26 23:39:08,542 [DEBUG] Sending request(xid=2): GetData(path='/hbase-unsecure/meta-region-server', watcher=None)
2025-10-26 23:39:08,590 [DEBUG] Received response(xid=2): (b'\xff\x00\x00\x00\x14master:16000\xd7\xe5Hzr\xb0\x91+PBUF\n+\n\x1fstg-hdpsiddharth105.phonepe.nb6\x10\x94}\x18\xf5\xf3\xf0\xab\xa13\x10\x00\x18\x03', ZnodeStat(czxid=4294967363, mzxid=12884969471, ctime=1758625365810, mtime=1761297203169, version=24, cversion=0, aversion=0, ephemeralOwner=0, dataLength=78, numChildren=0, pzxid=4294967363))
2025-10-26 23:39:08,591 [DEBUG] Raw data from ZK node /hbase-unsecure/meta-region-server: b'\xff\x00\x00\x00\x14master:16000\xd7\xe5Hzr\xb0\x91+PBUF\n+\n\x1fstg-hdpsiddharth105.phonepe.nb6\x10\x94}\x18\xf5\xf3\xf0\xab\xa13\x10\x00\x18\x03'
2025-10-26 23:39:08,591 [INFO] Found meta-region-server at stg-hdpsiddharth105.phonepe.nb6 from ZK (regex match).
2025-10-26 23:39:08,592 [DEBUG] Sending request(xid=3): Close()
2025-10-26 23:39:08,592 [INFO] Closing connection to stg-hdpsiddharth102.phonepe.nb6:2181
2025-10-26 23:39:08,592 [INFO] Zookeeper session closed, state: CLOSED
2025-10-26 23:39:08,594 [INFO] hbase:meta region is hosted on: stg-hdpsiddharth105.phonepe.nb6
2025-10-26 23:39:08,594 [INFO] Target server stg-hdpsiddharth05.phonepe.nb6 does not host hbase:meta. Safe.
2025-10-26 23:39:08,594 [INFO] Checking current state and ZK registration of stg-hdpsiddharth05.phonepe.nb6...
2025-10-26 23:39:08,594 [DEBUG] Getting Ambari state for HBASE_REGIONSERVER on stg-hdpsiddharth05.phonepe.nb6
2025-10-26 23:39:08,743 [WARNING] Component HBASE_REGIONSERVER not found on host stg-hdpsiddharth05.phonepe.nb6 via Ambari.
2025-10-26 23:39:08,743 [DEBUG] Connecting Kazoo client to stg-hdpsiddharth102.phonepe.nb6:2181,stg-hdpsiddharth104.phonepe.nb6:2181,stg-hdpsiddharth105.phonepe.nb6:2181...
2025-10-26 23:39:08,747 [INFO] Connecting to stg-hdpsiddharth105.phonepe.nb6(10.57.40.172):2181, use_ssl: False
2025-10-26 23:39:08,793 [DEBUG] Sending request(xid=None): Connect(protocol_version=0, last_zxid_seen=0, time_out=10000, session_id=0, passwd=b'\x00\x00\x00\x00\x00\x00\x00\x00\x00\x00\x00\x00\x00\x00\x00\x00', read_only=None)
2025-10-26 23:39:08,848 [INFO] Zookeeper connection established, state: CONNECTED
2025-10-26 23:39:08,848 [DEBUG] Kazoo connected state: CONNECTED
2025-10-26 23:39:08,848 [DEBUG] Sending request(xid=1): Exists(path='/hbase-unsecure/rs', watcher=None)
2025-10-26 23:39:08,908 [DEBUG] Received response(xid=1): ZnodeStat(czxid=4294967326, mzxid=4294967326, ctime=1758625359656, mtime=1758625359656, version=0, cversion=29, aversion=0, ephemeralOwner=0, dataLength=0, numChildren=3, pzxid=12884969751)
2025-10-26 23:39:08,909 [DEBUG] Sending request(xid=2): GetChildren(path='/hbase-unsecure/rs', watcher=None)
2025-10-26 23:39:08,952 [DEBUG] Received response(xid=2): ['stg-hdpsiddharth104.phonepe.nb6,16020,1761302799749', 'stg-hdpsiddharth105.phonepe.nb6,16020,1761297054197', 'stg-hdpsiddharth102.phonepe.nb6,16020,1761293738501']
2025-10-26 23:39:08,953 [DEBUG] Found 3 region servers in ZK under /hbase-unsecure/rs: ['stg-hdpsiddharth104.phonepe.nb6', 'stg-hdpsiddharth105.phonepe.nb6', 'stg-hdpsiddharth102.phonepe.nb6']
2025-10-26 23:39:08,954 [DEBUG] Sending request(xid=3): Close()
2025-10-26 23:39:08,954 [INFO] Closing connection to stg-hdpsiddharth105.phonepe.nb6:2181
2025-10-26 23:39:08,954 [INFO] Zookeeper session closed, state: CLOSED
2025-10-26 23:39:08,955 [INFO] Server stg-hdpsiddharth05.phonepe.nb6 is not STARTED in Ambari (None) and not in ZK. Assuming already decommissioned/stopped. Exiting successfully.
2025-10-26 23:39:08,955 [INFO] AUDIT: {"timestamp_utc": "2025-10-26T18:09:08.955955Z", "user": "siddharth5.intern", "action": "decommission_complete", "details": {"host": "stg-hdpsiddharth05.phonepe.nb6", "duration_seconds": 1.0532000064849854, "notes": "Server already stopped/decommissioned"}}
2025-10-26 23:39:08,957 [INFO] Report written to logs/report_decommission_1761502148.json
