2025-10-24 14:39:39,600 [INFO] AUDIT: {"timestamp_utc": "2025-10-24T09:09:39.600374Z", "user": "siddharth5.intern", "action": "decommission_request", "details": {"host": "stg-hdpsiddharth105.phonepe.nb6"}}
2025-10-24 14:39:39,600 [INFO] Performing pre-decommission checks...
2025-10-24 14:39:39,601 [DEBUG] Connecting Kazoo client to stg-hdpsiddharth102.phonepe.nb6:2181,stg-hdpsiddharth104.phonepe.nb6:2181,stg-hdpsiddharth105.phonepe.nb6:2181...
2025-10-24 14:39:39,609 [INFO] Connecting to stg-hdpsiddharth105.phonepe.nb6(10.57.40.172):2181, use_ssl: False
2025-10-24 14:39:39,632 [DEBUG] Sending request(xid=None): Connect(protocol_version=0, last_zxid_seen=0, time_out=10000, session_id=0, passwd=b'\x00\x00\x00\x00\x00\x00\x00\x00\x00\x00\x00\x00\x00\x00\x00\x00', read_only=None)
2025-10-24 14:39:39,657 [INFO] Zookeeper connection established, state: CONNECTED
2025-10-24 14:39:39,657 [DEBUG] Kazoo connected state: CONNECTED
2025-10-24 14:39:39,700 [DEBUG] Sending request(xid=1): Close()
2025-10-24 14:39:39,700 [INFO] Closing connection to stg-hdpsiddharth105.phonepe.nb6:2181
2025-10-24 14:39:39,700 [INFO] Zookeeper session closed, state: CLOSED
2025-10-24 14:39:39,701 [INFO] ZooKeeper check: OK=True, Details={'state': 'CONNECTED', 'server_version': (3, 5, 10)}
2025-10-24 14:39:39,701 [INFO] Skipping HDFS health check.
2025-10-24 14:39:39,701 [INFO] Checking active HBase Master via ZooKeeper...
2025-10-24 14:39:39,701 [DEBUG] Connecting Kazoo client to stg-hdpsiddharth102.phonepe.nb6:2181,stg-hdpsiddharth104.phonepe.nb6:2181,stg-hdpsiddharth105.phonepe.nb6:2181...
2025-10-24 14:39:39,705 [INFO] Connecting to stg-hdpsiddharth102.phonepe.nb6(10.57.40.169):2181, use_ssl: False
2025-10-24 14:39:39,727 [DEBUG] Sending request(xid=None): Connect(protocol_version=0, last_zxid_seen=0, time_out=10000, session_id=0, passwd=b'\x00\x00\x00\x00\x00\x00\x00\x00\x00\x00\x00\x00\x00\x00\x00\x00', read_only=None)
2025-10-24 14:39:39,751 [INFO] Zookeeper connection established, state: CONNECTED
2025-10-24 14:39:39,751 [DEBUG] Kazoo connected state: CONNECTED
2025-10-24 14:39:39,751 [DEBUG] Sending request(xid=1): Exists(path='/hbase-unsecure/master', watcher=None)
2025-10-24 14:39:39,772 [DEBUG] Received response(xid=1): ZnodeStat(czxid=12884948838, mzxid=12884948838, ctime=1760685762347, mtime=1760685762347, version=0, cversion=0, aversion=0, ephemeralOwner=72213291896560244, dataLength=79, numChildren=0, pzxid=12884948838)
2025-10-24 14:39:39,773 [DEBUG] Sending request(xid=2): GetData(path='/hbase-unsecure/master', watcher=None)
2025-10-24 14:39:39,795 [DEBUG] Received response(xid=2): (b'\xff\x00\x00\x00\x14master:16000\xba\xdb\x90\x98\x1b\xc3}\x8bPBUF\n+\n\x1fstg-hdpsiddharth102.phonepe.nb6\x10\x80}\x18\xc5\xa8\xb2\x88\x9f3\x10\x00\x18\x8a}', ZnodeStat(czxid=12884948838, mzxid=12884948838, ctime=1760685762347, mtime=1760685762347, version=0, cversion=0, aversion=0, ephemeralOwner=72213291896560244, dataLength=79, numChildren=0, pzxid=12884948838))
2025-10-24 14:39:39,795 [DEBUG] Raw data from ZK node /hbase-unsecure/master: b'\xff\x00\x00\x00\x14master:16000\xba\xdb\x90\x98\x1b\xc3}\x8bPBUF\n+\n\x1fstg-hdpsiddharth102.phonepe.nb6\x10\x80}\x18\xc5\xa8\xb2\x88\x9f3\x10\x00\x18\x8a}'
2025-10-24 14:39:39,795 [INFO] Active HBase Master found at stg-hdpsiddharth102.phonepe.nb6 via ZK node /hbase-unsecure/master.
2025-10-24 14:39:39,795 [DEBUG] Sending request(xid=3): Close()
2025-10-24 14:39:39,795 [INFO] Closing connection to stg-hdpsiddharth102.phonepe.nb6:2181
2025-10-24 14:39:39,795 [INFO] Zookeeper session closed, state: CLOSED
2025-10-24 14:39:39,796 [INFO] HBase Master ZK check: OK=True, Message=Active HBase Master found at stg-hdpsiddharth102.phonepe.nb6 via ZK node /hbase-unsecure/master.
2025-10-24 14:39:39,796 [INFO] Active HBase Master is stg-hdpsiddharth102.phonepe.nb6 via ZK.
2025-10-24 14:39:39,796 [DEBUG] Connecting Kazoo client to stg-hdpsiddharth102.phonepe.nb6:2181,stg-hdpsiddharth104.phonepe.nb6:2181,stg-hdpsiddharth105.phonepe.nb6:2181...
2025-10-24 14:39:39,800 [INFO] Connecting to stg-hdpsiddharth105.phonepe.nb6(10.57.40.172):2181, use_ssl: False
2025-10-24 14:39:39,823 [DEBUG] Sending request(xid=None): Connect(protocol_version=0, last_zxid_seen=0, time_out=10000, session_id=0, passwd=b'\x00\x00\x00\x00\x00\x00\x00\x00\x00\x00\x00\x00\x00\x00\x00\x00', read_only=None)
2025-10-24 14:39:39,850 [INFO] Zookeeper connection established, state: CONNECTED
2025-10-24 14:39:39,850 [DEBUG] Kazoo connected state: CONNECTED
2025-10-24 14:39:39,850 [DEBUG] Sending request(xid=1): Exists(path='/hbase-unsecure/meta-region-server', watcher=None)
2025-10-24 14:39:39,871 [DEBUG] Received response(xid=1): ZnodeStat(czxid=4294967363, mzxid=12884966124, ctime=1758625365810, mtime=1761200003124, version=21, cversion=0, aversion=0, ephemeralOwner=0, dataLength=78, numChildren=0, pzxid=4294967363)
2025-10-24 14:39:39,871 [DEBUG] Sending request(xid=2): GetData(path='/hbase-unsecure/meta-region-server', watcher=None)
2025-10-24 14:39:39,895 [DEBUG] Received response(xid=2): (b'\xff\x00\x00\x00\x14master:1600017N\xf4\x14\x17+LPBUF\n+\n\x1fstg-hdpsiddharth104.phonepe.nb6\x10\x94}\x18\xe9\xe8\xc6\xfd\xa03\x10\x00\x18\x03', ZnodeStat(czxid=4294967363, mzxid=12884966124, ctime=1758625365810, mtime=1761200003124, version=21, cversion=0, aversion=0, ephemeralOwner=0, dataLength=78, numChildren=0, pzxid=4294967363))
2025-10-24 14:39:39,895 [DEBUG] Raw data from ZK node /hbase-unsecure/meta-region-server: b'\xff\x00\x00\x00\x14master:1600017N\xf4\x14\x17+LPBUF\n+\n\x1fstg-hdpsiddharth104.phonepe.nb6\x10\x94}\x18\xe9\xe8\xc6\xfd\xa03\x10\x00\x18\x03'
2025-10-24 14:39:39,895 [INFO] Found meta-region-server at stg-hdpsiddharth104.phonepe.nb6 from ZK (regex match).
2025-10-24 14:39:39,895 [DEBUG] Sending request(xid=3): Close()
2025-10-24 14:39:39,895 [INFO] Closing connection to stg-hdpsiddharth105.phonepe.nb6:2181
2025-10-24 14:39:39,895 [INFO] Zookeeper session closed, state: CLOSED
2025-10-24 14:39:39,896 [INFO] hbase:meta region is hosted on: stg-hdpsiddharth104.phonepe.nb6
2025-10-24 14:39:39,896 [INFO] Target server stg-hdpsiddharth105.phonepe.nb6 does not host hbase:meta. Safe.
2025-10-24 14:39:39,896 [INFO] Checking current state and ZK registration of stg-hdpsiddharth105.phonepe.nb6...
2025-10-24 14:39:39,896 [DEBUG] Getting Ambari state for HBASE_REGIONSERVER on stg-hdpsiddharth105.phonepe.nb6
2025-10-24 14:39:39,972 [DEBUG] Ambari state for HBASE_REGIONSERVER on stg-hdpsiddharth105.phonepe.nb6 is 'STARTED'
2025-10-24 14:39:39,973 [DEBUG] Connecting Kazoo client to stg-hdpsiddharth102.phonepe.nb6:2181,stg-hdpsiddharth104.phonepe.nb6:2181,stg-hdpsiddharth105.phonepe.nb6:2181...
2025-10-24 14:39:39,976 [INFO] Connecting to stg-hdpsiddharth102.phonepe.nb6(10.57.40.169):2181, use_ssl: False
2025-10-24 14:39:39,999 [DEBUG] Sending request(xid=None): Connect(protocol_version=0, last_zxid_seen=0, time_out=10000, session_id=0, passwd=b'\x00\x00\x00\x00\x00\x00\x00\x00\x00\x00\x00\x00\x00\x00\x00\x00', read_only=None)
2025-10-24 14:39:40,022 [INFO] Zookeeper connection established, state: CONNECTED
2025-10-24 14:39:40,023 [DEBUG] Kazoo connected state: CONNECTED
2025-10-24 14:39:40,023 [DEBUG] Sending request(xid=1): Exists(path='/hbase-unsecure/rs', watcher=None)
2025-10-24 14:39:40,048 [DEBUG] Received response(xid=1): ZnodeStat(czxid=4294967326, mzxid=4294967326, ctime=1758625359656, mtime=1758625359656, version=0, cversion=23, aversion=0, ephemeralOwner=0, dataLength=0, numChildren=3, pzxid=12884969304)
2025-10-24 14:39:40,049 [DEBUG] Sending request(xid=2): GetChildren(path='/hbase-unsecure/rs', watcher=None)
2025-10-24 14:39:40,070 [DEBUG] Received response(xid=2): ['stg-hdpsiddharth104.phonepe.nb6,16020,1761199895657', 'stg-hdpsiddharth105.phonepe.nb6,16020,1759298001575', 'stg-hdpsiddharth102.phonepe.nb6,16020,1761293738501']
2025-10-24 14:39:40,071 [DEBUG] Found 3 region servers in ZK under /hbase-unsecure/rs: ['stg-hdpsiddharth104.phonepe.nb6', 'stg-hdpsiddharth105.phonepe.nb6', 'stg-hdpsiddharth102.phonepe.nb6']
2025-10-24 14:39:40,071 [DEBUG] Sending request(xid=3): Close()
2025-10-24 14:39:40,071 [INFO] Closing connection to stg-hdpsiddharth102.phonepe.nb6:2181
2025-10-24 14:39:40,071 [INFO] Zookeeper session closed, state: CLOSED
2025-10-24 14:39:40,072 [INFO] Target RegionServer stg-hdpsiddharth105.phonepe.nb6 is STARTED and registered in ZK.
2025-10-24 14:39:40,072 [INFO] Found 2 other live RegionServers: ['stg-hdpsiddharth104.phonepe.nb6', 'stg-hdpsiddharth102.phonepe.nb6']
2025-10-24 14:39:40,072 [INFO] Checking for regions in transition (RIT)...
2025-10-24 14:39:40,072 [DEBUG] Checking for regions in transition (RIT) in ZK...
2025-10-24 14:39:40,072 [DEBUG] Connecting Kazoo client to stg-hdpsiddharth102.phonepe.nb6:2181,stg-hdpsiddharth104.phonepe.nb6:2181,stg-hdpsiddharth105.phonepe.nb6:2181...
2025-10-24 14:39:40,078 [INFO] Connecting to stg-hdpsiddharth104.phonepe.nb6(10.57.40.171):2181, use_ssl: False
2025-10-24 14:39:40,100 [DEBUG] Sending request(xid=None): Connect(protocol_version=0, last_zxid_seen=0, time_out=10000, session_id=0, passwd=b'\x00\x00\x00\x00\x00\x00\x00\x00\x00\x00\x00\x00\x00\x00\x00\x00', read_only=None)
2025-10-24 14:39:40,126 [INFO] Zookeeper connection established, state: CONNECTED
2025-10-24 14:39:40,127 [DEBUG] Kazoo connected state: CONNECTED
2025-10-24 14:39:40,127 [DEBUG] Sending request(xid=1): Exists(path='/hbase-unsecure/region-in-transition', watcher=None)
2025-10-24 14:39:40,149 [DEBUG] RIT znode '/hbase-unsecure/region-in-transition' does not exist.
2025-10-24 14:39:40,150 [DEBUG] Sending request(xid=2): Exists(path='/hbase-unsecure/rit', watcher=None)
2025-10-24 14:39:40,177 [DEBUG] RIT znode '/hbase-unsecure/rit' does not exist.
2025-10-24 14:39:40,177 [DEBUG] No RIT znodes found, assuming 0 regions in transition.
2025-10-24 14:39:40,177 [DEBUG] Sending request(xid=3): Close()
2025-10-24 14:39:40,178 [INFO] Closing connection to stg-hdpsiddharth104.phonepe.nb6:2181
2025-10-24 14:39:40,178 [INFO] Zookeeper session closed, state: CLOSED
2025-10-24 14:39:40,178 [INFO] Found 0 regions in transition.
2025-10-24 14:39:40,179 [INFO] Checking HBase balancer state...
2025-10-24 14:39:40,179 [DEBUG] Checking balancer state at ZK path: /hbase-unsecure/balancer
2025-10-24 14:39:40,179 [DEBUG] Connecting Kazoo client to stg-hdpsiddharth102.phonepe.nb6:2181,stg-hdpsiddharth104.phonepe.nb6:2181,stg-hdpsiddharth105.phonepe.nb6:2181...
2025-10-24 14:39:40,185 [INFO] Connecting to stg-hdpsiddharth105.phonepe.nb6(10.57.40.172):2181, use_ssl: False
2025-10-24 14:39:40,206 [DEBUG] Sending request(xid=None): Connect(protocol_version=0, last_zxid_seen=0, time_out=10000, session_id=0, passwd=b'\x00\x00\x00\x00\x00\x00\x00\x00\x00\x00\x00\x00\x00\x00\x00\x00', read_only=None)
2025-10-24 14:39:40,362 [INFO] Zookeeper connection established, state: CONNECTED
2025-10-24 14:39:40,362 [DEBUG] Kazoo connected state: CONNECTED
2025-10-24 14:39:40,362 [DEBUG] Sending request(xid=1): Exists(path='/hbase-unsecure/balancer', watcher=None)
2025-10-24 14:39:40,383 [DEBUG] Balancer state znode does not exist, assuming balancer is disabled.
2025-10-24 14:39:40,383 [DEBUG] Sending request(xid=2): Close()
2025-10-24 14:39:40,384 [INFO] Closing connection to stg-hdpsiddharth105.phonepe.nb6:2181
2025-10-24 14:39:40,384 [INFO] Zookeeper session closed, state: CLOSED
2025-10-24 14:39:40,384 [INFO] HBase balancer is currently DISABLED.
2025-10-24 14:39:40,384 [INFO] Checking for regions hosted on stg-hdpsiddharth105.phonepe.nb6...
2025-10-24 14:39:40,384 [DEBUG] Scanning hbase:meta for non-meta regions hosted on server: stg-hdpsiddharth105.phonepe.nb6,16020
2025-10-24 14:39:40,409 [DEBUG] Thrift server probe successful: stg-hdpsiddharth102.phonepe.nb6:9090
2025-10-24 14:39:40,433 [DEBUG] HappyBase connection opened successfully to stg-hdpsiddharth102.phonepe.nb6:9090.
2025-10-24 14:39:40,565 [DEBUG] Found 0 unique non-meta regions on stg-hdpsiddharth105.phonepe.nb6.
2025-10-24 14:39:40,565 [INFO] No non-meta regions found on server stg-hdpsiddharth105.phonepe.nb6.
2025-10-24 14:39:40,565 [INFO] Proceeding to stop the HBase RegionServer component on stg-hdpsiddharth105.phonepe.nb6 via Ambari...
2025-10-24 14:39:40,682 [INFO] Ambari action requested to stop HBASE_REGIONSERVER on stg-hdpsiddharth105.phonepe.nb6.
2025-10-24 14:39:40,683 [INFO] Allowing some time for Ambari to process the stop command...
2025-10-24 14:39:50,688 [INFO] Performing post-decommission checks...
2025-10-24 14:39:50,690 [DEBUG] Connecting Kazoo client to stg-hdpsiddharth102.phonepe.nb6:2181,stg-hdpsiddharth104.phonepe.nb6:2181,stg-hdpsiddharth105.phonepe.nb6:2181...
2025-10-24 14:39:50,696 [INFO] Connecting to stg-hdpsiddharth104.phonepe.nb6(10.57.40.171):2181, use_ssl: False
2025-10-24 14:39:50,717 [DEBUG] Sending request(xid=None): Connect(protocol_version=0, last_zxid_seen=0, time_out=10000, session_id=0, passwd=b'\x00\x00\x00\x00\x00\x00\x00\x00\x00\x00\x00\x00\x00\x00\x00\x00', read_only=None)
2025-10-24 14:39:50,743 [INFO] Zookeeper connection established, state: CONNECTED
2025-10-24 14:39:50,745 [DEBUG] Kazoo connected state: CONNECTED
2025-10-24 14:39:50,746 [DEBUG] Sending request(xid=1): Exists(path='/hbase-unsecure/rs', watcher=None)
2025-10-24 14:39:50,776 [DEBUG] Received response(xid=1): ZnodeStat(czxid=4294967326, mzxid=4294967326, ctime=1758625359656, mtime=1758625359656, version=0, cversion=24, aversion=0, ephemeralOwner=0, dataLength=0, numChildren=2, pzxid=12884969440)
2025-10-24 14:39:50,777 [DEBUG] Sending request(xid=2): GetChildren(path='/hbase-unsecure/rs', watcher=None)
2025-10-24 14:39:50,802 [DEBUG] Received response(xid=2): ['stg-hdpsiddharth104.phonepe.nb6,16020,1761199895657', 'stg-hdpsiddharth102.phonepe.nb6,16020,1761293738501']
2025-10-24 14:39:50,802 [DEBUG] Found 2 region servers in ZK under /hbase-unsecure/rs: ['stg-hdpsiddharth104.phonepe.nb6', 'stg-hdpsiddharth102.phonepe.nb6']
2025-10-24 14:39:50,802 [DEBUG] Sending request(xid=3): Close()
2025-10-24 14:39:50,803 [INFO] Closing connection to stg-hdpsiddharth104.phonepe.nb6:2181
2025-10-24 14:39:50,803 [INFO] Zookeeper session closed, state: CLOSED
2025-10-24 14:39:50,803 [INFO] Host stg-hdpsiddharth105.phonepe.nb6 confirmed removed from ZooKeeper /rs list.
2025-10-24 14:39:50,803 [INFO] Decommission flow completed for stg-hdpsiddharth105.phonepe.nb6 in 11.20 seconds.
2025-10-24 14:39:50,803 [INFO] AUDIT: {"timestamp_utc": "2025-10-24T09:09:50.803418Z", "user": "siddharth5.intern", "action": "decommission_complete", "details": {"host": "stg-hdpsiddharth105.phonepe.nb6", "duration_seconds": 11.202459335327148}}
2025-10-24 14:39:50,805 [INFO] Report written to logs/report_decommission_1761296990.json
2025-10-24 14:39:50,805 [DEBUG] Checking balancer state at ZK path: /hbase-unsecure/balancer
2025-10-24 14:39:50,805 [DEBUG] Connecting Kazoo client to stg-hdpsiddharth102.phonepe.nb6:2181,stg-hdpsiddharth104.phonepe.nb6:2181,stg-hdpsiddharth105.phonepe.nb6:2181...
2025-10-24 14:39:50,813 [INFO] Connecting to stg-hdpsiddharth105.phonepe.nb6(10.57.40.172):2181, use_ssl: False
2025-10-24 14:39:50,834 [DEBUG] Sending request(xid=None): Connect(protocol_version=0, last_zxid_seen=0, time_out=10000, session_id=0, passwd=b'\x00\x00\x00\x00\x00\x00\x00\x00\x00\x00\x00\x00\x00\x00\x00\x00', read_only=None)
2025-10-24 14:39:50,859 [INFO] Zookeeper connection established, state: CONNECTED
2025-10-24 14:39:50,859 [DEBUG] Kazoo connected state: CONNECTED
2025-10-24 14:39:50,860 [DEBUG] Sending request(xid=1): Exists(path='/hbase-unsecure/balancer', watcher=None)
2025-10-24 14:39:50,882 [DEBUG] Balancer state znode does not exist, assuming balancer is disabled.
2025-10-24 14:39:50,882 [DEBUG] Sending request(xid=2): Close()
2025-10-24 14:39:50,882 [INFO] Closing connection to stg-hdpsiddharth105.phonepe.nb6:2181
2025-10-24 14:39:50,883 [INFO] Zookeeper session closed, state: CLOSED
