2025-10-27 12:04:09,869 [INFO] AUDIT: {"timestamp_utc": "2025-10-27T06:34:09.869711Z", "user": "siddharth5.intern", "action": "decommission_request", "details": {"host": "stg-hdpsiddharth105.phonepe.nb6"}}
2025-10-27 12:04:09,870 [INFO] Performing pre-decommission checks...
2025-10-27 12:04:09,870 [DEBUG] Connecting Kazoo client to stg-hdpsiddharth102.phonepe.nb6:2181,stg-hdpsiddharth104.phonepe.nb6:2181,stg-hdpsiddharth105.phonepe.nb6:2181...
2025-10-27 12:04:09,878 [INFO] Connecting to stg-hdpsiddharth105.phonepe.nb6(10.57.40.172):2181, use_ssl: False
2025-10-27 12:04:09,899 [DEBUG] Sending request(xid=None): Connect(protocol_version=0, last_zxid_seen=0, time_out=10000, session_id=0, passwd=b'\x00\x00\x00\x00\x00\x00\x00\x00\x00\x00\x00\x00\x00\x00\x00\x00', read_only=None)
2025-10-27 12:04:09,928 [INFO] Zookeeper connection established, state: CONNECTED
2025-10-27 12:04:09,928 [DEBUG] Kazoo connected state: CONNECTED
2025-10-27 12:04:09,971 [DEBUG] Sending request(xid=1): Close()
2025-10-27 12:04:09,972 [INFO] Closing connection to stg-hdpsiddharth105.phonepe.nb6:2181
2025-10-27 12:04:09,972 [INFO] Zookeeper session closed, state: CLOSED
2025-10-27 12:04:09,972 [INFO] ZooKeeper check: OK=True, Details={'state': 'CONNECTED', 'server_version': (3, 5, 10)}
2025-10-27 12:04:09,972 [INFO] Skipping HDFS health check.
2025-10-27 12:04:09,972 [INFO] Checking active HBase Master via ZooKeeper...
2025-10-27 12:04:09,972 [DEBUG] Connecting Kazoo client to stg-hdpsiddharth102.phonepe.nb6:2181,stg-hdpsiddharth104.phonepe.nb6:2181,stg-hdpsiddharth105.phonepe.nb6:2181...
2025-10-27 12:04:09,977 [INFO] Connecting to stg-hdpsiddharth102.phonepe.nb6(10.57.40.169):2181, use_ssl: False
2025-10-27 12:04:09,999 [DEBUG] Sending request(xid=None): Connect(protocol_version=0, last_zxid_seen=0, time_out=10000, session_id=0, passwd=b'\x00\x00\x00\x00\x00\x00\x00\x00\x00\x00\x00\x00\x00\x00\x00\x00', read_only=None)
2025-10-27 12:04:10,020 [INFO] Zookeeper connection established, state: CONNECTED
2025-10-27 12:04:10,020 [DEBUG] Kazoo connected state: CONNECTED
2025-10-27 12:04:10,020 [DEBUG] Sending request(xid=1): Exists(path='/hbase-unsecure/master', watcher=None)
2025-10-27 12:04:10,041 [DEBUG] Received response(xid=1): ZnodeStat(czxid=12884948838, mzxid=12884948838, ctime=1760685762347, mtime=1760685762347, version=0, cversion=0, aversion=0, ephemeralOwner=72213291896560244, dataLength=79, numChildren=0, pzxid=12884948838)
2025-10-27 12:04:10,041 [DEBUG] Sending request(xid=2): GetData(path='/hbase-unsecure/master', watcher=None)
2025-10-27 12:04:10,063 [DEBUG] Received response(xid=2): (b'\xff\x00\x00\x00\x14master:16000\xba\xdb\x90\x98\x1b\xc3}\x8bPBUF\n+\n\x1fstg-hdpsiddharth102.phonepe.nb6\x10\x80}\x18\xc5\xa8\xb2\x88\x9f3\x10\x00\x18\x8a}', ZnodeStat(czxid=12884948838, mzxid=12884948838, ctime=1760685762347, mtime=1760685762347, version=0, cversion=0, aversion=0, ephemeralOwner=72213291896560244, dataLength=79, numChildren=0, pzxid=12884948838))
2025-10-27 12:04:10,063 [DEBUG] Raw data from ZK node /hbase-unsecure/master: b'\xff\x00\x00\x00\x14master:16000\xba\xdb\x90\x98\x1b\xc3}\x8bPBUF\n+\n\x1fstg-hdpsiddharth102.phonepe.nb6\x10\x80}\x18\xc5\xa8\xb2\x88\x9f3\x10\x00\x18\x8a}'
2025-10-27 12:04:10,064 [INFO] Active HBase Master found at stg-hdpsiddharth102.phonepe.nb6 via ZK node /hbase-unsecure/master.
2025-10-27 12:04:10,064 [DEBUG] Sending request(xid=3): Close()
2025-10-27 12:04:10,064 [INFO] Closing connection to stg-hdpsiddharth102.phonepe.nb6:2181
2025-10-27 12:04:10,064 [INFO] Zookeeper session closed, state: CLOSED
2025-10-27 12:04:10,064 [INFO] HBase Master ZK check: OK=True, Message=Active HBase Master found at stg-hdpsiddharth102.phonepe.nb6 via ZK node /hbase-unsecure/master.
2025-10-27 12:04:10,064 [INFO] Active HBase Master is stg-hdpsiddharth102.phonepe.nb6 via ZK.
2025-10-27 12:04:10,064 [DEBUG] Connecting Kazoo client to stg-hdpsiddharth102.phonepe.nb6:2181,stg-hdpsiddharth104.phonepe.nb6:2181,stg-hdpsiddharth105.phonepe.nb6:2181...
2025-10-27 12:04:10,069 [INFO] Connecting to stg-hdpsiddharth105.phonepe.nb6(10.57.40.172):2181, use_ssl: False
2025-10-27 12:04:10,090 [DEBUG] Sending request(xid=None): Connect(protocol_version=0, last_zxid_seen=0, time_out=10000, session_id=0, passwd=b'\x00\x00\x00\x00\x00\x00\x00\x00\x00\x00\x00\x00\x00\x00\x00\x00', read_only=None)
2025-10-27 12:04:10,111 [INFO] Zookeeper connection established, state: CONNECTED
2025-10-27 12:04:10,111 [DEBUG] Kazoo connected state: CONNECTED
2025-10-27 12:04:10,111 [DEBUG] Sending request(xid=1): Exists(path='/hbase-unsecure/meta-region-server', watcher=None)
2025-10-27 12:04:10,132 [DEBUG] Received response(xid=1): ZnodeStat(czxid=4294967363, mzxid=12884978490, ctime=1758625365810, mtime=1761546531976, version=49, cversion=0, aversion=0, ephemeralOwner=0, dataLength=78, numChildren=0, pzxid=4294967363)
2025-10-27 12:04:10,132 [DEBUG] Sending request(xid=2): GetData(path='/hbase-unsecure/meta-region-server', watcher=None)
2025-10-27 12:04:10,153 [DEBUG] Received response(xid=2): (b'\xff\x00\x00\x00\x14master:16000\xc2\xb9\x81\x1fr\xffc4PBUF\n+\n\x1fstg-hdpsiddharth105.phonepe.nb6\x10\x94}\x18\xff\xe3\xd9\xa2\xa23\x10\x00\x18\x03', ZnodeStat(czxid=4294967363, mzxid=12884978490, ctime=1758625365810, mtime=1761546531976, version=49, cversion=0, aversion=0, ephemeralOwner=0, dataLength=78, numChildren=0, pzxid=4294967363))
2025-10-27 12:04:10,154 [DEBUG] Raw data from ZK node /hbase-unsecure/meta-region-server: b'\xff\x00\x00\x00\x14master:16000\xc2\xb9\x81\x1fr\xffc4PBUF\n+\n\x1fstg-hdpsiddharth105.phonepe.nb6\x10\x94}\x18\xff\xe3\xd9\xa2\xa23\x10\x00\x18\x03'
2025-10-27 12:04:10,154 [INFO] Found meta-region-server at stg-hdpsiddharth105.phonepe.nb6 from ZK (regex match).
2025-10-27 12:04:10,154 [DEBUG] Sending request(xid=3): Close()
2025-10-27 12:04:10,154 [INFO] Closing connection to stg-hdpsiddharth105.phonepe.nb6:2181
2025-10-27 12:04:10,154 [INFO] Zookeeper session closed, state: CLOSED
2025-10-27 12:04:10,154 [INFO] hbase:meta region is hosted on: stg-hdpsiddharth105.phonepe.nb6
2025-10-27 12:04:10,154 [WARNING] WARNING: Target server stg-hdpsiddharth105.phonepe.nb6 hosts hbase:meta. Proceeding with decommission, but this is risky.
2025-10-27 12:04:10,154 [INFO] Checking current state and ZK registration of stg-hdpsiddharth105.phonepe.nb6...
2025-10-27 12:04:10,154 [DEBUG] Getting Ambari state for HBASE_REGIONSERVER on stg-hdpsiddharth105.phonepe.nb6
2025-10-27 12:04:10,217 [DEBUG] Ambari state for HBASE_REGIONSERVER on stg-hdpsiddharth105.phonepe.nb6 is 'STARTED'
2025-10-27 12:04:10,217 [DEBUG] Connecting Kazoo client to stg-hdpsiddharth102.phonepe.nb6:2181,stg-hdpsiddharth104.phonepe.nb6:2181,stg-hdpsiddharth105.phonepe.nb6:2181...
2025-10-27 12:04:10,222 [INFO] Connecting to stg-hdpsiddharth104.phonepe.nb6(10.57.40.171):2181, use_ssl: False
2025-10-27 12:04:10,247 [DEBUG] Sending request(xid=None): Connect(protocol_version=0, last_zxid_seen=0, time_out=10000, session_id=0, passwd=b'\x00\x00\x00\x00\x00\x00\x00\x00\x00\x00\x00\x00\x00\x00\x00\x00', read_only=None)
2025-10-27 12:04:10,273 [INFO] Zookeeper connection established, state: CONNECTED
2025-10-27 12:04:10,273 [DEBUG] Kazoo connected state: CONNECTED
2025-10-27 12:04:10,273 [DEBUG] Sending request(xid=1): Exists(path='/hbase-unsecure/rs', watcher=None)
2025-10-27 12:04:10,294 [DEBUG] Received response(xid=1): ZnodeStat(czxid=4294967326, mzxid=4294967326, ctime=1758625359656, mtime=1758625359656, version=0, cversion=45, aversion=0, ephemeralOwner=0, dataLength=0, numChildren=3, pzxid=12884978469)
2025-10-27 12:04:10,294 [DEBUG] Sending request(xid=2): GetChildren(path='/hbase-unsecure/rs', watcher=None)
2025-10-27 12:04:10,315 [DEBUG] Received response(xid=2): ['stg-hdpsiddharth105.phonepe.nb6,16020,1761546236415', 'stg-hdpsiddharth104.phonepe.nb6,16020,1761536614565', 'stg-hdpsiddharth102.phonepe.nb6,16020,1761293738501']
2025-10-27 12:04:10,316 [DEBUG] Found 3 region servers in ZK under /hbase-unsecure/rs: ['stg-hdpsiddharth105.phonepe.nb6', 'stg-hdpsiddharth104.phonepe.nb6', 'stg-hdpsiddharth102.phonepe.nb6']
2025-10-27 12:04:10,316 [DEBUG] Sending request(xid=3): Close()
2025-10-27 12:04:10,317 [INFO] Closing connection to stg-hdpsiddharth104.phonepe.nb6:2181
2025-10-27 12:04:10,317 [INFO] Zookeeper session closed, state: CLOSED
2025-10-27 12:04:10,318 [INFO] Target RegionServer stg-hdpsiddharth105.phonepe.nb6 is STARTED and registered in ZK.
2025-10-27 12:04:10,318 [INFO] Found 2 other live RegionServers: ['stg-hdpsiddharth104.phonepe.nb6', 'stg-hdpsiddharth102.phonepe.nb6']
2025-10-27 12:04:10,318 [INFO] Checking for regions in transition (RIT)...
2025-10-27 12:04:10,318 [DEBUG] Checking for regions in transition (RIT) in ZK...
2025-10-27 12:04:10,319 [DEBUG] Connecting Kazoo client to stg-hdpsiddharth102.phonepe.nb6:2181,stg-hdpsiddharth104.phonepe.nb6:2181,stg-hdpsiddharth105.phonepe.nb6:2181...
2025-10-27 12:04:10,322 [INFO] Connecting to stg-hdpsiddharth102.phonepe.nb6(10.57.40.169):2181, use_ssl: False
2025-10-27 12:04:10,346 [DEBUG] Sending request(xid=None): Connect(protocol_version=0, last_zxid_seen=0, time_out=10000, session_id=0, passwd=b'\x00\x00\x00\x00\x00\x00\x00\x00\x00\x00\x00\x00\x00\x00\x00\x00', read_only=None)
2025-10-27 12:04:10,370 [INFO] Zookeeper connection established, state: CONNECTED
2025-10-27 12:04:10,370 [DEBUG] Kazoo connected state: CONNECTED
2025-10-27 12:04:10,371 [DEBUG] Sending request(xid=1): Exists(path='/hbase-unsecure/region-in-transition', watcher=None)
2025-10-27 12:04:10,396 [DEBUG] RIT znode '/hbase-unsecure/region-in-transition' does not exist.
2025-10-27 12:04:10,396 [DEBUG] Sending request(xid=2): Exists(path='/hbase-unsecure/rit', watcher=None)
2025-10-27 12:04:10,419 [DEBUG] RIT znode '/hbase-unsecure/rit' does not exist.
2025-10-27 12:04:10,419 [DEBUG] No RIT znodes found, assuming 0 regions in transition.
2025-10-27 12:04:10,420 [DEBUG] Sending request(xid=3): Close()
2025-10-27 12:04:10,420 [INFO] Closing connection to stg-hdpsiddharth102.phonepe.nb6:2181
2025-10-27 12:04:10,420 [INFO] Zookeeper session closed, state: CLOSED
2025-10-27 12:04:10,421 [INFO] Found 0 regions in transition.
2025-10-27 12:04:10,421 [INFO] Checking HBase balancer state...
2025-10-27 12:04:10,421 [DEBUG] Checking balancer state via existence of ZK path: /hbase-unsecure/balancer
2025-10-27 12:04:10,421 [DEBUG] Connecting Kazoo client to stg-hdpsiddharth102.phonepe.nb6:2181,stg-hdpsiddharth104.phonepe.nb6:2181,stg-hdpsiddharth105.phonepe.nb6:2181...
2025-10-27 12:04:10,424 [INFO] Connecting to stg-hdpsiddharth105.phonepe.nb6(10.57.40.172):2181, use_ssl: False
2025-10-27 12:04:10,445 [DEBUG] Sending request(xid=None): Connect(protocol_version=0, last_zxid_seen=0, time_out=10000, session_id=0, passwd=b'\x00\x00\x00\x00\x00\x00\x00\x00\x00\x00\x00\x00\x00\x00\x00\x00', read_only=None)
2025-10-27 12:04:10,468 [INFO] Zookeeper connection established, state: CONNECTED
2025-10-27 12:04:10,468 [DEBUG] Kazoo connected state: CONNECTED
2025-10-27 12:04:10,469 [DEBUG] Sending request(xid=1): Exists(path='/hbase-unsecure/balancer', watcher=None)
2025-10-27 12:04:10,489 [DEBUG] Received response(xid=1): ZnodeStat(czxid=12884977743, mzxid=12884978511, ctime=1761534436856, mtime=1761546719330, version=13, cversion=0, aversion=0, ephemeralOwner=0, dataLength=31, numChildren=0, pzxid=12884977743)
2025-10-27 12:04:10,489 [DEBUG] Balancer znode '/hbase-unsecure/balancer' exists, assuming balancer is ENABLED.
2025-10-27 12:04:10,489 [DEBUG] Sending request(xid=2): Close()
2025-10-27 12:04:10,489 [INFO] Closing connection to stg-hdpsiddharth105.phonepe.nb6:2181
2025-10-27 12:04:10,489 [INFO] Zookeeper session closed, state: CLOSED
2025-10-27 12:04:10,490 [INFO] HBase balancer is currently ENABLED.
2025-10-27 12:04:10,490 [INFO] Disabling HBase balancer before region migration...
2025-10-27 12:04:10,490 [INFO] Disabling HBase balancer via Salt on stg-hdpsiddharth104.phonepe.nb6...
2025-10-27 12:04:10,490 [INFO] Requesting new Salt API token from https://stg-hdpsiddharth103.phonepe.nb6:8000 for user 'saltapiuser'...
2025-10-27 12:04:10,790 [INFO] Successfully obtained Salt API token.
2025-10-27 12:04:10,791 [INFO] Executing Salt command: tgt='stg-hdpsiddharth104.phonepe.nb6', fun='cmd.run', args='["echo 'balance_switch false' | hbase shell -n"]'
2025-10-27 12:04:24,465 [DEBUG] Raw Salt command result: {'stg-hdpsiddharth104.phonepe.nb6': '/usr/odp/3.2.2.0-1/hadoop/libexec/hadoop-functions.sh: line 2401: HADOOP_ORG.APACHE.HADOOP.HBASE.UTIL.GETJAVAPROPERTY_USER: invalid variable name\n/usr/odp/3.2.2.0-1/hadoop/libexec/hadoop-functions.sh: line 2366: HADOOP_ORG.APACHE.HADOOP.HBASE.UTIL.GETJAVAPROPERTY_USER: invalid variable name\n/usr/odp/3.2.2.0-1/hadoop/libexec/hadoop-functions.sh: line 2461: HADOOP_ORG.APACHE.HADOOP.HBASE.UTIL.GETJAVAPROPERTY_OPTS: invalid variable name\nSLF4J: Class path contains multiple SLF4J bindings.\nSLF4J: Found binding in [jar:file:/usr/odp/3.2.2.0-1/hbase/lib/client-facing-thirdparty/slf4j-reload4j-1.7.33.jar!/org/slf4j/impl/StaticLoggerBinder.class]\nSLF4J: Found binding in [jar:file:/usr/odp/3.2.2.0-1/hadoop/lib/slf4j-log4j12-1.7.25.jar!/org/slf4j/impl/StaticLoggerBinder.class]\nSLF4J: See http://www.slf4j.org/codes.html#multiple_bindings for an explanation.\nSLF4J: Actual binding is of type [org.slf4j.impl.Reload4jLoggerFactory]\nhbase:001:0> balance_switch false\nPrevious balancer state : false\nTook 0.6509 seconds\n=> false\nhbase:002:0>'}
2025-10-27 12:04:24,465 [INFO] Salt cmd.run output from 'stg-hdpsiddharth104.phonepe.nb6': /usr/odp/3.2.2.0-1/hadoop/libexec/hadoop-functions.sh: line 2401: HADOOP_ORG.APACHE.HADOOP.HBASE.UTIL.GETJAVAPROPERTY_USER: invalid variable name
/usr/odp/3.2.2.0-1/hadoop/libexec/hadoop-functions.sh: line 2366: HADOOP_ORG.APACHE.HADOOP.HBASE.UTIL.GETJAVAPROPERTY_USER: invalid variable name
/usr/odp/3.2.2.0-1/hadoop/libexec/hadoop-functions.sh: line 2461: HADOOP_ORG.APACHE.HADOOP.HBASE.UTIL.GETJAVAPROPERTY_OPTS: invalid variable name
SLF4J: Class path contains multiple SLF4J bindings.
SLF4J: Fou...
2025-10-27 12:04:24,467 [INFO] HBase balancer state change to False requested successfully.
2025-10-27 12:04:27,473 [DEBUG] Checking balancer state via existence of ZK path: /hbase-unsecure/balancer
2025-10-27 12:04:27,475 [DEBUG] Connecting Kazoo client to stg-hdpsiddharth102.phonepe.nb6:2181,stg-hdpsiddharth104.phonepe.nb6:2181,stg-hdpsiddharth105.phonepe.nb6:2181...
2025-10-27 12:04:27,482 [INFO] Connecting to stg-hdpsiddharth102.phonepe.nb6(10.57.40.169):2181, use_ssl: False
2025-10-27 12:04:27,504 [DEBUG] Sending request(xid=None): Connect(protocol_version=0, last_zxid_seen=0, time_out=10000, session_id=0, passwd=b'\x00\x00\x00\x00\x00\x00\x00\x00\x00\x00\x00\x00\x00\x00\x00\x00', read_only=None)
2025-10-27 12:04:27,550 [INFO] Zookeeper connection established, state: CONNECTED
2025-10-27 12:04:27,551 [DEBUG] Kazoo connected state: CONNECTED
2025-10-27 12:04:27,552 [DEBUG] Sending request(xid=1): Exists(path='/hbase-unsecure/balancer', watcher=None)
2025-10-27 12:04:27,574 [DEBUG] Received response(xid=1): ZnodeStat(czxid=12884977743, mzxid=12884978546, ctime=1761534436856, mtime=1761546863924, version=14, cversion=0, aversion=0, ephemeralOwner=0, dataLength=31, numChildren=0, pzxid=12884977743)
2025-10-27 12:04:27,574 [DEBUG] Balancer znode '/hbase-unsecure/balancer' exists, assuming balancer is ENABLED.
2025-10-27 12:04:27,575 [DEBUG] Sending request(xid=2): Close()
2025-10-27 12:04:27,576 [INFO] Closing connection to stg-hdpsiddharth102.phonepe.nb6:2181
2025-10-27 12:04:27,576 [INFO] Zookeeper session closed, state: CLOSED
2025-10-27 12:04:27,578 [WARNING] Balancer state in ZK (True) does not match desired state (False) shortly after command execution.
2025-10-27 12:04:27,578 [INFO] Checking for regions hosted on stg-hdpsiddharth105.phonepe.nb6...
2025-10-27 12:04:27,578 [DEBUG] Scanning hbase:meta for non-meta regions hosted on server: stg-hdpsiddharth105.phonepe.nb6,16020
2025-10-27 12:04:27,609 [DEBUG] Thrift server probe successful: stg-hdpsiddharth102.phonepe.nb6:9090
2025-10-27 12:04:27,634 [DEBUG] HappyBase connection opened successfully to stg-hdpsiddharth102.phonepe.nb6:9090.
2025-10-27 12:04:27,742 [DEBUG] Found 0 unique non-meta regions on stg-hdpsiddharth105.phonepe.nb6.
2025-10-27 12:04:27,746 [INFO] No non-meta regions found on server stg-hdpsiddharth105.phonepe.nb6.
2025-10-27 12:04:27,746 [INFO] Proceeding to stop the HBase RegionServer component on stg-hdpsiddharth105.phonepe.nb6 via Ambari...
2025-10-27 12:04:29,318 [INFO] Ambari action requested to stop HBASE_REGIONSERVER on stg-hdpsiddharth105.phonepe.nb6.
2025-10-27 12:04:29,319 [INFO] Allowing some time for Ambari to process the stop command...
2025-10-27 12:04:39,323 [INFO] Re-enabling HBase balancer...
2025-10-27 12:04:39,325 [INFO] Enabling HBase balancer via Salt on stg-hdpsiddharth104.phonepe.nb6...
2025-10-27 12:04:39,325 [DEBUG] Using cached Salt API token.
2025-10-27 12:04:39,326 [INFO] Executing Salt command: tgt='stg-hdpsiddharth104.phonepe.nb6', fun='cmd.run', args='["echo 'balance_switch true' | hbase shell -n"]'
2025-10-27 12:04:52,755 [DEBUG] Raw Salt command result: {'stg-hdpsiddharth104.phonepe.nb6': '/usr/odp/3.2.2.0-1/hadoop/libexec/hadoop-functions.sh: line 2401: HADOOP_ORG.APACHE.HADOOP.HBASE.UTIL.GETJAVAPROPERTY_USER: invalid variable name\n/usr/odp/3.2.2.0-1/hadoop/libexec/hadoop-functions.sh: line 2366: HADOOP_ORG.APACHE.HADOOP.HBASE.UTIL.GETJAVAPROPERTY_USER: invalid variable name\n/usr/odp/3.2.2.0-1/hadoop/libexec/hadoop-functions.sh: line 2461: HADOOP_ORG.APACHE.HADOOP.HBASE.UTIL.GETJAVAPROPERTY_OPTS: invalid variable name\nSLF4J: Class path contains multiple SLF4J bindings.\nSLF4J: Found binding in [jar:file:/usr/odp/3.2.2.0-1/hbase/lib/client-facing-thirdparty/slf4j-reload4j-1.7.33.jar!/org/slf4j/impl/StaticLoggerBinder.class]\nSLF4J: Found binding in [jar:file:/usr/odp/3.2.2.0-1/hadoop/lib/slf4j-log4j12-1.7.25.jar!/org/slf4j/impl/StaticLoggerBinder.class]\nSLF4J: See http://www.slf4j.org/codes.html#multiple_bindings for an explanation.\nSLF4J: Actual binding is of type [org.slf4j.impl.Reload4jLoggerFactory]\nhbase:001:0> balance_switch true\nPrevious balancer state : false\nTook 0.6293 seconds\n=> false\nhbase:002:0>'}
2025-10-27 12:04:52,758 [INFO] Salt cmd.run output from 'stg-hdpsiddharth104.phonepe.nb6': /usr/odp/3.2.2.0-1/hadoop/libexec/hadoop-functions.sh: line 2401: HADOOP_ORG.APACHE.HADOOP.HBASE.UTIL.GETJAVAPROPERTY_USER: invalid variable name
/usr/odp/3.2.2.0-1/hadoop/libexec/hadoop-functions.sh: line 2366: HADOOP_ORG.APACHE.HADOOP.HBASE.UTIL.GETJAVAPROPERTY_USER: invalid variable name
/usr/odp/3.2.2.0-1/hadoop/libexec/hadoop-functions.sh: line 2461: HADOOP_ORG.APACHE.HADOOP.HBASE.UTIL.GETJAVAPROPERTY_OPTS: invalid variable name
SLF4J: Class path contains multiple SLF4J bindings.
SLF4J: Fou...
2025-10-27 12:04:52,760 [INFO] HBase balancer state change to True requested successfully.
2025-10-27 12:04:55,761 [DEBUG] Checking balancer state via existence of ZK path: /hbase-unsecure/balancer
2025-10-27 12:04:55,763 [DEBUG] Connecting Kazoo client to stg-hdpsiddharth102.phonepe.nb6:2181,stg-hdpsiddharth104.phonepe.nb6:2181,stg-hdpsiddharth105.phonepe.nb6:2181...
2025-10-27 12:04:55,767 [INFO] Connecting to stg-hdpsiddharth105.phonepe.nb6(10.57.40.172):2181, use_ssl: False
2025-10-27 12:04:55,792 [DEBUG] Sending request(xid=None): Connect(protocol_version=0, last_zxid_seen=0, time_out=10000, session_id=0, passwd=b'\x00\x00\x00\x00\x00\x00\x00\x00\x00\x00\x00\x00\x00\x00\x00\x00', read_only=None)
2025-10-27 12:04:55,815 [INFO] Zookeeper connection established, state: CONNECTED
2025-10-27 12:04:55,816 [DEBUG] Kazoo connected state: CONNECTED
2025-10-27 12:04:55,817 [DEBUG] Sending request(xid=1): Exists(path='/hbase-unsecure/balancer', watcher=None)
2025-10-27 12:04:55,838 [DEBUG] Received response(xid=1): ZnodeStat(czxid=12884977743, mzxid=12884978558, ctime=1761534436856, mtime=1761546892197, version=15, cversion=0, aversion=0, ephemeralOwner=0, dataLength=31, numChildren=0, pzxid=12884977743)
2025-10-27 12:04:55,839 [DEBUG] Balancer znode '/hbase-unsecure/balancer' exists, assuming balancer is ENABLED.
2025-10-27 12:04:55,840 [DEBUG] Sending request(xid=2): Close()
2025-10-27 12:04:55,840 [INFO] Closing connection to stg-hdpsiddharth105.phonepe.nb6:2181
2025-10-27 12:04:55,840 [INFO] Zookeeper session closed, state: CLOSED
2025-10-27 12:04:55,843 [INFO] Balancer state confirmed as True in ZK.
2025-10-27 12:04:55,843 [INFO] Performing post-decommission checks...
2025-10-27 12:04:55,844 [DEBUG] Connecting Kazoo client to stg-hdpsiddharth102.phonepe.nb6:2181,stg-hdpsiddharth104.phonepe.nb6:2181,stg-hdpsiddharth105.phonepe.nb6:2181...
2025-10-27 12:04:55,856 [INFO] Connecting to stg-hdpsiddharth105.phonepe.nb6(10.57.40.172):2181, use_ssl: False
2025-10-27 12:04:55,883 [DEBUG] Sending request(xid=None): Connect(protocol_version=0, last_zxid_seen=0, time_out=10000, session_id=0, passwd=b'\x00\x00\x00\x00\x00\x00\x00\x00\x00\x00\x00\x00\x00\x00\x00\x00', read_only=None)
2025-10-27 12:04:55,907 [INFO] Zookeeper connection established, state: CONNECTED
2025-10-27 12:04:55,908 [DEBUG] Kazoo connected state: CONNECTED
2025-10-27 12:04:55,908 [DEBUG] Sending request(xid=1): Exists(path='/hbase-unsecure/rs', watcher=None)
2025-10-27 12:04:55,929 [DEBUG] Received response(xid=1): ZnodeStat(czxid=4294967326, mzxid=4294967326, ctime=1758625359656, mtime=1758625359656, version=0, cversion=46, aversion=0, ephemeralOwner=0, dataLength=0, numChildren=2, pzxid=12884978549)
2025-10-27 12:04:55,929 [DEBUG] Sending request(xid=2): GetChildren(path='/hbase-unsecure/rs', watcher=None)
2025-10-27 12:04:55,952 [DEBUG] Received response(xid=2): ['stg-hdpsiddharth104.phonepe.nb6,16020,1761536614565', 'stg-hdpsiddharth102.phonepe.nb6,16020,1761293738501']
2025-10-27 12:04:55,952 [DEBUG] Found 2 region servers in ZK under /hbase-unsecure/rs: ['stg-hdpsiddharth104.phonepe.nb6', 'stg-hdpsiddharth102.phonepe.nb6']
2025-10-27 12:04:55,952 [DEBUG] Sending request(xid=3): Close()
2025-10-27 12:04:55,952 [INFO] Closing connection to stg-hdpsiddharth105.phonepe.nb6:2181
2025-10-27 12:04:55,952 [INFO] Zookeeper session closed, state: CLOSED
2025-10-27 12:04:55,952 [INFO] Host stg-hdpsiddharth105.phonepe.nb6 confirmed removed from ZooKeeper /rs list.
2025-10-27 12:04:55,952 [INFO] Decommission flow completed for stg-hdpsiddharth105.phonepe.nb6 in 46.08 seconds.
2025-10-27 12:04:55,952 [INFO] AUDIT: {"timestamp_utc": "2025-10-27T06:34:55.952791Z", "user": "siddharth5.intern", "action": "decommission_complete", "details": {"host": "stg-hdpsiddharth105.phonepe.nb6", "duration_seconds": 46.08252191543579}}
2025-10-27 12:04:55,954 [INFO] Report written to logs/report_decommission_1761546895.json
2025-10-27 12:04:55,954 [DEBUG] Checking balancer state via existence of ZK path: /hbase-unsecure/balancer
2025-10-27 12:04:55,954 [DEBUG] Connecting Kazoo client to stg-hdpsiddharth102.phonepe.nb6:2181,stg-hdpsiddharth104.phonepe.nb6:2181,stg-hdpsiddharth105.phonepe.nb6:2181...
2025-10-27 12:04:55,960 [INFO] Connecting to stg-hdpsiddharth104.phonepe.nb6(10.57.40.171):2181, use_ssl: False
2025-10-27 12:04:55,982 [DEBUG] Sending request(xid=None): Connect(protocol_version=0, last_zxid_seen=0, time_out=10000, session_id=0, passwd=b'\x00\x00\x00\x00\x00\x00\x00\x00\x00\x00\x00\x00\x00\x00\x00\x00', read_only=None)
2025-10-27 12:04:56,008 [INFO] Zookeeper connection established, state: CONNECTED
2025-10-27 12:04:56,008 [DEBUG] Kazoo connected state: CONNECTED
2025-10-27 12:04:56,008 [DEBUG] Sending request(xid=1): Exists(path='/hbase-unsecure/balancer', watcher=None)
2025-10-27 12:04:56,029 [DEBUG] Received response(xid=1): ZnodeStat(czxid=12884977743, mzxid=12884978558, ctime=1761534436856, mtime=1761546892197, version=15, cversion=0, aversion=0, ephemeralOwner=0, dataLength=31, numChildren=0, pzxid=12884977743)
2025-10-27 12:04:56,029 [DEBUG] Balancer znode '/hbase-unsecure/balancer' exists, assuming balancer is ENABLED.
2025-10-27 12:04:56,029 [DEBUG] Sending request(xid=2): Close()
2025-10-27 12:04:56,029 [INFO] Closing connection to stg-hdpsiddharth104.phonepe.nb6:2181
2025-10-27 12:04:56,030 [INFO] Zookeeper session closed, state: CLOSED
