2025-10-27 11:31:35,405 [INFO] AUDIT: {"timestamp_utc": "2025-10-27T06:01:35.405444Z", "user": "siddharth5.intern", "action": "decommission_request", "details": {"host": "stg-hdpsiddharth105.phonepe.nb6"}}
2025-10-27 11:31:35,406 [INFO] Performing pre-decommission checks...
2025-10-27 11:31:35,406 [DEBUG] Connecting Kazoo client to stg-hdpsiddharth102.phonepe.nb6:2181,stg-hdpsiddharth104.phonepe.nb6:2181,stg-hdpsiddharth105.phonepe.nb6:2181...
2025-10-27 11:31:35,412 [INFO] Connecting to stg-hdpsiddharth105.phonepe.nb6(10.57.40.172):2181, use_ssl: False
2025-10-27 11:31:35,436 [DEBUG] Sending request(xid=None): Connect(protocol_version=0, last_zxid_seen=0, time_out=10000, session_id=0, passwd=b'\x00\x00\x00\x00\x00\x00\x00\x00\x00\x00\x00\x00\x00\x00\x00\x00', read_only=None)
2025-10-27 11:31:35,472 [INFO] Zookeeper connection established, state: CONNECTED
2025-10-27 11:31:35,472 [DEBUG] Kazoo connected state: CONNECTED
2025-10-27 11:31:35,530 [DEBUG] Sending request(xid=1): Close()
2025-10-27 11:31:35,530 [INFO] Closing connection to stg-hdpsiddharth105.phonepe.nb6:2181
2025-10-27 11:31:35,530 [INFO] Zookeeper session closed, state: CLOSED
2025-10-27 11:31:35,530 [INFO] ZooKeeper check: OK=True, Details={'state': 'CONNECTED', 'server_version': (3, 5, 10)}
2025-10-27 11:31:35,530 [INFO] Skipping HDFS health check.
2025-10-27 11:31:35,530 [INFO] Checking active HBase Master via ZooKeeper...
2025-10-27 11:31:35,531 [DEBUG] Connecting Kazoo client to stg-hdpsiddharth102.phonepe.nb6:2181,stg-hdpsiddharth104.phonepe.nb6:2181,stg-hdpsiddharth105.phonepe.nb6:2181...
2025-10-27 11:31:35,533 [INFO] Connecting to stg-hdpsiddharth102.phonepe.nb6(10.57.40.169):2181, use_ssl: False
2025-10-27 11:31:35,554 [DEBUG] Sending request(xid=None): Connect(protocol_version=0, last_zxid_seen=0, time_out=10000, session_id=0, passwd=b'\x00\x00\x00\x00\x00\x00\x00\x00\x00\x00\x00\x00\x00\x00\x00\x00', read_only=None)
2025-10-27 11:31:35,574 [INFO] Zookeeper connection established, state: CONNECTED
2025-10-27 11:31:35,574 [DEBUG] Kazoo connected state: CONNECTED
2025-10-27 11:31:35,574 [DEBUG] Sending request(xid=1): Exists(path='/hbase-unsecure/master', watcher=None)
2025-10-27 11:31:35,595 [DEBUG] Received response(xid=1): ZnodeStat(czxid=12884948838, mzxid=12884948838, ctime=1760685762347, mtime=1760685762347, version=0, cversion=0, aversion=0, ephemeralOwner=72213291896560244, dataLength=79, numChildren=0, pzxid=12884948838)
2025-10-27 11:31:35,596 [DEBUG] Sending request(xid=2): GetData(path='/hbase-unsecure/master', watcher=None)
2025-10-27 11:31:35,616 [DEBUG] Received response(xid=2): (b'\xff\x00\x00\x00\x14master:16000\xba\xdb\x90\x98\x1b\xc3}\x8bPBUF\n+\n\x1fstg-hdpsiddharth102.phonepe.nb6\x10\x80}\x18\xc5\xa8\xb2\x88\x9f3\x10\x00\x18\x8a}', ZnodeStat(czxid=12884948838, mzxid=12884948838, ctime=1760685762347, mtime=1760685762347, version=0, cversion=0, aversion=0, ephemeralOwner=72213291896560244, dataLength=79, numChildren=0, pzxid=12884948838))
2025-10-27 11:31:35,616 [DEBUG] Raw data from ZK node /hbase-unsecure/master: b'\xff\x00\x00\x00\x14master:16000\xba\xdb\x90\x98\x1b\xc3}\x8bPBUF\n+\n\x1fstg-hdpsiddharth102.phonepe.nb6\x10\x80}\x18\xc5\xa8\xb2\x88\x9f3\x10\x00\x18\x8a}'
2025-10-27 11:31:35,616 [INFO] Active HBase Master found at stg-hdpsiddharth102.phonepe.nb6 via ZK node /hbase-unsecure/master.
2025-10-27 11:31:35,616 [DEBUG] Sending request(xid=3): Close()
2025-10-27 11:31:35,616 [INFO] Closing connection to stg-hdpsiddharth102.phonepe.nb6:2181
2025-10-27 11:31:35,616 [INFO] Zookeeper session closed, state: CLOSED
2025-10-27 11:31:35,616 [INFO] HBase Master ZK check: OK=True, Message=Active HBase Master found at stg-hdpsiddharth102.phonepe.nb6 via ZK node /hbase-unsecure/master.
2025-10-27 11:31:35,616 [INFO] Active HBase Master is stg-hdpsiddharth102.phonepe.nb6 via ZK.
2025-10-27 11:31:35,616 [DEBUG] Connecting Kazoo client to stg-hdpsiddharth102.phonepe.nb6:2181,stg-hdpsiddharth104.phonepe.nb6:2181,stg-hdpsiddharth105.phonepe.nb6:2181...
2025-10-27 11:31:35,620 [INFO] Connecting to stg-hdpsiddharth104.phonepe.nb6(10.57.40.171):2181, use_ssl: False
2025-10-27 11:31:35,640 [DEBUG] Sending request(xid=None): Connect(protocol_version=0, last_zxid_seen=0, time_out=10000, session_id=0, passwd=b'\x00\x00\x00\x00\x00\x00\x00\x00\x00\x00\x00\x00\x00\x00\x00\x00', read_only=None)
2025-10-27 11:31:35,702 [INFO] Zookeeper connection established, state: CONNECTED
2025-10-27 11:31:35,702 [DEBUG] Kazoo connected state: CONNECTED
2025-10-27 11:31:35,703 [DEBUG] Sending request(xid=1): Exists(path='/hbase-unsecure/meta-region-server', watcher=None)
2025-10-27 11:31:35,726 [DEBUG] Received response(xid=1): ZnodeStat(czxid=4294967363, mzxid=12884978300, ctime=1758625365810, mtime=1761544142633, version=39, cversion=0, aversion=0, ephemeralOwner=0, dataLength=78, numChildren=0, pzxid=4294967363)
2025-10-27 11:31:35,727 [DEBUG] Sending request(xid=2): GetData(path='/hbase-unsecure/meta-region-server', watcher=None)
2025-10-27 11:31:35,747 [DEBUG] Received response(xid=2): (b'\xff\x00\x00\x00\x14master:16000\x92\xfcP\xff\x99\xc5[\x04PBUF\n+\n\x1fstg-hdpsiddharth105.phonepe.nb6\x10\x94}\x18\xa9\xfa\xd1\xa1\xa23\x10\x00\x18\x03', ZnodeStat(czxid=4294967363, mzxid=12884978300, ctime=1758625365810, mtime=1761544142633, version=39, cversion=0, aversion=0, ephemeralOwner=0, dataLength=78, numChildren=0, pzxid=4294967363))
2025-10-27 11:31:35,747 [DEBUG] Raw data from ZK node /hbase-unsecure/meta-region-server: b'\xff\x00\x00\x00\x14master:16000\x92\xfcP\xff\x99\xc5[\x04PBUF\n+\n\x1fstg-hdpsiddharth105.phonepe.nb6\x10\x94}\x18\xa9\xfa\xd1\xa1\xa23\x10\x00\x18\x03'
2025-10-27 11:31:35,747 [INFO] Found meta-region-server at stg-hdpsiddharth105.phonepe.nb6 from ZK (regex match).
2025-10-27 11:31:35,747 [DEBUG] Sending request(xid=3): Close()
2025-10-27 11:31:35,748 [INFO] Closing connection to stg-hdpsiddharth104.phonepe.nb6:2181
2025-10-27 11:31:35,748 [INFO] Zookeeper session closed, state: CLOSED
2025-10-27 11:31:35,748 [INFO] hbase:meta region is hosted on: stg-hdpsiddharth105.phonepe.nb6
2025-10-27 11:31:35,748 [WARNING] WARNING: Target server stg-hdpsiddharth105.phonepe.nb6 hosts hbase:meta. Proceeding with decommission, but this is risky.
2025-10-27 11:31:35,748 [INFO] Checking current state and ZK registration of stg-hdpsiddharth105.phonepe.nb6...
2025-10-27 11:31:35,748 [DEBUG] Getting Ambari state for HBASE_REGIONSERVER on stg-hdpsiddharth105.phonepe.nb6
2025-10-27 11:31:35,813 [DEBUG] Ambari state for HBASE_REGIONSERVER on stg-hdpsiddharth105.phonepe.nb6 is 'STARTED'
2025-10-27 11:31:35,814 [DEBUG] Connecting Kazoo client to stg-hdpsiddharth102.phonepe.nb6:2181,stg-hdpsiddharth104.phonepe.nb6:2181,stg-hdpsiddharth105.phonepe.nb6:2181...
2025-10-27 11:31:35,817 [INFO] Connecting to stg-hdpsiddharth104.phonepe.nb6(10.57.40.171):2181, use_ssl: False
2025-10-27 11:31:35,838 [DEBUG] Sending request(xid=None): Connect(protocol_version=0, last_zxid_seen=0, time_out=10000, session_id=0, passwd=b'\x00\x00\x00\x00\x00\x00\x00\x00\x00\x00\x00\x00\x00\x00\x00\x00', read_only=None)
2025-10-27 11:31:35,863 [INFO] Zookeeper connection established, state: CONNECTED
2025-10-27 11:31:35,863 [DEBUG] Kazoo connected state: CONNECTED
2025-10-27 11:31:35,864 [DEBUG] Sending request(xid=1): Exists(path='/hbase-unsecure/rs', watcher=None)
2025-10-27 11:31:35,884 [DEBUG] Received response(xid=1): ZnodeStat(czxid=4294967326, mzxid=4294967326, ctime=1758625359656, mtime=1758625359656, version=0, cversion=41, aversion=0, ephemeralOwner=0, dataLength=0, numChildren=3, pzxid=12884978288)
2025-10-27 11:31:35,884 [DEBUG] Sending request(xid=2): GetChildren(path='/hbase-unsecure/rs', watcher=None)
2025-10-27 11:31:35,906 [DEBUG] Received response(xid=2): ['stg-hdpsiddharth104.phonepe.nb6,16020,1761536614565', 'stg-hdpsiddharth105.phonepe.nb6,16020,1761544011049', 'stg-hdpsiddharth102.phonepe.nb6,16020,1761293738501']
2025-10-27 11:31:35,906 [DEBUG] Found 3 region servers in ZK under /hbase-unsecure/rs: ['stg-hdpsiddharth104.phonepe.nb6', 'stg-hdpsiddharth105.phonepe.nb6', 'stg-hdpsiddharth102.phonepe.nb6']
2025-10-27 11:31:35,907 [DEBUG] Sending request(xid=3): Close()
2025-10-27 11:31:35,907 [INFO] Closing connection to stg-hdpsiddharth104.phonepe.nb6:2181
2025-10-27 11:31:35,907 [INFO] Zookeeper session closed, state: CLOSED
2025-10-27 11:31:35,907 [INFO] Target RegionServer stg-hdpsiddharth105.phonepe.nb6 is STARTED and registered in ZK.
2025-10-27 11:31:35,907 [INFO] Found 2 other live RegionServers: ['stg-hdpsiddharth104.phonepe.nb6', 'stg-hdpsiddharth102.phonepe.nb6']
2025-10-27 11:31:35,907 [INFO] Checking for regions in transition (RIT)...
2025-10-27 11:31:35,907 [DEBUG] Checking for regions in transition (RIT) in ZK...
2025-10-27 11:31:35,907 [DEBUG] Connecting Kazoo client to stg-hdpsiddharth102.phonepe.nb6:2181,stg-hdpsiddharth104.phonepe.nb6:2181,stg-hdpsiddharth105.phonepe.nb6:2181...
2025-10-27 11:31:35,911 [INFO] Connecting to stg-hdpsiddharth105.phonepe.nb6(10.57.40.172):2181, use_ssl: False
2025-10-27 11:31:35,931 [DEBUG] Sending request(xid=None): Connect(protocol_version=0, last_zxid_seen=0, time_out=10000, session_id=0, passwd=b'\x00\x00\x00\x00\x00\x00\x00\x00\x00\x00\x00\x00\x00\x00\x00\x00', read_only=None)
2025-10-27 11:31:35,955 [INFO] Zookeeper connection established, state: CONNECTED
2025-10-27 11:31:35,955 [DEBUG] Kazoo connected state: CONNECTED
2025-10-27 11:31:35,956 [DEBUG] Sending request(xid=1): Exists(path='/hbase-unsecure/region-in-transition', watcher=None)
2025-10-27 11:31:35,976 [DEBUG] RIT znode '/hbase-unsecure/region-in-transition' does not exist.
2025-10-27 11:31:35,977 [DEBUG] Sending request(xid=2): Exists(path='/hbase-unsecure/rit', watcher=None)
2025-10-27 11:31:35,998 [DEBUG] RIT znode '/hbase-unsecure/rit' does not exist.
2025-10-27 11:31:35,998 [DEBUG] No RIT znodes found, assuming 0 regions in transition.
2025-10-27 11:31:35,998 [DEBUG] Sending request(xid=3): Close()
2025-10-27 11:31:35,998 [INFO] Closing connection to stg-hdpsiddharth105.phonepe.nb6:2181
2025-10-27 11:31:35,999 [INFO] Zookeeper session closed, state: CLOSED
2025-10-27 11:31:35,999 [INFO] Found 0 regions in transition.
2025-10-27 11:31:35,999 [INFO] Checking HBase balancer state...
2025-10-27 11:31:35,999 [DEBUG] Checking balancer state via existence of ZK path: /hbase-unsecure/balancer
2025-10-27 11:31:35,999 [DEBUG] Connecting Kazoo client to stg-hdpsiddharth102.phonepe.nb6:2181,stg-hdpsiddharth104.phonepe.nb6:2181,stg-hdpsiddharth105.phonepe.nb6:2181...
2025-10-27 11:31:36,005 [INFO] Connecting to stg-hdpsiddharth104.phonepe.nb6(10.57.40.171):2181, use_ssl: False
2025-10-27 11:31:36,027 [DEBUG] Sending request(xid=None): Connect(protocol_version=0, last_zxid_seen=0, time_out=10000, session_id=0, passwd=b'\x00\x00\x00\x00\x00\x00\x00\x00\x00\x00\x00\x00\x00\x00\x00\x00', read_only=None)
2025-10-27 11:31:36,049 [INFO] Zookeeper connection established, state: CONNECTED
2025-10-27 11:31:36,050 [DEBUG] Kazoo connected state: CONNECTED
2025-10-27 11:31:36,050 [DEBUG] Sending request(xid=1): Exists(path='/hbase-unsecure/balancer', watcher=None)
2025-10-27 11:31:36,072 [DEBUG] Received response(xid=1): ZnodeStat(czxid=12884977743, mzxid=12884978257, ctime=1761534436856, mtime=1761543734895, version=8, cversion=0, aversion=0, ephemeralOwner=0, dataLength=31, numChildren=0, pzxid=12884977743)
2025-10-27 11:31:36,072 [DEBUG] Balancer znode '/hbase-unsecure/balancer' exists, assuming balancer is ENABLED.
2025-10-27 11:31:36,072 [DEBUG] Sending request(xid=2): Close()
2025-10-27 11:31:36,072 [INFO] Closing connection to stg-hdpsiddharth104.phonepe.nb6:2181
2025-10-27 11:31:36,072 [INFO] Zookeeper session closed, state: CLOSED
2025-10-27 11:31:36,073 [INFO] HBase balancer is currently ENABLED.
2025-10-27 11:31:36,073 [INFO] Disabling HBase balancer before region migration...
2025-10-27 11:31:36,073 [INFO] Disabling HBase balancer via Salt on stg-hdpsiddharth104.phonepe.nb6...
2025-10-27 11:31:36,073 [INFO] Requesting new Salt API token from https://stg-hdpsiddharth103.phonepe.nb6:8000 for user 'saltapiuser'...
2025-10-27 11:31:36,380 [INFO] Successfully obtained Salt API token.
2025-10-27 11:31:36,384 [INFO] Executing Salt command: tgt='stg-hdpsiddharth104.phonepe.nb6', fun='cmd.run', args='["echo 'balance_switch false' | hbase shell -n"]'
2025-10-27 11:31:50,565 [DEBUG] Raw Salt command result: {'stg-hdpsiddharth104.phonepe.nb6': '/usr/odp/3.2.2.0-1/hadoop/libexec/hadoop-functions.sh: line 2401: HADOOP_ORG.APACHE.HADOOP.HBASE.UTIL.GETJAVAPROPERTY_USER: invalid variable name\n/usr/odp/3.2.2.0-1/hadoop/libexec/hadoop-functions.sh: line 2366: HADOOP_ORG.APACHE.HADOOP.HBASE.UTIL.GETJAVAPROPERTY_USER: invalid variable name\n/usr/odp/3.2.2.0-1/hadoop/libexec/hadoop-functions.sh: line 2461: HADOOP_ORG.APACHE.HADOOP.HBASE.UTIL.GETJAVAPROPERTY_OPTS: invalid variable name\nSLF4J: Class path contains multiple SLF4J bindings.\nSLF4J: Found binding in [jar:file:/usr/odp/3.2.2.0-1/hbase/lib/client-facing-thirdparty/slf4j-reload4j-1.7.33.jar!/org/slf4j/impl/StaticLoggerBinder.class]\nSLF4J: Found binding in [jar:file:/usr/odp/3.2.2.0-1/hadoop/lib/slf4j-log4j12-1.7.25.jar!/org/slf4j/impl/StaticLoggerBinder.class]\nSLF4J: See http://www.slf4j.org/codes.html#multiple_bindings for an explanation.\nSLF4J: Actual binding is of type [org.slf4j.impl.Reload4jLoggerFactory]\nhbase:001:0> balance_switch false\nPrevious balancer state : true\nTook 0.6792 seconds\n=> true\nhbase:002:0>'}
2025-10-27 11:31:50,566 [INFO] Salt cmd.run output from 'stg-hdpsiddharth104.phonepe.nb6': /usr/odp/3.2.2.0-1/hadoop/libexec/hadoop-functions.sh: line 2401: HADOOP_ORG.APACHE.HADOOP.HBASE.UTIL.GETJAVAPROPERTY_USER: invalid variable name
/usr/odp/3.2.2.0-1/hadoop/libexec/hadoop-functions.sh: line 2366: HADOOP_ORG.APACHE.HADOOP.HBASE.UTIL.GETJAVAPROPERTY_USER: invalid variable name
/usr/odp/3.2.2.0-1/hadoop/libexec/hadoop-functions.sh: line 2461: HADOOP_ORG.APACHE.HADOOP.HBASE.UTIL.GETJAVAPROPERTY_OPTS: invalid variable name
SLF4J: Class path contains multiple SLF4J bindings.
SLF4J: Fou...
2025-10-27 11:31:50,568 [INFO] HBase balancer state change to False requested successfully.
2025-10-27 11:31:53,573 [DEBUG] Checking balancer state via existence of ZK path: /hbase-unsecure/balancer
2025-10-27 11:31:53,576 [DEBUG] Connecting Kazoo client to stg-hdpsiddharth102.phonepe.nb6:2181,stg-hdpsiddharth104.phonepe.nb6:2181,stg-hdpsiddharth105.phonepe.nb6:2181...
2025-10-27 11:31:53,581 [INFO] Connecting to stg-hdpsiddharth105.phonepe.nb6(10.57.40.172):2181, use_ssl: False
2025-10-27 11:31:53,605 [DEBUG] Sending request(xid=None): Connect(protocol_version=0, last_zxid_seen=0, time_out=10000, session_id=0, passwd=b'\x00\x00\x00\x00\x00\x00\x00\x00\x00\x00\x00\x00\x00\x00\x00\x00', read_only=None)
2025-10-27 11:31:53,627 [INFO] Zookeeper connection established, state: CONNECTED
2025-10-27 11:31:53,628 [DEBUG] Kazoo connected state: CONNECTED
2025-10-27 11:31:53,628 [DEBUG] Sending request(xid=1): Exists(path='/hbase-unsecure/balancer', watcher=None)
2025-10-27 11:31:53,648 [DEBUG] Received response(xid=1): ZnodeStat(czxid=12884977743, mzxid=12884978342, ctime=1761534436856, mtime=1761544909923, version=9, cversion=0, aversion=0, ephemeralOwner=0, dataLength=31, numChildren=0, pzxid=12884977743)
2025-10-27 11:31:53,649 [DEBUG] Balancer znode '/hbase-unsecure/balancer' exists, assuming balancer is ENABLED.
2025-10-27 11:31:53,649 [DEBUG] Sending request(xid=2): Close()
2025-10-27 11:31:53,649 [INFO] Closing connection to stg-hdpsiddharth105.phonepe.nb6:2181
2025-10-27 11:31:53,649 [INFO] Zookeeper session closed, state: CLOSED
2025-10-27 11:31:53,650 [WARNING] Balancer state in ZK (True) does not match desired state (False) shortly after command execution.
2025-10-27 11:31:53,650 [INFO] Checking for regions hosted on stg-hdpsiddharth105.phonepe.nb6...
2025-10-27 11:31:53,650 [DEBUG] Scanning hbase:meta for non-meta regions hosted on server: stg-hdpsiddharth105.phonepe.nb6,16020
2025-10-27 11:31:53,671 [DEBUG] Thrift server probe successful: stg-hdpsiddharth102.phonepe.nb6:9090
2025-10-27 11:31:53,693 [DEBUG] HappyBase connection opened successfully to stg-hdpsiddharth102.phonepe.nb6:9090.
2025-10-27 11:31:53,883 [DEBUG] Found 0 unique non-meta regions on stg-hdpsiddharth105.phonepe.nb6.
2025-10-27 11:31:53,884 [INFO] No non-meta regions found on server stg-hdpsiddharth105.phonepe.nb6.
2025-10-27 11:31:53,884 [INFO] Proceeding to stop the HBase RegionServer component on stg-hdpsiddharth105.phonepe.nb6 via Ambari...
2025-10-27 11:31:53,996 [INFO] Ambari action requested to stop HBASE_REGIONSERVER on stg-hdpsiddharth105.phonepe.nb6.
2025-10-27 11:31:53,997 [INFO] Allowing some time for Ambari to process the stop command...
2025-10-27 11:32:03,999 [INFO] Re-enabling HBase balancer...
2025-10-27 11:32:04,000 [INFO] Enabling HBase balancer via Salt on stg-hdpsiddharth104.phonepe.nb6...
2025-10-27 11:32:04,000 [DEBUG] Using cached Salt API token.
2025-10-27 11:32:04,000 [INFO] Executing Salt command: tgt='stg-hdpsiddharth104.phonepe.nb6', fun='cmd.run', args='["echo 'balance_switch true' | hbase shell -n"]'
2025-10-27 11:32:17,387 [DEBUG] Raw Salt command result: {'stg-hdpsiddharth104.phonepe.nb6': '/usr/odp/3.2.2.0-1/hadoop/libexec/hadoop-functions.sh: line 2401: HADOOP_ORG.APACHE.HADOOP.HBASE.UTIL.GETJAVAPROPERTY_USER: invalid variable name\n/usr/odp/3.2.2.0-1/hadoop/libexec/hadoop-functions.sh: line 2366: HADOOP_ORG.APACHE.HADOOP.HBASE.UTIL.GETJAVAPROPERTY_USER: invalid variable name\n/usr/odp/3.2.2.0-1/hadoop/libexec/hadoop-functions.sh: line 2461: HADOOP_ORG.APACHE.HADOOP.HBASE.UTIL.GETJAVAPROPERTY_OPTS: invalid variable name\nSLF4J: Class path contains multiple SLF4J bindings.\nSLF4J: Found binding in [jar:file:/usr/odp/3.2.2.0-1/hbase/lib/client-facing-thirdparty/slf4j-reload4j-1.7.33.jar!/org/slf4j/impl/StaticLoggerBinder.class]\nSLF4J: Found binding in [jar:file:/usr/odp/3.2.2.0-1/hadoop/lib/slf4j-log4j12-1.7.25.jar!/org/slf4j/impl/StaticLoggerBinder.class]\nSLF4J: See http://www.slf4j.org/codes.html#multiple_bindings for an explanation.\nSLF4J: Actual binding is of type [org.slf4j.impl.Reload4jLoggerFactory]\nhbase:001:0> balance_switch true\nPrevious balancer state : false\nTook 0.6546 seconds\n=> false\nhbase:002:0>'}
2025-10-27 11:32:17,387 [INFO] Salt cmd.run output from 'stg-hdpsiddharth104.phonepe.nb6': /usr/odp/3.2.2.0-1/hadoop/libexec/hadoop-functions.sh: line 2401: HADOOP_ORG.APACHE.HADOOP.HBASE.UTIL.GETJAVAPROPERTY_USER: invalid variable name
/usr/odp/3.2.2.0-1/hadoop/libexec/hadoop-functions.sh: line 2366: HADOOP_ORG.APACHE.HADOOP.HBASE.UTIL.GETJAVAPROPERTY_USER: invalid variable name
/usr/odp/3.2.2.0-1/hadoop/libexec/hadoop-functions.sh: line 2461: HADOOP_ORG.APACHE.HADOOP.HBASE.UTIL.GETJAVAPROPERTY_OPTS: invalid variable name
SLF4J: Class path contains multiple SLF4J bindings.
SLF4J: Fou...
2025-10-27 11:32:17,388 [INFO] HBase balancer state change to True requested successfully.
2025-10-27 11:32:20,393 [DEBUG] Checking balancer state via existence of ZK path: /hbase-unsecure/balancer
2025-10-27 11:32:20,395 [DEBUG] Connecting Kazoo client to stg-hdpsiddharth102.phonepe.nb6:2181,stg-hdpsiddharth104.phonepe.nb6:2181,stg-hdpsiddharth105.phonepe.nb6:2181...
2025-10-27 11:32:20,402 [INFO] Connecting to stg-hdpsiddharth105.phonepe.nb6(10.57.40.172):2181, use_ssl: False
2025-10-27 11:32:20,425 [DEBUG] Sending request(xid=None): Connect(protocol_version=0, last_zxid_seen=0, time_out=10000, session_id=0, passwd=b'\x00\x00\x00\x00\x00\x00\x00\x00\x00\x00\x00\x00\x00\x00\x00\x00', read_only=None)
2025-10-27 11:32:20,469 [INFO] Zookeeper connection established, state: CONNECTED
2025-10-27 11:32:20,471 [DEBUG] Kazoo connected state: CONNECTED
2025-10-27 11:32:20,471 [DEBUG] Sending request(xid=1): Exists(path='/hbase-unsecure/balancer', watcher=None)
2025-10-27 11:32:20,495 [DEBUG] Received response(xid=1): ZnodeStat(czxid=12884977743, mzxid=12884978354, ctime=1761534436856, mtime=1761544936839, version=10, cversion=0, aversion=0, ephemeralOwner=0, dataLength=31, numChildren=0, pzxid=12884977743)
2025-10-27 11:32:20,495 [DEBUG] Balancer znode '/hbase-unsecure/balancer' exists, assuming balancer is ENABLED.
2025-10-27 11:32:20,495 [DEBUG] Sending request(xid=2): Close()
2025-10-27 11:32:20,496 [INFO] Closing connection to stg-hdpsiddharth105.phonepe.nb6:2181
2025-10-27 11:32:20,496 [INFO] Zookeeper session closed, state: CLOSED
2025-10-27 11:32:20,496 [INFO] Balancer state confirmed as True in ZK.
2025-10-27 11:32:20,496 [INFO] Performing post-decommission checks...
2025-10-27 11:32:20,496 [DEBUG] Connecting Kazoo client to stg-hdpsiddharth102.phonepe.nb6:2181,stg-hdpsiddharth104.phonepe.nb6:2181,stg-hdpsiddharth105.phonepe.nb6:2181...
2025-10-27 11:32:20,504 [INFO] Connecting to stg-hdpsiddharth105.phonepe.nb6(10.57.40.172):2181, use_ssl: False
2025-10-27 11:32:20,526 [DEBUG] Sending request(xid=None): Connect(protocol_version=0, last_zxid_seen=0, time_out=10000, session_id=0, passwd=b'\x00\x00\x00\x00\x00\x00\x00\x00\x00\x00\x00\x00\x00\x00\x00\x00', read_only=None)
2025-10-27 11:32:20,547 [INFO] Zookeeper connection established, state: CONNECTED
2025-10-27 11:32:20,547 [DEBUG] Kazoo connected state: CONNECTED
2025-10-27 11:32:20,547 [DEBUG] Sending request(xid=1): Exists(path='/hbase-unsecure/rs', watcher=None)
2025-10-27 11:32:20,569 [DEBUG] Received response(xid=1): ZnodeStat(czxid=4294967326, mzxid=4294967326, ctime=1758625359656, mtime=1758625359656, version=0, cversion=42, aversion=0, ephemeralOwner=0, dataLength=0, numChildren=2, pzxid=12884978346)
2025-10-27 11:32:20,570 [DEBUG] Sending request(xid=2): GetChildren(path='/hbase-unsecure/rs', watcher=None)
2025-10-27 11:32:20,589 [DEBUG] Received response(xid=2): ['stg-hdpsiddharth104.phonepe.nb6,16020,1761536614565', 'stg-hdpsiddharth102.phonepe.nb6,16020,1761293738501']
2025-10-27 11:32:20,590 [DEBUG] Found 2 region servers in ZK under /hbase-unsecure/rs: ['stg-hdpsiddharth104.phonepe.nb6', 'stg-hdpsiddharth102.phonepe.nb6']
2025-10-27 11:32:20,591 [DEBUG] Sending request(xid=3): Close()
2025-10-27 11:32:20,591 [INFO] Closing connection to stg-hdpsiddharth105.phonepe.nb6:2181
2025-10-27 11:32:20,591 [INFO] Zookeeper session closed, state: CLOSED
2025-10-27 11:32:20,592 [INFO] Host stg-hdpsiddharth105.phonepe.nb6 confirmed removed from ZooKeeper /rs list.
2025-10-27 11:32:20,592 [INFO] Decommission flow completed for stg-hdpsiddharth105.phonepe.nb6 in 45.19 seconds.
2025-10-27 11:32:20,593 [INFO] AUDIT: {"timestamp_utc": "2025-10-27T06:02:20.593019Z", "user": "siddharth5.intern", "action": "decommission_complete", "details": {"host": "stg-hdpsiddharth105.phonepe.nb6", "duration_seconds": 45.186702728271484}}
2025-10-27 11:32:20,595 [INFO] Report written to logs/report_decommission_1761544940.json
2025-10-27 11:32:20,595 [DEBUG] Checking balancer state via existence of ZK path: /hbase-unsecure/balancer
2025-10-27 11:32:20,596 [DEBUG] Connecting Kazoo client to stg-hdpsiddharth102.phonepe.nb6:2181,stg-hdpsiddharth104.phonepe.nb6:2181,stg-hdpsiddharth105.phonepe.nb6:2181...
2025-10-27 11:32:20,600 [INFO] Connecting to stg-hdpsiddharth102.phonepe.nb6(10.57.40.169):2181, use_ssl: False
2025-10-27 11:32:20,623 [DEBUG] Sending request(xid=None): Connect(protocol_version=0, last_zxid_seen=0, time_out=10000, session_id=0, passwd=b'\x00\x00\x00\x00\x00\x00\x00\x00\x00\x00\x00\x00\x00\x00\x00\x00', read_only=None)
2025-10-27 11:32:20,655 [INFO] Zookeeper connection established, state: CONNECTED
2025-10-27 11:32:20,655 [DEBUG] Kazoo connected state: CONNECTED
2025-10-27 11:32:20,655 [DEBUG] Sending request(xid=1): Exists(path='/hbase-unsecure/balancer', watcher=None)
2025-10-27 11:32:20,676 [DEBUG] Received response(xid=1): ZnodeStat(czxid=12884977743, mzxid=12884978354, ctime=1761534436856, mtime=1761544936839, version=10, cversion=0, aversion=0, ephemeralOwner=0, dataLength=31, numChildren=0, pzxid=12884977743)
2025-10-27 11:32:20,678 [DEBUG] Balancer znode '/hbase-unsecure/balancer' exists, assuming balancer is ENABLED.
2025-10-27 11:32:20,678 [DEBUG] Sending request(xid=2): Close()
2025-10-27 11:32:20,678 [INFO] Closing connection to stg-hdpsiddharth102.phonepe.nb6:2181
2025-10-27 11:32:20,678 [INFO] Zookeeper session closed, state: CLOSED
