2025-10-24 16:15:10,361 [INFO] AUDIT: {"timestamp_utc": "2025-10-24T10:45:10.361241Z", "user": "siddharth5.intern", "action": "decommission_request", "details": {"host": "stg-hdpsiddharth104.phonepe.nb6"}}
2025-10-24 16:15:10,361 [INFO] Performing pre-decommission checks...
2025-10-24 16:15:10,361 [DEBUG] Connecting Kazoo client to stg-hdpsiddharth102.phonepe.nb6:2181,stg-hdpsiddharth104.phonepe.nb6:2181,stg-hdpsiddharth105.phonepe.nb6:2181...
2025-10-24 16:15:10,369 [INFO] Connecting to stg-hdpsiddharth104.phonepe.nb6(10.57.40.171):2181, use_ssl: False
2025-10-24 16:15:10,397 [DEBUG] Sending request(xid=None): Connect(protocol_version=0, last_zxid_seen=0, time_out=10000, session_id=0, passwd=b'\x00\x00\x00\x00\x00\x00\x00\x00\x00\x00\x00\x00\x00\x00\x00\x00', read_only=None)
2025-10-24 16:15:10,423 [INFO] Zookeeper connection established, state: CONNECTED
2025-10-24 16:15:10,424 [DEBUG] Kazoo connected state: CONNECTED
2025-10-24 16:15:10,481 [DEBUG] Sending request(xid=1): Close()
2025-10-24 16:15:10,481 [INFO] Closing connection to stg-hdpsiddharth104.phonepe.nb6:2181
2025-10-24 16:15:10,481 [INFO] Zookeeper session closed, state: CLOSED
2025-10-24 16:15:10,481 [INFO] ZooKeeper check: OK=True, Details={'state': 'CONNECTED', 'server_version': (3, 5, 10)}
2025-10-24 16:15:10,481 [INFO] Skipping HDFS health check.
2025-10-24 16:15:10,481 [INFO] Checking active HBase Master via ZooKeeper...
2025-10-24 16:15:10,481 [DEBUG] Connecting Kazoo client to stg-hdpsiddharth102.phonepe.nb6:2181,stg-hdpsiddharth104.phonepe.nb6:2181,stg-hdpsiddharth105.phonepe.nb6:2181...
2025-10-24 16:15:10,488 [INFO] Connecting to stg-hdpsiddharth102.phonepe.nb6(10.57.40.169):2181, use_ssl: False
2025-10-24 16:15:10,512 [DEBUG] Sending request(xid=None): Connect(protocol_version=0, last_zxid_seen=0, time_out=10000, session_id=0, passwd=b'\x00\x00\x00\x00\x00\x00\x00\x00\x00\x00\x00\x00\x00\x00\x00\x00', read_only=None)
2025-10-24 16:15:10,537 [INFO] Zookeeper connection established, state: CONNECTED
2025-10-24 16:15:10,537 [DEBUG] Kazoo connected state: CONNECTED
2025-10-24 16:15:10,537 [DEBUG] Sending request(xid=1): Exists(path='/hbase-unsecure/master', watcher=None)
2025-10-24 16:15:10,560 [DEBUG] Received response(xid=1): ZnodeStat(czxid=12884948838, mzxid=12884948838, ctime=1760685762347, mtime=1760685762347, version=0, cversion=0, aversion=0, ephemeralOwner=72213291896560244, dataLength=79, numChildren=0, pzxid=12884948838)
2025-10-24 16:15:10,560 [DEBUG] Sending request(xid=2): GetData(path='/hbase-unsecure/master', watcher=None)
2025-10-24 16:15:10,582 [DEBUG] Received response(xid=2): (b'\xff\x00\x00\x00\x14master:16000\xba\xdb\x90\x98\x1b\xc3}\x8bPBUF\n+\n\x1fstg-hdpsiddharth102.phonepe.nb6\x10\x80}\x18\xc5\xa8\xb2\x88\x9f3\x10\x00\x18\x8a}', ZnodeStat(czxid=12884948838, mzxid=12884948838, ctime=1760685762347, mtime=1760685762347, version=0, cversion=0, aversion=0, ephemeralOwner=72213291896560244, dataLength=79, numChildren=0, pzxid=12884948838))
2025-10-24 16:15:10,582 [DEBUG] Raw data from ZK node /hbase-unsecure/master: b'\xff\x00\x00\x00\x14master:16000\xba\xdb\x90\x98\x1b\xc3}\x8bPBUF\n+\n\x1fstg-hdpsiddharth102.phonepe.nb6\x10\x80}\x18\xc5\xa8\xb2\x88\x9f3\x10\x00\x18\x8a}'
2025-10-24 16:15:10,582 [INFO] Active HBase Master found at stg-hdpsiddharth102.phonepe.nb6 via ZK node /hbase-unsecure/master.
2025-10-24 16:15:10,582 [DEBUG] Sending request(xid=3): Close()
2025-10-24 16:15:10,582 [INFO] Closing connection to stg-hdpsiddharth102.phonepe.nb6:2181
2025-10-24 16:15:10,582 [INFO] Zookeeper session closed, state: CLOSED
2025-10-24 16:15:10,583 [INFO] HBase Master ZK check: OK=True, Message=Active HBase Master found at stg-hdpsiddharth102.phonepe.nb6 via ZK node /hbase-unsecure/master.
2025-10-24 16:15:10,583 [INFO] Active HBase Master is stg-hdpsiddharth102.phonepe.nb6 via ZK.
2025-10-24 16:15:10,583 [DEBUG] Connecting Kazoo client to stg-hdpsiddharth102.phonepe.nb6:2181,stg-hdpsiddharth104.phonepe.nb6:2181,stg-hdpsiddharth105.phonepe.nb6:2181...
2025-10-24 16:15:10,590 [INFO] Connecting to stg-hdpsiddharth104.phonepe.nb6(10.57.40.171):2181, use_ssl: False
2025-10-24 16:15:10,613 [DEBUG] Sending request(xid=None): Connect(protocol_version=0, last_zxid_seen=0, time_out=10000, session_id=0, passwd=b'\x00\x00\x00\x00\x00\x00\x00\x00\x00\x00\x00\x00\x00\x00\x00\x00', read_only=None)
2025-10-24 16:15:10,638 [INFO] Zookeeper connection established, state: CONNECTED
2025-10-24 16:15:10,638 [DEBUG] Kazoo connected state: CONNECTED
2025-10-24 16:15:10,638 [DEBUG] Sending request(xid=1): Exists(path='/hbase-unsecure/meta-region-server', watcher=None)
2025-10-24 16:15:10,664 [DEBUG] Received response(xid=1): ZnodeStat(czxid=4294967363, mzxid=12884969471, ctime=1758625365810, mtime=1761297203169, version=24, cversion=0, aversion=0, ephemeralOwner=0, dataLength=78, numChildren=0, pzxid=4294967363)
2025-10-24 16:15:10,664 [DEBUG] Sending request(xid=2): GetData(path='/hbase-unsecure/meta-region-server', watcher=None)
2025-10-24 16:15:10,689 [DEBUG] Received response(xid=2): (b'\xff\x00\x00\x00\x14master:16000\xd7\xe5Hzr\xb0\x91+PBUF\n+\n\x1fstg-hdpsiddharth105.phonepe.nb6\x10\x94}\x18\xf5\xf3\xf0\xab\xa13\x10\x00\x18\x03', ZnodeStat(czxid=4294967363, mzxid=12884969471, ctime=1758625365810, mtime=1761297203169, version=24, cversion=0, aversion=0, ephemeralOwner=0, dataLength=78, numChildren=0, pzxid=4294967363))
2025-10-24 16:15:10,690 [DEBUG] Raw data from ZK node /hbase-unsecure/meta-region-server: b'\xff\x00\x00\x00\x14master:16000\xd7\xe5Hzr\xb0\x91+PBUF\n+\n\x1fstg-hdpsiddharth105.phonepe.nb6\x10\x94}\x18\xf5\xf3\xf0\xab\xa13\x10\x00\x18\x03'
2025-10-24 16:15:10,690 [INFO] Found meta-region-server at stg-hdpsiddharth105.phonepe.nb6 from ZK (regex match).
2025-10-24 16:15:10,690 [DEBUG] Sending request(xid=3): Close()
2025-10-24 16:15:10,690 [INFO] Closing connection to stg-hdpsiddharth104.phonepe.nb6:2181
2025-10-24 16:15:10,690 [INFO] Zookeeper session closed, state: CLOSED
2025-10-24 16:15:10,691 [INFO] hbase:meta region is hosted on: stg-hdpsiddharth105.phonepe.nb6
2025-10-24 16:15:10,691 [INFO] Target server stg-hdpsiddharth104.phonepe.nb6 does not host hbase:meta. Safe.
2025-10-24 16:15:10,691 [INFO] Checking current state and ZK registration of stg-hdpsiddharth104.phonepe.nb6...
2025-10-24 16:15:10,692 [DEBUG] Getting Ambari state for HBASE_REGIONSERVER on stg-hdpsiddharth104.phonepe.nb6
2025-10-24 16:15:10,799 [DEBUG] Ambari state for HBASE_REGIONSERVER on stg-hdpsiddharth104.phonepe.nb6 is 'STARTED'
2025-10-24 16:15:10,799 [DEBUG] Connecting Kazoo client to stg-hdpsiddharth102.phonepe.nb6:2181,stg-hdpsiddharth104.phonepe.nb6:2181,stg-hdpsiddharth105.phonepe.nb6:2181...
2025-10-24 16:15:10,803 [INFO] Connecting to stg-hdpsiddharth105.phonepe.nb6(10.57.40.172):2181, use_ssl: False
2025-10-24 16:15:10,828 [DEBUG] Sending request(xid=None): Connect(protocol_version=0, last_zxid_seen=0, time_out=10000, session_id=0, passwd=b'\x00\x00\x00\x00\x00\x00\x00\x00\x00\x00\x00\x00\x00\x00\x00\x00', read_only=None)
2025-10-24 16:15:10,860 [INFO] Zookeeper connection established, state: CONNECTED
2025-10-24 16:15:10,861 [DEBUG] Kazoo connected state: CONNECTED
2025-10-24 16:15:10,862 [DEBUG] Sending request(xid=1): Exists(path='/hbase-unsecure/rs', watcher=None)
2025-10-24 16:15:10,886 [DEBUG] Received response(xid=1): ZnodeStat(czxid=4294967326, mzxid=4294967326, ctime=1758625359656, mtime=1758625359656, version=0, cversion=25, aversion=0, ephemeralOwner=0, dataLength=0, numChildren=3, pzxid=12884969460)
2025-10-24 16:15:10,887 [DEBUG] Sending request(xid=2): GetChildren(path='/hbase-unsecure/rs', watcher=None)
2025-10-24 16:15:10,910 [DEBUG] Received response(xid=2): ['stg-hdpsiddharth104.phonepe.nb6,16020,1761199895657', 'stg-hdpsiddharth105.phonepe.nb6,16020,1761297054197', 'stg-hdpsiddharth102.phonepe.nb6,16020,1761293738501']
2025-10-24 16:15:10,910 [DEBUG] Found 3 region servers in ZK under /hbase-unsecure/rs: ['stg-hdpsiddharth104.phonepe.nb6', 'stg-hdpsiddharth105.phonepe.nb6', 'stg-hdpsiddharth102.phonepe.nb6']
2025-10-24 16:15:10,910 [DEBUG] Sending request(xid=3): Close()
2025-10-24 16:15:10,910 [INFO] Closing connection to stg-hdpsiddharth105.phonepe.nb6:2181
2025-10-24 16:15:10,910 [INFO] Zookeeper session closed, state: CLOSED
2025-10-24 16:15:10,910 [INFO] Target RegionServer stg-hdpsiddharth104.phonepe.nb6 is STARTED and registered in ZK.
2025-10-24 16:15:10,910 [INFO] Found 2 other live RegionServers: ['stg-hdpsiddharth105.phonepe.nb6', 'stg-hdpsiddharth102.phonepe.nb6']
2025-10-24 16:15:10,910 [INFO] Checking for regions in transition (RIT)...
2025-10-24 16:15:10,910 [DEBUG] Checking for regions in transition (RIT) in ZK...
2025-10-24 16:15:10,911 [DEBUG] Connecting Kazoo client to stg-hdpsiddharth102.phonepe.nb6:2181,stg-hdpsiddharth104.phonepe.nb6:2181,stg-hdpsiddharth105.phonepe.nb6:2181...
2025-10-24 16:15:10,914 [INFO] Connecting to stg-hdpsiddharth104.phonepe.nb6(10.57.40.171):2181, use_ssl: False
2025-10-24 16:15:10,940 [DEBUG] Sending request(xid=None): Connect(protocol_version=0, last_zxid_seen=0, time_out=10000, session_id=0, passwd=b'\x00\x00\x00\x00\x00\x00\x00\x00\x00\x00\x00\x00\x00\x00\x00\x00', read_only=None)
2025-10-24 16:15:10,964 [INFO] Zookeeper connection established, state: CONNECTED
2025-10-24 16:15:10,965 [DEBUG] Kazoo connected state: CONNECTED
2025-10-24 16:15:10,965 [DEBUG] Sending request(xid=1): Exists(path='/hbase-unsecure/region-in-transition', watcher=None)
2025-10-24 16:15:10,989 [DEBUG] RIT znode '/hbase-unsecure/region-in-transition' does not exist.
2025-10-24 16:15:10,990 [DEBUG] Sending request(xid=2): Exists(path='/hbase-unsecure/rit', watcher=None)
2025-10-24 16:15:11,040 [DEBUG] RIT znode '/hbase-unsecure/rit' does not exist.
2025-10-24 16:15:11,041 [DEBUG] No RIT znodes found, assuming 0 regions in transition.
2025-10-24 16:15:11,041 [DEBUG] Sending request(xid=3): Close()
2025-10-24 16:15:11,042 [INFO] Closing connection to stg-hdpsiddharth104.phonepe.nb6:2181
2025-10-24 16:15:11,042 [INFO] Zookeeper session closed, state: CLOSED
2025-10-24 16:15:11,043 [INFO] Found 0 regions in transition.
2025-10-24 16:15:11,044 [INFO] Checking HBase balancer state...
2025-10-24 16:15:11,044 [DEBUG] Checking balancer state at ZK path: /hbase-unsecure/balancer
2025-10-24 16:15:11,044 [DEBUG] Connecting Kazoo client to stg-hdpsiddharth102.phonepe.nb6:2181,stg-hdpsiddharth104.phonepe.nb6:2181,stg-hdpsiddharth105.phonepe.nb6:2181...
2025-10-24 16:15:11,048 [INFO] Connecting to stg-hdpsiddharth105.phonepe.nb6(10.57.40.172):2181, use_ssl: False
2025-10-24 16:15:11,072 [DEBUG] Sending request(xid=None): Connect(protocol_version=0, last_zxid_seen=0, time_out=10000, session_id=0, passwd=b'\x00\x00\x00\x00\x00\x00\x00\x00\x00\x00\x00\x00\x00\x00\x00\x00', read_only=None)
2025-10-24 16:15:11,097 [INFO] Zookeeper connection established, state: CONNECTED
2025-10-24 16:15:11,099 [DEBUG] Kazoo connected state: CONNECTED
2025-10-24 16:15:11,100 [DEBUG] Sending request(xid=1): Exists(path='/hbase-unsecure/balancer', watcher=None)
2025-10-24 16:15:11,125 [DEBUG] Balancer state znode does not exist, assuming balancer is disabled.
2025-10-24 16:15:11,125 [DEBUG] Sending request(xid=2): Close()
2025-10-24 16:15:11,125 [INFO] Closing connection to stg-hdpsiddharth105.phonepe.nb6:2181
2025-10-24 16:15:11,125 [INFO] Zookeeper session closed, state: CLOSED
2025-10-24 16:15:11,125 [INFO] HBase balancer is currently DISABLED.
2025-10-24 16:15:11,125 [INFO] Checking for regions hosted on stg-hdpsiddharth104.phonepe.nb6...
2025-10-24 16:15:11,125 [DEBUG] Scanning hbase:meta for non-meta regions hosted on server: stg-hdpsiddharth104.phonepe.nb6,16020
2025-10-24 16:15:11,150 [DEBUG] Thrift server probe successful: stg-hdpsiddharth102.phonepe.nb6:9090
2025-10-24 16:15:11,177 [DEBUG] HappyBase connection opened successfully to stg-hdpsiddharth102.phonepe.nb6:9090.
2025-10-24 16:15:11,424 [DEBUG] Found 0 unique non-meta regions on stg-hdpsiddharth104.phonepe.nb6.
2025-10-24 16:15:11,425 [INFO] No non-meta regions found on server stg-hdpsiddharth104.phonepe.nb6.
2025-10-24 16:15:11,425 [INFO] Proceeding to stop the HBase RegionServer component on stg-hdpsiddharth104.phonepe.nb6 via Ambari...
2025-10-24 16:15:11,589 [INFO] Ambari action requested to stop HBASE_REGIONSERVER on stg-hdpsiddharth104.phonepe.nb6.
2025-10-24 16:15:11,589 [INFO] Allowing some time for Ambari to process the stop command...
2025-10-24 16:15:21,595 [INFO] Performing post-decommission checks...
2025-10-24 16:15:21,597 [DEBUG] Connecting Kazoo client to stg-hdpsiddharth102.phonepe.nb6:2181,stg-hdpsiddharth104.phonepe.nb6:2181,stg-hdpsiddharth105.phonepe.nb6:2181...
2025-10-24 16:15:21,605 [INFO] Connecting to stg-hdpsiddharth102.phonepe.nb6(10.57.40.169):2181, use_ssl: False
2025-10-24 16:15:21,629 [DEBUG] Sending request(xid=None): Connect(protocol_version=0, last_zxid_seen=0, time_out=10000, session_id=0, passwd=b'\x00\x00\x00\x00\x00\x00\x00\x00\x00\x00\x00\x00\x00\x00\x00\x00', read_only=None)
2025-10-24 16:15:21,673 [INFO] Zookeeper connection established, state: CONNECTED
2025-10-24 16:15:21,674 [DEBUG] Kazoo connected state: CONNECTED
2025-10-24 16:15:21,675 [DEBUG] Sending request(xid=1): Exists(path='/hbase-unsecure/rs', watcher=None)
2025-10-24 16:15:21,696 [DEBUG] Received response(xid=1): ZnodeStat(czxid=4294967326, mzxid=4294967326, ctime=1758625359656, mtime=1758625359656, version=0, cversion=26, aversion=0, ephemeralOwner=0, dataLength=0, numChildren=2, pzxid=12884969677)
2025-10-24 16:15:21,696 [DEBUG] Sending request(xid=2): GetChildren(path='/hbase-unsecure/rs', watcher=None)
2025-10-24 16:15:21,717 [DEBUG] Received response(xid=2): ['stg-hdpsiddharth105.phonepe.nb6,16020,1761297054197', 'stg-hdpsiddharth102.phonepe.nb6,16020,1761293738501']
2025-10-24 16:15:21,718 [DEBUG] Found 2 region servers in ZK under /hbase-unsecure/rs: ['stg-hdpsiddharth105.phonepe.nb6', 'stg-hdpsiddharth102.phonepe.nb6']
2025-10-24 16:15:21,718 [DEBUG] Sending request(xid=3): Close()
2025-10-24 16:15:21,718 [INFO] Closing connection to stg-hdpsiddharth102.phonepe.nb6:2181
2025-10-24 16:15:21,718 [INFO] Zookeeper session closed, state: CLOSED
2025-10-24 16:15:21,718 [INFO] Host stg-hdpsiddharth104.phonepe.nb6 confirmed removed from ZooKeeper /rs list.
2025-10-24 16:15:21,718 [INFO] Decommission flow completed for stg-hdpsiddharth104.phonepe.nb6 in 11.36 seconds.
2025-10-24 16:15:21,718 [INFO] AUDIT: {"timestamp_utc": "2025-10-24T10:45:21.718774Z", "user": "siddharth5.intern", "action": "decommission_complete", "details": {"host": "stg-hdpsiddharth104.phonepe.nb6", "duration_seconds": 11.357110023498535}}
2025-10-24 16:15:21,719 [INFO] Report written to logs/report_decommission_1761302721.json
2025-10-24 16:15:21,719 [DEBUG] Checking balancer state at ZK path: /hbase-unsecure/balancer
2025-10-24 16:15:21,719 [DEBUG] Connecting Kazoo client to stg-hdpsiddharth102.phonepe.nb6:2181,stg-hdpsiddharth104.phonepe.nb6:2181,stg-hdpsiddharth105.phonepe.nb6:2181...
2025-10-24 16:15:21,723 [INFO] Connecting to stg-hdpsiddharth104.phonepe.nb6(10.57.40.171):2181, use_ssl: False
2025-10-24 16:15:21,747 [DEBUG] Sending request(xid=None): Connect(protocol_version=0, last_zxid_seen=0, time_out=10000, session_id=0, passwd=b'\x00\x00\x00\x00\x00\x00\x00\x00\x00\x00\x00\x00\x00\x00\x00\x00', read_only=None)
2025-10-24 16:15:21,772 [INFO] Zookeeper connection established, state: CONNECTED
2025-10-24 16:15:21,772 [DEBUG] Kazoo connected state: CONNECTED
2025-10-24 16:15:21,773 [DEBUG] Sending request(xid=1): Exists(path='/hbase-unsecure/balancer', watcher=None)
2025-10-24 16:15:21,796 [DEBUG] Balancer state znode does not exist, assuming balancer is disabled.
2025-10-24 16:15:21,798 [DEBUG] Sending request(xid=2): Close()
2025-10-24 16:15:21,798 [INFO] Closing connection to stg-hdpsiddharth104.phonepe.nb6:2181
2025-10-24 16:15:21,798 [INFO] Zookeeper session closed, state: CLOSED
