2025-10-27 11:53:00,066 [INFO] AUDIT: {"timestamp_utc": "2025-10-27T06:23:00.066233Z", "user": "siddharth5.intern", "action": "decommission_request", "details": {"host": "stg-hdpsiddharth105.phonepe.nb6"}}
2025-10-27 11:53:00,066 [INFO] Performing pre-decommission checks...
2025-10-27 11:53:00,067 [DEBUG] Connecting Kazoo client to stg-hdpsiddharth102.phonepe.nb6:2181,stg-hdpsiddharth104.phonepe.nb6:2181,stg-hdpsiddharth105.phonepe.nb6:2181...
2025-10-27 11:53:00,072 [INFO] Connecting to stg-hdpsiddharth105.phonepe.nb6(10.57.40.172):2181, use_ssl: False
2025-10-27 11:53:00,093 [DEBUG] Sending request(xid=None): Connect(protocol_version=0, last_zxid_seen=0, time_out=10000, session_id=0, passwd=b'\x00\x00\x00\x00\x00\x00\x00\x00\x00\x00\x00\x00\x00\x00\x00\x00', read_only=None)
2025-10-27 11:53:00,123 [INFO] Zookeeper connection established, state: CONNECTED
2025-10-27 11:53:00,123 [DEBUG] Kazoo connected state: CONNECTED
2025-10-27 11:53:00,167 [DEBUG] Sending request(xid=1): Close()
2025-10-27 11:53:00,167 [INFO] Closing connection to stg-hdpsiddharth105.phonepe.nb6:2181
2025-10-27 11:53:00,167 [INFO] Zookeeper session closed, state: CLOSED
2025-10-27 11:53:00,167 [INFO] ZooKeeper check: OK=True, Details={'state': 'CONNECTED', 'server_version': (3, 5, 10)}
2025-10-27 11:53:00,167 [INFO] Skipping HDFS health check.
2025-10-27 11:53:00,167 [INFO] Checking active HBase Master via ZooKeeper...
2025-10-27 11:53:00,167 [DEBUG] Connecting Kazoo client to stg-hdpsiddharth102.phonepe.nb6:2181,stg-hdpsiddharth104.phonepe.nb6:2181,stg-hdpsiddharth105.phonepe.nb6:2181...
2025-10-27 11:53:00,172 [INFO] Connecting to stg-hdpsiddharth104.phonepe.nb6(10.57.40.171):2181, use_ssl: False
2025-10-27 11:53:00,192 [DEBUG] Sending request(xid=None): Connect(protocol_version=0, last_zxid_seen=0, time_out=10000, session_id=0, passwd=b'\x00\x00\x00\x00\x00\x00\x00\x00\x00\x00\x00\x00\x00\x00\x00\x00', read_only=None)
2025-10-27 11:53:00,214 [INFO] Zookeeper connection established, state: CONNECTED
2025-10-27 11:53:00,214 [DEBUG] Kazoo connected state: CONNECTED
2025-10-27 11:53:00,215 [DEBUG] Sending request(xid=1): Exists(path='/hbase-unsecure/master', watcher=None)
2025-10-27 11:53:00,235 [DEBUG] Received response(xid=1): ZnodeStat(czxid=12884948838, mzxid=12884948838, ctime=1760685762347, mtime=1760685762347, version=0, cversion=0, aversion=0, ephemeralOwner=72213291896560244, dataLength=79, numChildren=0, pzxid=12884948838)
2025-10-27 11:53:00,235 [DEBUG] Sending request(xid=2): GetData(path='/hbase-unsecure/master', watcher=None)
2025-10-27 11:53:00,255 [DEBUG] Received response(xid=2): (b'\xff\x00\x00\x00\x14master:16000\xba\xdb\x90\x98\x1b\xc3}\x8bPBUF\n+\n\x1fstg-hdpsiddharth102.phonepe.nb6\x10\x80}\x18\xc5\xa8\xb2\x88\x9f3\x10\x00\x18\x8a}', ZnodeStat(czxid=12884948838, mzxid=12884948838, ctime=1760685762347, mtime=1760685762347, version=0, cversion=0, aversion=0, ephemeralOwner=72213291896560244, dataLength=79, numChildren=0, pzxid=12884948838))
2025-10-27 11:53:00,255 [DEBUG] Raw data from ZK node /hbase-unsecure/master: b'\xff\x00\x00\x00\x14master:16000\xba\xdb\x90\x98\x1b\xc3}\x8bPBUF\n+\n\x1fstg-hdpsiddharth102.phonepe.nb6\x10\x80}\x18\xc5\xa8\xb2\x88\x9f3\x10\x00\x18\x8a}'
2025-10-27 11:53:00,255 [INFO] Active HBase Master found at stg-hdpsiddharth102.phonepe.nb6 via ZK node /hbase-unsecure/master.
2025-10-27 11:53:00,255 [DEBUG] Sending request(xid=3): Close()
2025-10-27 11:53:00,256 [INFO] Closing connection to stg-hdpsiddharth104.phonepe.nb6:2181
2025-10-27 11:53:00,256 [INFO] Zookeeper session closed, state: CLOSED
2025-10-27 11:53:00,256 [INFO] HBase Master ZK check: OK=True, Message=Active HBase Master found at stg-hdpsiddharth102.phonepe.nb6 via ZK node /hbase-unsecure/master.
2025-10-27 11:53:00,256 [INFO] Active HBase Master is stg-hdpsiddharth102.phonepe.nb6 via ZK.
2025-10-27 11:53:00,256 [DEBUG] Connecting Kazoo client to stg-hdpsiddharth102.phonepe.nb6:2181,stg-hdpsiddharth104.phonepe.nb6:2181,stg-hdpsiddharth105.phonepe.nb6:2181...
2025-10-27 11:53:00,259 [INFO] Connecting to stg-hdpsiddharth104.phonepe.nb6(10.57.40.171):2181, use_ssl: False
2025-10-27 11:53:00,279 [DEBUG] Sending request(xid=None): Connect(protocol_version=0, last_zxid_seen=0, time_out=10000, session_id=0, passwd=b'\x00\x00\x00\x00\x00\x00\x00\x00\x00\x00\x00\x00\x00\x00\x00\x00', read_only=None)
2025-10-27 11:53:00,303 [INFO] Zookeeper connection established, state: CONNECTED
2025-10-27 11:53:00,303 [DEBUG] Kazoo connected state: CONNECTED
2025-10-27 11:53:00,303 [DEBUG] Sending request(xid=1): Exists(path='/hbase-unsecure/meta-region-server', watcher=None)
2025-10-27 11:53:00,322 [DEBUG] Received response(xid=1): ZnodeStat(czxid=4294967363, mzxid=12884978384, ctime=1758625365810, mtime=1761545032030, version=44, cversion=0, aversion=0, ephemeralOwner=0, dataLength=78, numChildren=0, pzxid=4294967363)
2025-10-27 11:53:00,322 [DEBUG] Sending request(xid=2): GetData(path='/hbase-unsecure/meta-region-server', watcher=None)
2025-10-27 11:53:00,341 [DEBUG] Received response(xid=2): (b'\xff\x00\x00\x00\x14master:16000I\xad\x0f^\x00\xdf\t)PBUF\n+\n\x1fstg-hdpsiddharth105.phonepe.nb6\x10\x94}\x18\xb3\xda\x8b\xa2\xa23\x10\x00\x18\x03', ZnodeStat(czxid=4294967363, mzxid=12884978384, ctime=1758625365810, mtime=1761545032030, version=44, cversion=0, aversion=0, ephemeralOwner=0, dataLength=78, numChildren=0, pzxid=4294967363))
2025-10-27 11:53:00,342 [DEBUG] Raw data from ZK node /hbase-unsecure/meta-region-server: b'\xff\x00\x00\x00\x14master:16000I\xad\x0f^\x00\xdf\t)PBUF\n+\n\x1fstg-hdpsiddharth105.phonepe.nb6\x10\x94}\x18\xb3\xda\x8b\xa2\xa23\x10\x00\x18\x03'
2025-10-27 11:53:00,342 [INFO] Found meta-region-server at stg-hdpsiddharth105.phonepe.nb6 from ZK (regex match).
2025-10-27 11:53:00,342 [DEBUG] Sending request(xid=3): Close()
2025-10-27 11:53:00,342 [INFO] Closing connection to stg-hdpsiddharth104.phonepe.nb6:2181
2025-10-27 11:53:00,342 [INFO] Zookeeper session closed, state: CLOSED
2025-10-27 11:53:00,342 [INFO] hbase:meta region is hosted on: stg-hdpsiddharth105.phonepe.nb6
2025-10-27 11:53:00,342 [WARNING] WARNING: Target server stg-hdpsiddharth105.phonepe.nb6 hosts hbase:meta. Proceeding with decommission, but this is risky.
2025-10-27 11:53:00,342 [INFO] Checking current state and ZK registration of stg-hdpsiddharth105.phonepe.nb6...
2025-10-27 11:53:00,342 [DEBUG] Getting Ambari state for HBASE_REGIONSERVER on stg-hdpsiddharth105.phonepe.nb6
2025-10-27 11:53:00,405 [DEBUG] Ambari state for HBASE_REGIONSERVER on stg-hdpsiddharth105.phonepe.nb6 is 'STARTED'
2025-10-27 11:53:00,405 [DEBUG] Connecting Kazoo client to stg-hdpsiddharth102.phonepe.nb6:2181,stg-hdpsiddharth104.phonepe.nb6:2181,stg-hdpsiddharth105.phonepe.nb6:2181...
2025-10-27 11:53:00,411 [INFO] Connecting to stg-hdpsiddharth105.phonepe.nb6(10.57.40.172):2181, use_ssl: False
2025-10-27 11:53:00,431 [DEBUG] Sending request(xid=None): Connect(protocol_version=0, last_zxid_seen=0, time_out=10000, session_id=0, passwd=b'\x00\x00\x00\x00\x00\x00\x00\x00\x00\x00\x00\x00\x00\x00\x00\x00', read_only=None)
2025-10-27 11:53:00,454 [INFO] Zookeeper connection established, state: CONNECTED
2025-10-27 11:53:00,455 [DEBUG] Kazoo connected state: CONNECTED
2025-10-27 11:53:00,455 [DEBUG] Sending request(xid=1): Exists(path='/hbase-unsecure/rs', watcher=None)
2025-10-27 11:53:00,474 [DEBUG] Received response(xid=1): ZnodeStat(czxid=4294967326, mzxid=4294967326, ctime=1758625359656, mtime=1758625359656, version=0, cversion=43, aversion=0, ephemeralOwner=0, dataLength=0, numChildren=3, pzxid=12884978370)
2025-10-27 11:53:00,474 [DEBUG] Sending request(xid=2): GetChildren(path='/hbase-unsecure/rs', watcher=None)
2025-10-27 11:53:00,494 [DEBUG] Received response(xid=2): ['stg-hdpsiddharth104.phonepe.nb6,16020,1761536614565', 'stg-hdpsiddharth105.phonepe.nb6,16020,1761544957235', 'stg-hdpsiddharth102.phonepe.nb6,16020,1761293738501']
2025-10-27 11:53:00,494 [DEBUG] Found 3 region servers in ZK under /hbase-unsecure/rs: ['stg-hdpsiddharth104.phonepe.nb6', 'stg-hdpsiddharth105.phonepe.nb6', 'stg-hdpsiddharth102.phonepe.nb6']
2025-10-27 11:53:00,494 [DEBUG] Sending request(xid=3): Close()
2025-10-27 11:53:00,494 [INFO] Closing connection to stg-hdpsiddharth105.phonepe.nb6:2181
2025-10-27 11:53:00,494 [INFO] Zookeeper session closed, state: CLOSED
2025-10-27 11:53:00,494 [INFO] Target RegionServer stg-hdpsiddharth105.phonepe.nb6 is STARTED and registered in ZK.
2025-10-27 11:53:00,494 [INFO] Found 2 other live RegionServers: ['stg-hdpsiddharth104.phonepe.nb6', 'stg-hdpsiddharth102.phonepe.nb6']
2025-10-27 11:53:00,494 [INFO] Checking for regions in transition (RIT)...
2025-10-27 11:53:00,494 [DEBUG] Checking for regions in transition (RIT) in ZK...
2025-10-27 11:53:00,494 [DEBUG] Connecting Kazoo client to stg-hdpsiddharth102.phonepe.nb6:2181,stg-hdpsiddharth104.phonepe.nb6:2181,stg-hdpsiddharth105.phonepe.nb6:2181...
2025-10-27 11:53:00,499 [INFO] Connecting to stg-hdpsiddharth102.phonepe.nb6(10.57.40.169):2181, use_ssl: False
2025-10-27 11:53:00,522 [DEBUG] Sending request(xid=None): Connect(protocol_version=0, last_zxid_seen=0, time_out=10000, session_id=0, passwd=b'\x00\x00\x00\x00\x00\x00\x00\x00\x00\x00\x00\x00\x00\x00\x00\x00', read_only=None)
2025-10-27 11:53:00,544 [INFO] Zookeeper connection established, state: CONNECTED
2025-10-27 11:53:00,544 [DEBUG] Kazoo connected state: CONNECTED
2025-10-27 11:53:00,545 [DEBUG] Sending request(xid=1): Exists(path='/hbase-unsecure/region-in-transition', watcher=None)
2025-10-27 11:53:00,565 [DEBUG] RIT znode '/hbase-unsecure/region-in-transition' does not exist.
2025-10-27 11:53:00,566 [DEBUG] Sending request(xid=2): Exists(path='/hbase-unsecure/rit', watcher=None)
2025-10-27 11:53:00,587 [DEBUG] RIT znode '/hbase-unsecure/rit' does not exist.
2025-10-27 11:53:00,587 [DEBUG] No RIT znodes found, assuming 0 regions in transition.
2025-10-27 11:53:00,587 [DEBUG] Sending request(xid=3): Close()
2025-10-27 11:53:00,588 [INFO] Closing connection to stg-hdpsiddharth102.phonepe.nb6:2181
2025-10-27 11:53:00,588 [INFO] Zookeeper session closed, state: CLOSED
2025-10-27 11:53:00,588 [INFO] Found 0 regions in transition.
2025-10-27 11:53:00,588 [INFO] Checking HBase balancer state...
2025-10-27 11:53:00,588 [DEBUG] Checking balancer state via existence of ZK path: /hbase-unsecure/balancer
2025-10-27 11:53:00,588 [DEBUG] Connecting Kazoo client to stg-hdpsiddharth102.phonepe.nb6:2181,stg-hdpsiddharth104.phonepe.nb6:2181,stg-hdpsiddharth105.phonepe.nb6:2181...
2025-10-27 11:53:00,591 [INFO] Connecting to stg-hdpsiddharth104.phonepe.nb6(10.57.40.171):2181, use_ssl: False
2025-10-27 11:53:00,612 [DEBUG] Sending request(xid=None): Connect(protocol_version=0, last_zxid_seen=0, time_out=10000, session_id=0, passwd=b'\x00\x00\x00\x00\x00\x00\x00\x00\x00\x00\x00\x00\x00\x00\x00\x00', read_only=None)
2025-10-27 11:53:00,640 [INFO] Zookeeper connection established, state: CONNECTED
2025-10-27 11:53:00,640 [DEBUG] Kazoo connected state: CONNECTED
2025-10-27 11:53:00,640 [DEBUG] Sending request(xid=1): Exists(path='/hbase-unsecure/balancer', watcher=None)
2025-10-27 11:53:00,660 [DEBUG] Received response(xid=1): ZnodeStat(czxid=12884977743, mzxid=12884978354, ctime=1761534436856, mtime=1761544936839, version=10, cversion=0, aversion=0, ephemeralOwner=0, dataLength=31, numChildren=0, pzxid=12884977743)
2025-10-27 11:53:00,660 [DEBUG] Balancer znode '/hbase-unsecure/balancer' exists, assuming balancer is ENABLED.
2025-10-27 11:53:00,660 [DEBUG] Sending request(xid=2): Close()
2025-10-27 11:53:00,660 [INFO] Closing connection to stg-hdpsiddharth104.phonepe.nb6:2181
2025-10-27 11:53:00,660 [INFO] Zookeeper session closed, state: CLOSED
2025-10-27 11:53:00,660 [INFO] HBase balancer is currently ENABLED.
2025-10-27 11:53:00,660 [INFO] Disabling HBase balancer before region migration...
2025-10-27 11:53:00,660 [INFO] Disabling HBase balancer via Salt on stg-hdpsiddharth104.phonepe.nb6...
2025-10-27 11:53:00,660 [INFO] Requesting new Salt API token from https://stg-hdpsiddharth103.phonepe.nb6:8000 for user 'saltapiuser'...
2025-10-27 11:53:00,933 [INFO] Successfully obtained Salt API token.
2025-10-27 11:53:00,934 [INFO] Executing Salt command: tgt='stg-hdpsiddharth104.phonepe.nb6', fun='cmd.run', args='["echo 'balance_switch false' | hbase shell -n"]'
2025-10-27 11:53:14,550 [DEBUG] Raw Salt command result: {'stg-hdpsiddharth104.phonepe.nb6': '/usr/odp/3.2.2.0-1/hadoop/libexec/hadoop-functions.sh: line 2401: HADOOP_ORG.APACHE.HADOOP.HBASE.UTIL.GETJAVAPROPERTY_USER: invalid variable name\n/usr/odp/3.2.2.0-1/hadoop/libexec/hadoop-functions.sh: line 2366: HADOOP_ORG.APACHE.HADOOP.HBASE.UTIL.GETJAVAPROPERTY_USER: invalid variable name\n/usr/odp/3.2.2.0-1/hadoop/libexec/hadoop-functions.sh: line 2461: HADOOP_ORG.APACHE.HADOOP.HBASE.UTIL.GETJAVAPROPERTY_OPTS: invalid variable name\nSLF4J: Class path contains multiple SLF4J bindings.\nSLF4J: Found binding in [jar:file:/usr/odp/3.2.2.0-1/hbase/lib/client-facing-thirdparty/slf4j-reload4j-1.7.33.jar!/org/slf4j/impl/StaticLoggerBinder.class]\nSLF4J: Found binding in [jar:file:/usr/odp/3.2.2.0-1/hadoop/lib/slf4j-log4j12-1.7.25.jar!/org/slf4j/impl/StaticLoggerBinder.class]\nSLF4J: See http://www.slf4j.org/codes.html#multiple_bindings for an explanation.\nSLF4J: Actual binding is of type [org.slf4j.impl.Reload4jLoggerFactory]\nhbase:001:0> balance_switch false\nPrevious balancer state : true\nTook 0.6902 seconds\n=> true\nhbase:002:0>'}
2025-10-27 11:53:14,552 [INFO] Salt cmd.run output from 'stg-hdpsiddharth104.phonepe.nb6': /usr/odp/3.2.2.0-1/hadoop/libexec/hadoop-functions.sh: line 2401: HADOOP_ORG.APACHE.HADOOP.HBASE.UTIL.GETJAVAPROPERTY_USER: invalid variable name
/usr/odp/3.2.2.0-1/hadoop/libexec/hadoop-functions.sh: line 2366: HADOOP_ORG.APACHE.HADOOP.HBASE.UTIL.GETJAVAPROPERTY_USER: invalid variable name
/usr/odp/3.2.2.0-1/hadoop/libexec/hadoop-functions.sh: line 2461: HADOOP_ORG.APACHE.HADOOP.HBASE.UTIL.GETJAVAPROPERTY_OPTS: invalid variable name
SLF4J: Class path contains multiple SLF4J bindings.
SLF4J: Fou...
2025-10-27 11:53:14,554 [INFO] HBase balancer state change to False requested successfully.
2025-10-27 11:53:17,559 [DEBUG] Checking balancer state via existence of ZK path: /hbase-unsecure/balancer
2025-10-27 11:53:17,561 [DEBUG] Connecting Kazoo client to stg-hdpsiddharth102.phonepe.nb6:2181,stg-hdpsiddharth104.phonepe.nb6:2181,stg-hdpsiddharth105.phonepe.nb6:2181...
2025-10-27 11:53:17,572 [INFO] Connecting to stg-hdpsiddharth105.phonepe.nb6(10.57.40.172):2181, use_ssl: False
2025-10-27 11:53:17,594 [DEBUG] Sending request(xid=None): Connect(protocol_version=0, last_zxid_seen=0, time_out=10000, session_id=0, passwd=b'\x00\x00\x00\x00\x00\x00\x00\x00\x00\x00\x00\x00\x00\x00\x00\x00', read_only=None)
2025-10-27 11:53:17,619 [INFO] Zookeeper connection established, state: CONNECTED
2025-10-27 11:53:17,619 [DEBUG] Kazoo connected state: CONNECTED
2025-10-27 11:53:17,619 [DEBUG] Sending request(xid=1): Exists(path='/hbase-unsecure/balancer', watcher=None)
2025-10-27 11:53:17,639 [DEBUG] Received response(xid=1): ZnodeStat(czxid=12884977743, mzxid=12884978442, ctime=1761534436856, mtime=1761546193963, version=11, cversion=0, aversion=0, ephemeralOwner=0, dataLength=31, numChildren=0, pzxid=12884977743)
2025-10-27 11:53:17,639 [DEBUG] Balancer znode '/hbase-unsecure/balancer' exists, assuming balancer is ENABLED.
2025-10-27 11:53:17,639 [DEBUG] Sending request(xid=2): Close()
2025-10-27 11:53:17,640 [INFO] Closing connection to stg-hdpsiddharth105.phonepe.nb6:2181
2025-10-27 11:53:17,640 [INFO] Zookeeper session closed, state: CLOSED
2025-10-27 11:53:17,640 [WARNING] Balancer state in ZK (True) does not match desired state (False) shortly after command execution.
2025-10-27 11:53:17,640 [INFO] Checking for regions hosted on stg-hdpsiddharth105.phonepe.nb6...
2025-10-27 11:53:17,640 [DEBUG] Scanning hbase:meta for non-meta regions hosted on server: stg-hdpsiddharth105.phonepe.nb6,16020
2025-10-27 11:53:17,664 [DEBUG] Thrift server probe successful: stg-hdpsiddharth102.phonepe.nb6:9090
2025-10-27 11:53:17,693 [DEBUG] HappyBase connection opened successfully to stg-hdpsiddharth102.phonepe.nb6:9090.
2025-10-27 11:53:17,798 [DEBUG] Found 0 unique non-meta regions on stg-hdpsiddharth105.phonepe.nb6.
2025-10-27 11:53:17,799 [INFO] No non-meta regions found on server stg-hdpsiddharth105.phonepe.nb6.
2025-10-27 11:53:17,800 [INFO] Proceeding to stop the HBase RegionServer component on stg-hdpsiddharth105.phonepe.nb6 via Ambari...
2025-10-27 11:53:17,916 [INFO] Ambari action requested to stop HBASE_REGIONSERVER on stg-hdpsiddharth105.phonepe.nb6.
2025-10-27 11:53:17,916 [INFO] Allowing some time for Ambari to process the stop command...
2025-10-27 11:53:27,919 [INFO] Re-enabling HBase balancer...
2025-10-27 11:53:27,921 [INFO] Enabling HBase balancer via Salt on stg-hdpsiddharth104.phonepe.nb6...
2025-10-27 11:53:27,921 [DEBUG] Using cached Salt API token.
2025-10-27 11:53:27,921 [INFO] Executing Salt command: tgt='stg-hdpsiddharth104.phonepe.nb6', fun='cmd.run', args='["echo 'balance_switch true' | hbase shell -n"]'
2025-10-27 11:53:41,567 [DEBUG] Raw Salt command result: {'stg-hdpsiddharth104.phonepe.nb6': '/usr/odp/3.2.2.0-1/hadoop/libexec/hadoop-functions.sh: line 2401: HADOOP_ORG.APACHE.HADOOP.HBASE.UTIL.GETJAVAPROPERTY_USER: invalid variable name\n/usr/odp/3.2.2.0-1/hadoop/libexec/hadoop-functions.sh: line 2366: HADOOP_ORG.APACHE.HADOOP.HBASE.UTIL.GETJAVAPROPERTY_USER: invalid variable name\n/usr/odp/3.2.2.0-1/hadoop/libexec/hadoop-functions.sh: line 2461: HADOOP_ORG.APACHE.HADOOP.HBASE.UTIL.GETJAVAPROPERTY_OPTS: invalid variable name\nSLF4J: Class path contains multiple SLF4J bindings.\nSLF4J: Found binding in [jar:file:/usr/odp/3.2.2.0-1/hbase/lib/client-facing-thirdparty/slf4j-reload4j-1.7.33.jar!/org/slf4j/impl/StaticLoggerBinder.class]\nSLF4J: Found binding in [jar:file:/usr/odp/3.2.2.0-1/hadoop/lib/slf4j-log4j12-1.7.25.jar!/org/slf4j/impl/StaticLoggerBinder.class]\nSLF4J: See http://www.slf4j.org/codes.html#multiple_bindings for an explanation.\nSLF4J: Actual binding is of type [org.slf4j.impl.Reload4jLoggerFactory]\nhbase:001:0> balance_switch true\nPrevious balancer state : false\nTook 0.6261 seconds\n=> false\nhbase:002:0>'}
2025-10-27 11:53:41,568 [INFO] Salt cmd.run output from 'stg-hdpsiddharth104.phonepe.nb6': /usr/odp/3.2.2.0-1/hadoop/libexec/hadoop-functions.sh: line 2401: HADOOP_ORG.APACHE.HADOOP.HBASE.UTIL.GETJAVAPROPERTY_USER: invalid variable name
/usr/odp/3.2.2.0-1/hadoop/libexec/hadoop-functions.sh: line 2366: HADOOP_ORG.APACHE.HADOOP.HBASE.UTIL.GETJAVAPROPERTY_USER: invalid variable name
/usr/odp/3.2.2.0-1/hadoop/libexec/hadoop-functions.sh: line 2461: HADOOP_ORG.APACHE.HADOOP.HBASE.UTIL.GETJAVAPROPERTY_OPTS: invalid variable name
SLF4J: Class path contains multiple SLF4J bindings.
SLF4J: Fou...
2025-10-27 11:53:41,569 [INFO] HBase balancer state change to True requested successfully.
2025-10-27 11:53:44,575 [DEBUG] Checking balancer state via existence of ZK path: /hbase-unsecure/balancer
2025-10-27 11:53:44,576 [DEBUG] Connecting Kazoo client to stg-hdpsiddharth102.phonepe.nb6:2181,stg-hdpsiddharth104.phonepe.nb6:2181,stg-hdpsiddharth105.phonepe.nb6:2181...
2025-10-27 11:53:44,583 [INFO] Connecting to stg-hdpsiddharth102.phonepe.nb6(10.57.40.169):2181, use_ssl: False
2025-10-27 11:53:44,616 [DEBUG] Sending request(xid=None): Connect(protocol_version=0, last_zxid_seen=0, time_out=10000, session_id=0, passwd=b'\x00\x00\x00\x00\x00\x00\x00\x00\x00\x00\x00\x00\x00\x00\x00\x00', read_only=None)
2025-10-27 11:53:44,663 [INFO] Zookeeper connection established, state: CONNECTED
2025-10-27 11:53:44,663 [DEBUG] Kazoo connected state: CONNECTED
2025-10-27 11:53:44,664 [DEBUG] Sending request(xid=1): Exists(path='/hbase-unsecure/balancer', watcher=None)
2025-10-27 11:53:44,685 [DEBUG] Received response(xid=1): ZnodeStat(czxid=12884977743, mzxid=12884978453, ctime=1761534436856, mtime=1761546221040, version=12, cversion=0, aversion=0, ephemeralOwner=0, dataLength=31, numChildren=0, pzxid=12884977743)
2025-10-27 11:53:44,685 [DEBUG] Balancer znode '/hbase-unsecure/balancer' exists, assuming balancer is ENABLED.
2025-10-27 11:53:44,686 [DEBUG] Sending request(xid=2): Close()
2025-10-27 11:53:44,686 [INFO] Closing connection to stg-hdpsiddharth102.phonepe.nb6:2181
2025-10-27 11:53:44,686 [INFO] Zookeeper session closed, state: CLOSED
2025-10-27 11:53:44,686 [INFO] Balancer state confirmed as True in ZK.
2025-10-27 11:53:44,686 [INFO] Performing post-decommission checks...
2025-10-27 11:53:44,686 [DEBUG] Connecting Kazoo client to stg-hdpsiddharth102.phonepe.nb6:2181,stg-hdpsiddharth104.phonepe.nb6:2181,stg-hdpsiddharth105.phonepe.nb6:2181...
2025-10-27 11:53:44,690 [INFO] Connecting to stg-hdpsiddharth102.phonepe.nb6(10.57.40.169):2181, use_ssl: False
2025-10-27 11:53:44,711 [DEBUG] Sending request(xid=None): Connect(protocol_version=0, last_zxid_seen=0, time_out=10000, session_id=0, passwd=b'\x00\x00\x00\x00\x00\x00\x00\x00\x00\x00\x00\x00\x00\x00\x00\x00', read_only=None)
2025-10-27 11:53:44,738 [INFO] Zookeeper connection established, state: CONNECTED
2025-10-27 11:53:44,738 [DEBUG] Kazoo connected state: CONNECTED
2025-10-27 11:53:44,738 [DEBUG] Sending request(xid=1): Exists(path='/hbase-unsecure/rs', watcher=None)
2025-10-27 11:53:44,760 [DEBUG] Received response(xid=1): ZnodeStat(czxid=4294967326, mzxid=4294967326, ctime=1758625359656, mtime=1758625359656, version=0, cversion=44, aversion=0, ephemeralOwner=0, dataLength=0, numChildren=2, pzxid=12884978445)
2025-10-27 11:53:44,761 [DEBUG] Sending request(xid=2): GetChildren(path='/hbase-unsecure/rs', watcher=None)
2025-10-27 11:53:44,780 [DEBUG] Received response(xid=2): ['stg-hdpsiddharth104.phonepe.nb6,16020,1761536614565', 'stg-hdpsiddharth102.phonepe.nb6,16020,1761293738501']
2025-10-27 11:53:44,780 [DEBUG] Found 2 region servers in ZK under /hbase-unsecure/rs: ['stg-hdpsiddharth104.phonepe.nb6', 'stg-hdpsiddharth102.phonepe.nb6']
2025-10-27 11:53:44,781 [DEBUG] Sending request(xid=3): Close()
2025-10-27 11:53:44,781 [INFO] Closing connection to stg-hdpsiddharth102.phonepe.nb6:2181
2025-10-27 11:53:44,781 [INFO] Zookeeper session closed, state: CLOSED
2025-10-27 11:53:44,781 [INFO] Host stg-hdpsiddharth105.phonepe.nb6 confirmed removed from ZooKeeper /rs list.
2025-10-27 11:53:44,781 [INFO] Decommission flow completed for stg-hdpsiddharth105.phonepe.nb6 in 44.71 seconds.
2025-10-27 11:53:44,781 [INFO] AUDIT: {"timestamp_utc": "2025-10-27T06:23:44.781566Z", "user": "siddharth5.intern", "action": "decommission_complete", "details": {"host": "stg-hdpsiddharth105.phonepe.nb6", "duration_seconds": 44.714609146118164}}
2025-10-27 11:53:44,783 [INFO] Report written to logs/report_decommission_1761546224.json
2025-10-27 11:53:44,783 [DEBUG] Checking balancer state via existence of ZK path: /hbase-unsecure/balancer
2025-10-27 11:53:44,784 [DEBUG] Connecting Kazoo client to stg-hdpsiddharth102.phonepe.nb6:2181,stg-hdpsiddharth104.phonepe.nb6:2181,stg-hdpsiddharth105.phonepe.nb6:2181...
2025-10-27 11:53:44,787 [INFO] Connecting to stg-hdpsiddharth105.phonepe.nb6(10.57.40.172):2181, use_ssl: False
2025-10-27 11:53:44,831 [DEBUG] Sending request(xid=None): Connect(protocol_version=0, last_zxid_seen=0, time_out=10000, session_id=0, passwd=b'\x00\x00\x00\x00\x00\x00\x00\x00\x00\x00\x00\x00\x00\x00\x00\x00', read_only=None)
2025-10-27 11:53:44,855 [INFO] Zookeeper connection established, state: CONNECTED
2025-10-27 11:53:44,855 [DEBUG] Kazoo connected state: CONNECTED
2025-10-27 11:53:44,855 [DEBUG] Sending request(xid=1): Exists(path='/hbase-unsecure/balancer', watcher=None)
2025-10-27 11:53:44,878 [DEBUG] Received response(xid=1): ZnodeStat(czxid=12884977743, mzxid=12884978453, ctime=1761534436856, mtime=1761546221040, version=12, cversion=0, aversion=0, ephemeralOwner=0, dataLength=31, numChildren=0, pzxid=12884977743)
2025-10-27 11:53:44,878 [DEBUG] Balancer znode '/hbase-unsecure/balancer' exists, assuming balancer is ENABLED.
2025-10-27 11:53:44,878 [DEBUG] Sending request(xid=2): Close()
2025-10-27 11:53:44,879 [INFO] Closing connection to stg-hdpsiddharth105.phonepe.nb6:2181
2025-10-27 11:53:44,879 [INFO] Zookeeper session closed, state: CLOSED
