2025-10-26 23:41:38,950 [INFO] AUDIT: {"timestamp_utc": "2025-10-26T18:11:38.950009Z", "user": "siddharth5.intern", "action": "recommission_request", "details": {"host": "stg-hdpsiddharth105.phonepe.nb6"}}
2025-10-26 23:41:38,950 [INFO] Performing pre-recommission checks...
2025-10-26 23:41:38,950 [DEBUG] Connecting Kazoo client to stg-hdpsiddharth102.phonepe.nb6:2181,stg-hdpsiddharth104.phonepe.nb6:2181,stg-hdpsiddharth105.phonepe.nb6:2181...
2025-10-26 23:41:38,956 [INFO] Connecting to stg-hdpsiddharth102.phonepe.nb6(10.57.40.169):2181, use_ssl: False
2025-10-26 23:41:39,015 [DEBUG] Sending request(xid=None): Connect(protocol_version=0, last_zxid_seen=0, time_out=10000, session_id=0, passwd=b'\x00\x00\x00\x00\x00\x00\x00\x00\x00\x00\x00\x00\x00\x00\x00\x00', read_only=None)
2025-10-26 23:41:39,067 [INFO] Zookeeper connection established, state: CONNECTED
2025-10-26 23:41:39,067 [DEBUG] Kazoo connected state: CONNECTED
2025-10-26 23:41:39,169 [DEBUG] Sending request(xid=1): Close()
2025-10-26 23:41:39,170 [INFO] Closing connection to stg-hdpsiddharth102.phonepe.nb6:2181
2025-10-26 23:41:39,170 [INFO] Zookeeper session closed, state: CLOSED
2025-10-26 23:41:39,170 [INFO] ZooKeeper check: OK=True, Details={'state': 'CONNECTED', 'server_version': (3, 5, 10)}
2025-10-26 23:41:39,170 [INFO] Skipping HDFS health check.
2025-10-26 23:41:39,170 [INFO] Checking active HBase Master via ZooKeeper...
2025-10-26 23:41:39,170 [DEBUG] Connecting Kazoo client to stg-hdpsiddharth102.phonepe.nb6:2181,stg-hdpsiddharth104.phonepe.nb6:2181,stg-hdpsiddharth105.phonepe.nb6:2181...
2025-10-26 23:41:39,175 [INFO] Connecting to stg-hdpsiddharth104.phonepe.nb6(10.57.40.171):2181, use_ssl: False
2025-10-26 23:41:39,220 [DEBUG] Sending request(xid=None): Connect(protocol_version=0, last_zxid_seen=0, time_out=10000, session_id=0, passwd=b'\x00\x00\x00\x00\x00\x00\x00\x00\x00\x00\x00\x00\x00\x00\x00\x00', read_only=None)
2025-10-26 23:41:39,273 [INFO] Zookeeper connection established, state: CONNECTED
2025-10-26 23:41:39,274 [DEBUG] Kazoo connected state: CONNECTED
2025-10-26 23:41:39,274 [DEBUG] Sending request(xid=1): Exists(path='/hbase-unsecure/master', watcher=None)
2025-10-26 23:41:39,324 [DEBUG] Received response(xid=1): ZnodeStat(czxid=12884948838, mzxid=12884948838, ctime=1760685762347, mtime=1760685762347, version=0, cversion=0, aversion=0, ephemeralOwner=72213291896560244, dataLength=79, numChildren=0, pzxid=12884948838)
2025-10-26 23:41:39,325 [DEBUG] Sending request(xid=2): GetData(path='/hbase-unsecure/master', watcher=None)
2025-10-26 23:41:39,378 [DEBUG] Received response(xid=2): (b'\xff\x00\x00\x00\x14master:16000\xba\xdb\x90\x98\x1b\xc3}\x8bPBUF\n+\n\x1fstg-hdpsiddharth102.phonepe.nb6\x10\x80}\x18\xc5\xa8\xb2\x88\x9f3\x10\x00\x18\x8a}', ZnodeStat(czxid=12884948838, mzxid=12884948838, ctime=1760685762347, mtime=1760685762347, version=0, cversion=0, aversion=0, ephemeralOwner=72213291896560244, dataLength=79, numChildren=0, pzxid=12884948838))
2025-10-26 23:41:39,379 [DEBUG] Raw data from ZK node /hbase-unsecure/master: b'\xff\x00\x00\x00\x14master:16000\xba\xdb\x90\x98\x1b\xc3}\x8bPBUF\n+\n\x1fstg-hdpsiddharth102.phonepe.nb6\x10\x80}\x18\xc5\xa8\xb2\x88\x9f3\x10\x00\x18\x8a}'
2025-10-26 23:41:39,380 [INFO] Active HBase Master found at stg-hdpsiddharth102.phonepe.nb6 via ZK node /hbase-unsecure/master.
2025-10-26 23:41:39,381 [DEBUG] Sending request(xid=3): Close()
2025-10-26 23:41:39,381 [INFO] Closing connection to stg-hdpsiddharth104.phonepe.nb6:2181
2025-10-26 23:41:39,381 [INFO] Zookeeper session closed, state: CLOSED
2025-10-26 23:41:39,382 [INFO] HBase Master ZK check: OK=True, Message=Active HBase Master found at stg-hdpsiddharth102.phonepe.nb6 via ZK node /hbase-unsecure/master.
2025-10-26 23:41:39,382 [INFO] Active HBase Master is stg-hdpsiddharth102.phonepe.nb6 via ZK.
2025-10-26 23:41:39,382 [INFO] Checking current Ambari state of HBASE_REGIONSERVER on stg-hdpsiddharth105.phonepe.nb6...
2025-10-26 23:41:39,382 [DEBUG] Getting Ambari state for HBASE_REGIONSERVER on stg-hdpsiddharth105.phonepe.nb6
2025-10-26 23:41:39,531 [DEBUG] Ambari state for HBASE_REGIONSERVER on stg-hdpsiddharth105.phonepe.nb6 is 'INSTALLED'
2025-10-26 23:41:39,532 [INFO] Target RegionServer stg-hdpsiddharth105.phonepe.nb6 is currently INSTALLED (stopped). Proceeding with start.
2025-10-26 23:41:39,532 [INFO] Instructing Ambari to START HBASE_REGIONSERVER on stg-hdpsiddharth105.phonepe.nb6...
2025-10-26 23:41:39,686 [INFO] Ambari start command requested successfully.
2025-10-26 23:41:39,687 [INFO] Allowing time for Ambari/Agent and RegionServer startup...
2025-10-26 23:41:54,689 [INFO] Waiting up to 300s for stg-hdpsiddharth105.phonepe.nb6 to appear in ZooKeeper /rs znode...
2025-10-26 23:41:54,691 [DEBUG] Connecting Kazoo client to stg-hdpsiddharth102.phonepe.nb6:2181,stg-hdpsiddharth104.phonepe.nb6:2181,stg-hdpsiddharth105.phonepe.nb6:2181...
2025-10-26 23:41:54,696 [INFO] Connecting to stg-hdpsiddharth102.phonepe.nb6(10.57.40.169):2181, use_ssl: False
2025-10-26 23:41:54,737 [DEBUG] Sending request(xid=None): Connect(protocol_version=0, last_zxid_seen=0, time_out=10000, session_id=0, passwd=b'\x00\x00\x00\x00\x00\x00\x00\x00\x00\x00\x00\x00\x00\x00\x00\x00', read_only=None)
2025-10-26 23:41:54,789 [INFO] Zookeeper connection established, state: CONNECTED
2025-10-26 23:41:54,790 [DEBUG] Kazoo connected state: CONNECTED
2025-10-26 23:41:54,791 [DEBUG] Sending request(xid=1): Exists(path='/hbase-unsecure/rs', watcher=None)
2025-10-26 23:41:54,838 [DEBUG] Received response(xid=1): ZnodeStat(czxid=4294967326, mzxid=4294967326, ctime=1758625359656, mtime=1758625359656, version=0, cversion=31, aversion=0, ephemeralOwner=0, dataLength=0, numChildren=3, pzxid=12884976515)
2025-10-26 23:41:54,840 [DEBUG] Sending request(xid=2): GetChildren(path='/hbase-unsecure/rs', watcher=None)
2025-10-26 23:41:54,891 [DEBUG] Received response(xid=2): ['stg-hdpsiddharth104.phonepe.nb6,16020,1761302799749', 'stg-hdpsiddharth102.phonepe.nb6,16020,1761293738501', 'stg-hdpsiddharth105.phonepe.nb6,16020,1761502304601']
2025-10-26 23:41:54,891 [DEBUG] Found 3 region servers in ZK under /hbase-unsecure/rs: ['stg-hdpsiddharth104.phonepe.nb6', 'stg-hdpsiddharth102.phonepe.nb6', 'stg-hdpsiddharth105.phonepe.nb6']
2025-10-26 23:41:54,892 [DEBUG] Sending request(xid=3): Close()
2025-10-26 23:41:54,892 [INFO] Closing connection to stg-hdpsiddharth102.phonepe.nb6:2181
2025-10-26 23:41:54,893 [INFO] Zookeeper session closed, state: CLOSED
2025-10-26 23:41:54,894 [INFO] Server stg-hdpsiddharth105.phonepe.nb6 successfully registered in ZooKeeper.
2025-10-26 23:41:54,894 [INFO] Recommission completed successfully for stg-hdpsiddharth105.phonepe.nb6 in 15.94 seconds.
2025-10-26 23:41:54,894 [INFO] AUDIT: {"timestamp_utc": "2025-10-26T18:11:54.894904Z", "user": "siddharth5.intern", "action": "recommission_complete", "details": {"host": "stg-hdpsiddharth105.phonepe.nb6", "duration_seconds": 15.94405722618103}}
2025-10-26 23:41:54,896 [INFO] Report written to logs/report_recommission_1761502314.json
