2025-10-27 11:16:46,287 [INFO] AUDIT: {"timestamp_utc": "2025-10-27T05:46:46.287030Z", "user": "siddharth5.intern", "action": "recommission_request", "details": {"host": "stg-hdpsiddharth105.phonepe.nb6"}}
2025-10-27 11:16:46,287 [INFO] Performing pre-recommission checks...
2025-10-27 11:16:46,287 [DEBUG] Connecting Kazoo client to stg-hdpsiddharth102.phonepe.nb6:2181,stg-hdpsiddharth104.phonepe.nb6:2181,stg-hdpsiddharth105.phonepe.nb6:2181...
2025-10-27 11:16:46,293 [INFO] Connecting to stg-hdpsiddharth104.phonepe.nb6(10.57.40.171):2181, use_ssl: False
2025-10-27 11:16:46,315 [DEBUG] Sending request(xid=None): Connect(protocol_version=0, last_zxid_seen=0, time_out=10000, session_id=0, passwd=b'\x00\x00\x00\x00\x00\x00\x00\x00\x00\x00\x00\x00\x00\x00\x00\x00', read_only=None)
2025-10-27 11:16:46,338 [INFO] Zookeeper connection established, state: CONNECTED
2025-10-27 11:16:46,338 [DEBUG] Kazoo connected state: CONNECTED
2025-10-27 11:16:46,383 [DEBUG] Sending request(xid=1): Close()
2025-10-27 11:16:46,383 [INFO] Closing connection to stg-hdpsiddharth104.phonepe.nb6:2181
2025-10-27 11:16:46,383 [INFO] Zookeeper session closed, state: CLOSED
2025-10-27 11:16:46,383 [INFO] ZooKeeper check: OK=True, Details={'state': 'CONNECTED', 'server_version': (3, 5, 10)}
2025-10-27 11:16:46,383 [INFO] Skipping HDFS health check.
2025-10-27 11:16:46,383 [INFO] Checking active HBase Master via ZooKeeper...
2025-10-27 11:16:46,383 [DEBUG] Connecting Kazoo client to stg-hdpsiddharth102.phonepe.nb6:2181,stg-hdpsiddharth104.phonepe.nb6:2181,stg-hdpsiddharth105.phonepe.nb6:2181...
2025-10-27 11:16:46,388 [INFO] Connecting to stg-hdpsiddharth102.phonepe.nb6(10.57.40.169):2181, use_ssl: False
2025-10-27 11:16:46,408 [DEBUG] Sending request(xid=None): Connect(protocol_version=0, last_zxid_seen=0, time_out=10000, session_id=0, passwd=b'\x00\x00\x00\x00\x00\x00\x00\x00\x00\x00\x00\x00\x00\x00\x00\x00', read_only=None)
2025-10-27 11:16:46,430 [INFO] Zookeeper connection established, state: CONNECTED
2025-10-27 11:16:46,431 [DEBUG] Kazoo connected state: CONNECTED
2025-10-27 11:16:46,431 [DEBUG] Sending request(xid=1): Exists(path='/hbase-unsecure/master', watcher=None)
2025-10-27 11:16:46,450 [DEBUG] Received response(xid=1): ZnodeStat(czxid=12884948838, mzxid=12884948838, ctime=1760685762347, mtime=1760685762347, version=0, cversion=0, aversion=0, ephemeralOwner=72213291896560244, dataLength=79, numChildren=0, pzxid=12884948838)
2025-10-27 11:16:46,450 [DEBUG] Sending request(xid=2): GetData(path='/hbase-unsecure/master', watcher=None)
2025-10-27 11:16:46,473 [DEBUG] Received response(xid=2): (b'\xff\x00\x00\x00\x14master:16000\xba\xdb\x90\x98\x1b\xc3}\x8bPBUF\n+\n\x1fstg-hdpsiddharth102.phonepe.nb6\x10\x80}\x18\xc5\xa8\xb2\x88\x9f3\x10\x00\x18\x8a}', ZnodeStat(czxid=12884948838, mzxid=12884948838, ctime=1760685762347, mtime=1760685762347, version=0, cversion=0, aversion=0, ephemeralOwner=72213291896560244, dataLength=79, numChildren=0, pzxid=12884948838))
2025-10-27 11:16:46,473 [DEBUG] Raw data from ZK node /hbase-unsecure/master: b'\xff\x00\x00\x00\x14master:16000\xba\xdb\x90\x98\x1b\xc3}\x8bPBUF\n+\n\x1fstg-hdpsiddharth102.phonepe.nb6\x10\x80}\x18\xc5\xa8\xb2\x88\x9f3\x10\x00\x18\x8a}'
2025-10-27 11:16:46,473 [INFO] Active HBase Master found at stg-hdpsiddharth102.phonepe.nb6 via ZK node /hbase-unsecure/master.
2025-10-27 11:16:46,473 [DEBUG] Sending request(xid=3): Close()
2025-10-27 11:16:46,474 [INFO] Closing connection to stg-hdpsiddharth102.phonepe.nb6:2181
2025-10-27 11:16:46,474 [INFO] Zookeeper session closed, state: CLOSED
2025-10-27 11:16:46,474 [INFO] HBase Master ZK check: OK=True, Message=Active HBase Master found at stg-hdpsiddharth102.phonepe.nb6 via ZK node /hbase-unsecure/master.
2025-10-27 11:16:46,474 [INFO] Active HBase Master is stg-hdpsiddharth102.phonepe.nb6 via ZK.
2025-10-27 11:16:46,474 [INFO] Checking current Ambari state of HBASE_REGIONSERVER on stg-hdpsiddharth105.phonepe.nb6...
2025-10-27 11:16:46,474 [DEBUG] Getting Ambari state for HBASE_REGIONSERVER on stg-hdpsiddharth105.phonepe.nb6
2025-10-27 11:16:46,549 [DEBUG] Ambari state for HBASE_REGIONSERVER on stg-hdpsiddharth105.phonepe.nb6 is 'INSTALLED'
2025-10-27 11:16:46,550 [INFO] Target RegionServer stg-hdpsiddharth105.phonepe.nb6 is currently INSTALLED (stopped). Proceeding with start.
2025-10-27 11:16:46,550 [INFO] Instructing Ambari to START HBASE_REGIONSERVER on stg-hdpsiddharth105.phonepe.nb6...
2025-10-27 11:16:46,687 [INFO] Ambari start command requested successfully.
2025-10-27 11:16:46,687 [INFO] Allowing time for Ambari/Agent and RegionServer startup...
2025-10-27 11:17:01,691 [INFO] Waiting up to 300s for stg-hdpsiddharth105.phonepe.nb6 to appear in ZooKeeper /rs znode...
2025-10-27 11:17:01,695 [DEBUG] Connecting Kazoo client to stg-hdpsiddharth102.phonepe.nb6:2181,stg-hdpsiddharth104.phonepe.nb6:2181,stg-hdpsiddharth105.phonepe.nb6:2181...
2025-10-27 11:17:01,702 [INFO] Connecting to stg-hdpsiddharth104.phonepe.nb6(10.57.40.171):2181, use_ssl: False
2025-10-27 11:17:01,738 [DEBUG] Sending request(xid=None): Connect(protocol_version=0, last_zxid_seen=0, time_out=10000, session_id=0, passwd=b'\x00\x00\x00\x00\x00\x00\x00\x00\x00\x00\x00\x00\x00\x00\x00\x00', read_only=None)
2025-10-27 11:17:01,763 [INFO] Zookeeper connection established, state: CONNECTED
2025-10-27 11:17:01,764 [DEBUG] Kazoo connected state: CONNECTED
2025-10-27 11:17:01,765 [DEBUG] Sending request(xid=1): Exists(path='/hbase-unsecure/rs', watcher=None)
2025-10-27 11:17:01,786 [DEBUG] Received response(xid=1): ZnodeStat(czxid=4294967326, mzxid=4294967326, ctime=1758625359656, mtime=1758625359656, version=0, cversion=41, aversion=0, ephemeralOwner=0, dataLength=0, numChildren=3, pzxid=12884978288)
2025-10-27 11:17:01,787 [DEBUG] Sending request(xid=2): GetChildren(path='/hbase-unsecure/rs', watcher=None)
2025-10-27 11:17:01,811 [DEBUG] Received response(xid=2): ['stg-hdpsiddharth104.phonepe.nb6,16020,1761536614565', 'stg-hdpsiddharth105.phonepe.nb6,16020,1761544011049', 'stg-hdpsiddharth102.phonepe.nb6,16020,1761293738501']
2025-10-27 11:17:01,811 [DEBUG] Found 3 region servers in ZK under /hbase-unsecure/rs: ['stg-hdpsiddharth104.phonepe.nb6', 'stg-hdpsiddharth105.phonepe.nb6', 'stg-hdpsiddharth102.phonepe.nb6']
2025-10-27 11:17:01,813 [DEBUG] Sending request(xid=3): Close()
2025-10-27 11:17:01,814 [INFO] Closing connection to stg-hdpsiddharth104.phonepe.nb6:2181
2025-10-27 11:17:01,814 [INFO] Zookeeper session closed, state: CLOSED
2025-10-27 11:17:01,815 [INFO] Server stg-hdpsiddharth105.phonepe.nb6 successfully registered in ZooKeeper.
2025-10-27 11:17:01,815 [INFO] Recommission completed successfully for stg-hdpsiddharth105.phonepe.nb6 in 15.53 seconds.
2025-10-27 11:17:01,816 [INFO] AUDIT: {"timestamp_utc": "2025-10-27T05:47:01.815845Z", "user": "siddharth5.intern", "action": "recommission_complete", "details": {"host": "stg-hdpsiddharth105.phonepe.nb6", "duration_seconds": 15.527652025222778}}
2025-10-27 11:17:01,817 [INFO] Report written to logs/report_recommission_1761544021.json
