2025-10-27 14:22:08,232 [INFO] AUDIT: {"timestamp_utc": "2025-10-27T08:52:08.232230Z", "user": "siddharth5.intern", "action": "recommission_request", "details": {"host": "stg-hdpsiddharth105.phonepe.nb6"}}
2025-10-27 14:22:08,232 [INFO] Performing pre-recommission checks...
2025-10-27 14:22:08,232 [DEBUG] Connecting Kazoo client to stg-hdpsiddharth102.phonepe.nb6:2181,stg-hdpsiddharth104.phonepe.nb6:2181,stg-hdpsiddharth105.phonepe.nb6:2181...
2025-10-27 14:22:08,238 [INFO] Connecting to stg-hdpsiddharth105.phonepe.nb6(10.57.40.172):2181, use_ssl: False
2025-10-27 14:22:08,258 [DEBUG] Sending request(xid=None): Connect(protocol_version=0, last_zxid_seen=0, time_out=10000, session_id=0, passwd=b'\x00\x00\x00\x00\x00\x00\x00\x00\x00\x00\x00\x00\x00\x00\x00\x00', read_only=None)
2025-10-27 14:22:08,299 [INFO] Zookeeper connection established, state: CONNECTED
2025-10-27 14:22:08,299 [DEBUG] Kazoo connected state: CONNECTED
2025-10-27 14:22:08,343 [DEBUG] Sending request(xid=1): Close()
2025-10-27 14:22:08,343 [INFO] Closing connection to stg-hdpsiddharth105.phonepe.nb6:2181
2025-10-27 14:22:08,344 [INFO] Zookeeper session closed, state: CLOSED
2025-10-27 14:22:08,344 [INFO] ZooKeeper check: OK=True, Details={'state': 'CONNECTED', 'server_version': (3, 5, 10)}
2025-10-27 14:22:08,344 [INFO] Skipping HDFS health check.
2025-10-27 14:22:08,344 [INFO] Checking active HBase Master via ZooKeeper...
2025-10-27 14:22:08,344 [DEBUG] Connecting Kazoo client to stg-hdpsiddharth102.phonepe.nb6:2181,stg-hdpsiddharth104.phonepe.nb6:2181,stg-hdpsiddharth105.phonepe.nb6:2181...
2025-10-27 14:22:08,349 [INFO] Connecting to stg-hdpsiddharth105.phonepe.nb6(10.57.40.172):2181, use_ssl: False
2025-10-27 14:22:08,369 [DEBUG] Sending request(xid=None): Connect(protocol_version=0, last_zxid_seen=0, time_out=10000, session_id=0, passwd=b'\x00\x00\x00\x00\x00\x00\x00\x00\x00\x00\x00\x00\x00\x00\x00\x00', read_only=None)
2025-10-27 14:22:08,391 [INFO] Zookeeper connection established, state: CONNECTED
2025-10-27 14:22:08,391 [DEBUG] Kazoo connected state: CONNECTED
2025-10-27 14:22:08,391 [DEBUG] Sending request(xid=1): Exists(path='/hbase-unsecure/master', watcher=None)
2025-10-27 14:22:08,414 [DEBUG] Received response(xid=1): ZnodeStat(czxid=12884948838, mzxid=12884948838, ctime=1760685762347, mtime=1760685762347, version=0, cversion=0, aversion=0, ephemeralOwner=72213291896560244, dataLength=79, numChildren=0, pzxid=12884948838)
2025-10-27 14:22:08,414 [DEBUG] Sending request(xid=2): GetData(path='/hbase-unsecure/master', watcher=None)
2025-10-27 14:22:08,435 [DEBUG] Received response(xid=2): (b'\xff\x00\x00\x00\x14master:16000\xba\xdb\x90\x98\x1b\xc3}\x8bPBUF\n+\n\x1fstg-hdpsiddharth102.phonepe.nb6\x10\x80}\x18\xc5\xa8\xb2\x88\x9f3\x10\x00\x18\x8a}', ZnodeStat(czxid=12884948838, mzxid=12884948838, ctime=1760685762347, mtime=1760685762347, version=0, cversion=0, aversion=0, ephemeralOwner=72213291896560244, dataLength=79, numChildren=0, pzxid=12884948838))
2025-10-27 14:22:08,435 [DEBUG] Raw data from ZK node /hbase-unsecure/master: b'\xff\x00\x00\x00\x14master:16000\xba\xdb\x90\x98\x1b\xc3}\x8bPBUF\n+\n\x1fstg-hdpsiddharth102.phonepe.nb6\x10\x80}\x18\xc5\xa8\xb2\x88\x9f3\x10\x00\x18\x8a}'
2025-10-27 14:22:08,435 [INFO] Active HBase Master found at stg-hdpsiddharth102.phonepe.nb6 via ZK node /hbase-unsecure/master.
2025-10-27 14:22:08,435 [DEBUG] Sending request(xid=3): Close()
2025-10-27 14:22:08,436 [INFO] Closing connection to stg-hdpsiddharth105.phonepe.nb6:2181
2025-10-27 14:22:08,436 [INFO] Zookeeper session closed, state: CLOSED
2025-10-27 14:22:08,436 [INFO] HBase Master ZK check: OK=True, Message=Active HBase Master found at stg-hdpsiddharth102.phonepe.nb6 via ZK node /hbase-unsecure/master.
2025-10-27 14:22:08,436 [INFO] Active HBase Master is stg-hdpsiddharth102.phonepe.nb6 via ZK.
2025-10-27 14:22:08,436 [INFO] Checking current Ambari state of HBASE_REGIONSERVER on stg-hdpsiddharth105.phonepe.nb6...
2025-10-27 14:22:08,436 [DEBUG] Getting Ambari state for HBASE_REGIONSERVER on stg-hdpsiddharth105.phonepe.nb6
2025-10-27 14:22:08,500 [DEBUG] Ambari state for HBASE_REGIONSERVER on stg-hdpsiddharth105.phonepe.nb6 is 'INSTALLED'
2025-10-27 14:22:08,500 [INFO] Target RegionServer stg-hdpsiddharth105.phonepe.nb6 is currently INSTALLED (stopped). Proceeding with start.
2025-10-27 14:22:08,500 [INFO] Instructing Ambari to START HBASE_REGIONSERVER on stg-hdpsiddharth105.phonepe.nb6...
2025-10-27 14:22:08,582 [INFO] Ambari start command requested successfully.
2025-10-27 14:22:08,582 [INFO] Allowing time for Ambari/Agent and RegionServer startup...
2025-10-27 14:22:23,584 [INFO] Waiting up to 300s for stg-hdpsiddharth105.phonepe.nb6 to appear in ZooKeeper /rs znode...
2025-10-27 14:22:23,586 [DEBUG] Connecting Kazoo client to stg-hdpsiddharth102.phonepe.nb6:2181,stg-hdpsiddharth104.phonepe.nb6:2181,stg-hdpsiddharth105.phonepe.nb6:2181...
2025-10-27 14:22:23,590 [INFO] Connecting to stg-hdpsiddharth102.phonepe.nb6(10.57.40.169):2181, use_ssl: False
2025-10-27 14:22:23,615 [DEBUG] Sending request(xid=None): Connect(protocol_version=0, last_zxid_seen=0, time_out=10000, session_id=0, passwd=b'\x00\x00\x00\x00\x00\x00\x00\x00\x00\x00\x00\x00\x00\x00\x00\x00', read_only=None)
2025-10-27 14:22:23,637 [INFO] Zookeeper connection established, state: CONNECTED
2025-10-27 14:22:23,638 [DEBUG] Kazoo connected state: CONNECTED
2025-10-27 14:22:23,639 [DEBUG] Sending request(xid=1): Exists(path='/hbase-unsecure/rs', watcher=None)
2025-10-27 14:22:23,663 [DEBUG] Received response(xid=1): ZnodeStat(czxid=4294967326, mzxid=4294967326, ctime=1758625359656, mtime=1758625359656, version=0, cversion=49, aversion=0, ephemeralOwner=0, dataLength=0, numChildren=3, pzxid=12884978951)
2025-10-27 14:22:23,664 [DEBUG] Sending request(xid=2): GetChildren(path='/hbase-unsecure/rs', watcher=None)
2025-10-27 14:22:23,685 [DEBUG] Received response(xid=2): ['stg-hdpsiddharth105.phonepe.nb6,16020,1761555132971', 'stg-hdpsiddharth104.phonepe.nb6,16020,1761536614565', 'stg-hdpsiddharth102.phonepe.nb6,16020,1761293738501']
2025-10-27 14:22:23,690 [DEBUG] Found 3 region servers in ZK under /hbase-unsecure/rs: ['stg-hdpsiddharth105.phonepe.nb6', 'stg-hdpsiddharth104.phonepe.nb6', 'stg-hdpsiddharth102.phonepe.nb6']
2025-10-27 14:22:23,694 [DEBUG] Sending request(xid=3): Close()
2025-10-27 14:22:23,695 [INFO] Closing connection to stg-hdpsiddharth102.phonepe.nb6:2181
2025-10-27 14:22:23,698 [INFO] Zookeeper session closed, state: CLOSED
2025-10-27 14:22:23,701 [INFO] Server stg-hdpsiddharth105.phonepe.nb6 successfully registered in ZooKeeper.
2025-10-27 14:22:23,702 [INFO] Recommission completed successfully for stg-hdpsiddharth105.phonepe.nb6 in 15.47 seconds.
2025-10-27 14:22:23,702 [INFO] AUDIT: {"timestamp_utc": "2025-10-27T08:52:23.702491Z", "user": "siddharth5.intern", "action": "recommission_complete", "details": {"host": "stg-hdpsiddharth105.phonepe.nb6", "duration_seconds": 15.469616889953613}}
2025-10-27 14:22:23,708 [INFO] Report written to logs/report_recommission_1761555143.json
