2025-10-23 11:22:31,403 [INFO] AUDIT: {"timestamp_utc": "2025-10-23T05:52:31.403246Z", "user": "siddharth5.intern", "action": "recommission_request", "details": {"host": "stg-hdpsiddharth102.phonepe.nb6"}}
2025-10-23 11:22:31,403 [INFO] Performing pre-recommission checks...
2025-10-23 11:22:31,408 [INFO] Connecting to stg-hdpsiddharth105.phonepe.nb6(10.57.40.172):2181, use_ssl: False
2025-10-23 11:22:31,459 [INFO] Zookeeper connection established, state: CONNECTED
2025-10-23 11:22:31,502 [INFO] Closing connection to stg-hdpsiddharth105.phonepe.nb6:2181
2025-10-23 11:22:31,502 [INFO] Zookeeper session closed, state: CLOSED
2025-10-23 11:22:31,502 [INFO] ZooKeeper check result: OK=True, Details={'state': 'CONNECTED', 'server_version': (3, 5, 10)}
2025-10-23 11:22:31,502 [INFO] Instructing Ambari to START HBASE_REGIONSERVER on stg-hdpsiddharth102.phonepe.nb6...
2025-10-23 11:22:31,590 [INFO] Ambari start command requested successfully.
2025-10-23 11:22:31,590 [INFO] Allowing some time for Ambari/Agent to process the start command...
2025-10-23 11:22:36,595 [INFO] Waiting up to 300s for stg-hdpsiddharth102.phonepe.nb6 to appear in ZooKeeper /rs znode...
2025-10-23 11:22:36,605 [INFO] Connecting to stg-hdpsiddharth105.phonepe.nb6(10.57.40.172):2181, use_ssl: False
2025-10-23 11:22:36,658 [INFO] Zookeeper connection established, state: CONNECTED
2025-10-23 11:22:36,710 [INFO] Closing connection to stg-hdpsiddharth105.phonepe.nb6:2181
2025-10-23 11:22:36,710 [INFO] Zookeeper session closed, state: CLOSED
2025-10-23 11:22:36,712 [WARNING] Operation failed: Host stg-hdpsiddharth102.phonepe.nb6 not yet found in ZK /rs list: ['stg-hdpsiddharth105.phonepe.nb6', 'stg-hdpsiddharth104.phonepe.nb6']. Retrying in 10.00s... (29 tries left)
2025-10-23 11:22:46,724 [INFO] Connecting to stg-hdpsiddharth104.phonepe.nb6(10.57.40.171):2181, use_ssl: False
2025-10-23 11:22:46,781 [INFO] Zookeeper connection established, state: CONNECTED
2025-10-23 11:22:46,834 [INFO] Closing connection to stg-hdpsiddharth104.phonepe.nb6:2181
2025-10-23 11:22:46,834 [INFO] Zookeeper session closed, state: CLOSED
2025-10-23 11:22:46,836 [INFO] Server stg-hdpsiddharth102.phonepe.nb6 successfully registered in ZooKeeper.
2025-10-23 11:22:46,837 [INFO] Recommission completed successfully for stg-hdpsiddharth102.phonepe.nb6 in 15.43 seconds.
2025-10-23 11:22:46,837 [INFO] AUDIT: {"timestamp_utc": "2025-10-23T05:52:46.837505Z", "user": "siddharth5.intern", "action": "recommission_complete", "details": {"host": "stg-hdpsiddharth102.phonepe.nb6", "duration_seconds": 15.433786869049072}}
2025-10-23 11:22:46,839 [INFO] Report written to logs/report_recommission_1761198766.json
