2025-10-27 11:53:51,668 [INFO] AUDIT: {"timestamp_utc": "2025-10-27T06:23:51.668401Z", "user": "siddharth5.intern", "action": "recommission_request", "details": {"host": "stg-hdpsiddharth105.phonepe.nb6"}}
2025-10-27 11:53:51,668 [INFO] Performing pre-recommission checks...
2025-10-27 11:53:51,668 [DEBUG] Connecting Kazoo client to stg-hdpsiddharth102.phonepe.nb6:2181,stg-hdpsiddharth104.phonepe.nb6:2181,stg-hdpsiddharth105.phonepe.nb6:2181...
2025-10-27 11:53:51,675 [INFO] Connecting to stg-hdpsiddharth104.phonepe.nb6(10.57.40.171):2181, use_ssl: False
2025-10-27 11:53:51,696 [DEBUG] Sending request(xid=None): Connect(protocol_version=0, last_zxid_seen=0, time_out=10000, session_id=0, passwd=b'\x00\x00\x00\x00\x00\x00\x00\x00\x00\x00\x00\x00\x00\x00\x00\x00', read_only=None)
2025-10-27 11:53:51,723 [INFO] Zookeeper connection established, state: CONNECTED
2025-10-27 11:53:51,724 [DEBUG] Kazoo connected state: CONNECTED
2025-10-27 11:53:51,768 [DEBUG] Sending request(xid=1): Close()
2025-10-27 11:53:51,768 [INFO] Closing connection to stg-hdpsiddharth104.phonepe.nb6:2181
2025-10-27 11:53:51,768 [INFO] Zookeeper session closed, state: CLOSED
2025-10-27 11:53:51,768 [INFO] ZooKeeper check: OK=True, Details={'state': 'CONNECTED', 'server_version': (3, 5, 10)}
2025-10-27 11:53:51,768 [INFO] Skipping HDFS health check.
2025-10-27 11:53:51,768 [INFO] Checking active HBase Master via ZooKeeper...
2025-10-27 11:53:51,768 [DEBUG] Connecting Kazoo client to stg-hdpsiddharth102.phonepe.nb6:2181,stg-hdpsiddharth104.phonepe.nb6:2181,stg-hdpsiddharth105.phonepe.nb6:2181...
2025-10-27 11:53:51,774 [INFO] Connecting to stg-hdpsiddharth105.phonepe.nb6(10.57.40.172):2181, use_ssl: False
2025-10-27 11:53:51,797 [DEBUG] Sending request(xid=None): Connect(protocol_version=0, last_zxid_seen=0, time_out=10000, session_id=0, passwd=b'\x00\x00\x00\x00\x00\x00\x00\x00\x00\x00\x00\x00\x00\x00\x00\x00', read_only=None)
2025-10-27 11:53:51,821 [INFO] Zookeeper connection established, state: CONNECTED
2025-10-27 11:53:51,821 [DEBUG] Kazoo connected state: CONNECTED
2025-10-27 11:53:51,821 [DEBUG] Sending request(xid=1): Exists(path='/hbase-unsecure/master', watcher=None)
2025-10-27 11:53:51,849 [DEBUG] Received response(xid=1): ZnodeStat(czxid=12884948838, mzxid=12884948838, ctime=1760685762347, mtime=1760685762347, version=0, cversion=0, aversion=0, ephemeralOwner=72213291896560244, dataLength=79, numChildren=0, pzxid=12884948838)
2025-10-27 11:53:51,849 [DEBUG] Sending request(xid=2): GetData(path='/hbase-unsecure/master', watcher=None)
2025-10-27 11:53:51,871 [DEBUG] Received response(xid=2): (b'\xff\x00\x00\x00\x14master:16000\xba\xdb\x90\x98\x1b\xc3}\x8bPBUF\n+\n\x1fstg-hdpsiddharth102.phonepe.nb6\x10\x80}\x18\xc5\xa8\xb2\x88\x9f3\x10\x00\x18\x8a}', ZnodeStat(czxid=12884948838, mzxid=12884948838, ctime=1760685762347, mtime=1760685762347, version=0, cversion=0, aversion=0, ephemeralOwner=72213291896560244, dataLength=79, numChildren=0, pzxid=12884948838))
2025-10-27 11:53:51,871 [DEBUG] Raw data from ZK node /hbase-unsecure/master: b'\xff\x00\x00\x00\x14master:16000\xba\xdb\x90\x98\x1b\xc3}\x8bPBUF\n+\n\x1fstg-hdpsiddharth102.phonepe.nb6\x10\x80}\x18\xc5\xa8\xb2\x88\x9f3\x10\x00\x18\x8a}'
2025-10-27 11:53:51,871 [INFO] Active HBase Master found at stg-hdpsiddharth102.phonepe.nb6 via ZK node /hbase-unsecure/master.
2025-10-27 11:53:51,871 [DEBUG] Sending request(xid=3): Close()
2025-10-27 11:53:51,871 [INFO] Closing connection to stg-hdpsiddharth105.phonepe.nb6:2181
2025-10-27 11:53:51,871 [INFO] Zookeeper session closed, state: CLOSED
2025-10-27 11:53:51,872 [INFO] HBase Master ZK check: OK=True, Message=Active HBase Master found at stg-hdpsiddharth102.phonepe.nb6 via ZK node /hbase-unsecure/master.
2025-10-27 11:53:51,872 [INFO] Active HBase Master is stg-hdpsiddharth102.phonepe.nb6 via ZK.
2025-10-27 11:53:51,872 [INFO] Checking current Ambari state of HBASE_REGIONSERVER on stg-hdpsiddharth105.phonepe.nb6...
2025-10-27 11:53:51,872 [DEBUG] Getting Ambari state for HBASE_REGIONSERVER on stg-hdpsiddharth105.phonepe.nb6
2025-10-27 11:53:51,944 [DEBUG] Ambari state for HBASE_REGIONSERVER on stg-hdpsiddharth105.phonepe.nb6 is 'INSTALLED'
2025-10-27 11:53:51,944 [INFO] Target RegionServer stg-hdpsiddharth105.phonepe.nb6 is currently INSTALLED (stopped). Proceeding with start.
2025-10-27 11:53:51,944 [INFO] Instructing Ambari to START HBASE_REGIONSERVER on stg-hdpsiddharth105.phonepe.nb6...
2025-10-27 11:53:52,052 [INFO] Ambari start command requested successfully.
2025-10-27 11:53:52,052 [INFO] Allowing time for Ambari/Agent and RegionServer startup...
2025-10-27 11:54:07,058 [INFO] Waiting up to 300s for stg-hdpsiddharth105.phonepe.nb6 to appear in ZooKeeper /rs znode...
2025-10-27 11:54:07,061 [DEBUG] Connecting Kazoo client to stg-hdpsiddharth102.phonepe.nb6:2181,stg-hdpsiddharth104.phonepe.nb6:2181,stg-hdpsiddharth105.phonepe.nb6:2181...
2025-10-27 11:54:07,067 [INFO] Connecting to stg-hdpsiddharth105.phonepe.nb6(10.57.40.172):2181, use_ssl: False
2025-10-27 11:54:07,093 [DEBUG] Sending request(xid=None): Connect(protocol_version=0, last_zxid_seen=0, time_out=10000, session_id=0, passwd=b'\x00\x00\x00\x00\x00\x00\x00\x00\x00\x00\x00\x00\x00\x00\x00\x00', read_only=None)
2025-10-27 11:54:07,118 [INFO] Zookeeper connection established, state: CONNECTED
2025-10-27 11:54:07,119 [DEBUG] Kazoo connected state: CONNECTED
2025-10-27 11:54:07,120 [DEBUG] Sending request(xid=1): Exists(path='/hbase-unsecure/rs', watcher=None)
2025-10-27 11:54:07,140 [DEBUG] Received response(xid=1): ZnodeStat(czxid=4294967326, mzxid=4294967326, ctime=1758625359656, mtime=1758625359656, version=0, cversion=45, aversion=0, ephemeralOwner=0, dataLength=0, numChildren=3, pzxid=12884978469)
2025-10-27 11:54:07,141 [DEBUG] Sending request(xid=2): GetChildren(path='/hbase-unsecure/rs', watcher=None)
2025-10-27 11:54:07,162 [DEBUG] Received response(xid=2): ['stg-hdpsiddharth105.phonepe.nb6,16020,1761546236415', 'stg-hdpsiddharth104.phonepe.nb6,16020,1761536614565', 'stg-hdpsiddharth102.phonepe.nb6,16020,1761293738501']
2025-10-27 11:54:07,163 [DEBUG] Found 3 region servers in ZK under /hbase-unsecure/rs: ['stg-hdpsiddharth105.phonepe.nb6', 'stg-hdpsiddharth104.phonepe.nb6', 'stg-hdpsiddharth102.phonepe.nb6']
2025-10-27 11:54:07,164 [DEBUG] Sending request(xid=3): Close()
2025-10-27 11:54:07,164 [INFO] Closing connection to stg-hdpsiddharth105.phonepe.nb6:2181
2025-10-27 11:54:07,164 [INFO] Zookeeper session closed, state: CLOSED
2025-10-27 11:54:07,166 [INFO] Server stg-hdpsiddharth105.phonepe.nb6 successfully registered in ZooKeeper.
2025-10-27 11:54:07,166 [INFO] Recommission completed successfully for stg-hdpsiddharth105.phonepe.nb6 in 15.50 seconds.
2025-10-27 11:54:07,166 [INFO] AUDIT: {"timestamp_utc": "2025-10-27T06:24:07.166343Z", "user": "siddharth5.intern", "action": "recommission_complete", "details": {"host": "stg-hdpsiddharth105.phonepe.nb6", "duration_seconds": 15.497533798217773}}
2025-10-27 11:54:07,167 [INFO] Report written to logs/report_recommission_1761546247.json
