2025-10-27 14:20:48,259 [INFO] AUDIT: {"timestamp_utc": "2025-10-27T08:50:48.259408Z", "user": "siddharth5.intern", "action": "stop_rs_request", "details": {"host": "stg-hdpsiddharth105.phonepe.nb6"}}
2025-10-27 14:20:48,259 [INFO] Performing pre-stop checks...
2025-10-27 14:20:48,260 [DEBUG] Connecting Kazoo client to stg-hdpsiddharth102.phonepe.nb6:2181,stg-hdpsiddharth104.phonepe.nb6:2181,stg-hdpsiddharth105.phonepe.nb6:2181...
2025-10-27 14:20:48,337 [INFO] Connecting to stg-hdpsiddharth102.phonepe.nb6(10.57.40.169):2181, use_ssl: False
2025-10-27 14:20:48,360 [DEBUG] Sending request(xid=None): Connect(protocol_version=0, last_zxid_seen=0, time_out=10000, session_id=0, passwd=b'\x00\x00\x00\x00\x00\x00\x00\x00\x00\x00\x00\x00\x00\x00\x00\x00', read_only=None)
2025-10-27 14:20:48,385 [INFO] Zookeeper connection established, state: CONNECTED
2025-10-27 14:20:48,385 [DEBUG] Kazoo connected state: CONNECTED
2025-10-27 14:20:48,433 [DEBUG] Sending request(xid=1): Close()
2025-10-27 14:20:48,433 [INFO] Closing connection to stg-hdpsiddharth102.phonepe.nb6:2181
2025-10-27 14:20:48,433 [INFO] Zookeeper session closed, state: CLOSED
2025-10-27 14:20:48,433 [INFO] ZooKeeper check: OK=True, Details={'state': 'CONNECTED', 'server_version': (3, 5, 10)}
2025-10-27 14:20:48,434 [INFO] Skipping HDFS health check.
2025-10-27 14:20:48,434 [INFO] Checking active HBase Master via ZooKeeper...
2025-10-27 14:20:48,434 [DEBUG] Connecting Kazoo client to stg-hdpsiddharth102.phonepe.nb6:2181,stg-hdpsiddharth104.phonepe.nb6:2181,stg-hdpsiddharth105.phonepe.nb6:2181...
2025-10-27 14:20:48,439 [INFO] Connecting to stg-hdpsiddharth105.phonepe.nb6(10.57.40.172):2181, use_ssl: False
2025-10-27 14:20:48,458 [DEBUG] Sending request(xid=None): Connect(protocol_version=0, last_zxid_seen=0, time_out=10000, session_id=0, passwd=b'\x00\x00\x00\x00\x00\x00\x00\x00\x00\x00\x00\x00\x00\x00\x00\x00', read_only=None)
2025-10-27 14:20:48,482 [INFO] Zookeeper connection established, state: CONNECTED
2025-10-27 14:20:48,483 [DEBUG] Kazoo connected state: CONNECTED
2025-10-27 14:20:48,483 [DEBUG] Sending request(xid=1): Exists(path='/hbase-unsecure/master', watcher=None)
2025-10-27 14:20:48,502 [DEBUG] Received response(xid=1): ZnodeStat(czxid=12884948838, mzxid=12884948838, ctime=1760685762347, mtime=1760685762347, version=0, cversion=0, aversion=0, ephemeralOwner=72213291896560244, dataLength=79, numChildren=0, pzxid=12884948838)
2025-10-27 14:20:48,502 [DEBUG] Sending request(xid=2): GetData(path='/hbase-unsecure/master', watcher=None)
2025-10-27 14:20:48,523 [DEBUG] Received response(xid=2): (b'\xff\x00\x00\x00\x14master:16000\xba\xdb\x90\x98\x1b\xc3}\x8bPBUF\n+\n\x1fstg-hdpsiddharth102.phonepe.nb6\x10\x80}\x18\xc5\xa8\xb2\x88\x9f3\x10\x00\x18\x8a}', ZnodeStat(czxid=12884948838, mzxid=12884948838, ctime=1760685762347, mtime=1760685762347, version=0, cversion=0, aversion=0, ephemeralOwner=72213291896560244, dataLength=79, numChildren=0, pzxid=12884948838))
2025-10-27 14:20:48,523 [DEBUG] Raw data from ZK node /hbase-unsecure/master: b'\xff\x00\x00\x00\x14master:16000\xba\xdb\x90\x98\x1b\xc3}\x8bPBUF\n+\n\x1fstg-hdpsiddharth102.phonepe.nb6\x10\x80}\x18\xc5\xa8\xb2\x88\x9f3\x10\x00\x18\x8a}'
2025-10-27 14:20:48,523 [INFO] Active HBase Master found at stg-hdpsiddharth102.phonepe.nb6 via ZK node /hbase-unsecure/master.
2025-10-27 14:20:48,523 [DEBUG] Sending request(xid=3): Close()
2025-10-27 14:20:48,523 [INFO] Closing connection to stg-hdpsiddharth105.phonepe.nb6:2181
2025-10-27 14:20:48,523 [INFO] Zookeeper session closed, state: CLOSED
2025-10-27 14:20:48,524 [INFO] HBase Master ZK check: OK=True, Message=Active HBase Master found at stg-hdpsiddharth102.phonepe.nb6 via ZK node /hbase-unsecure/master.
2025-10-27 14:20:48,524 [INFO] Active HBase Master is stg-hdpsiddharth102.phonepe.nb6 via ZK.
2025-10-27 14:20:48,524 [DEBUG] Connecting Kazoo client to stg-hdpsiddharth102.phonepe.nb6:2181,stg-hdpsiddharth104.phonepe.nb6:2181,stg-hdpsiddharth105.phonepe.nb6:2181...
2025-10-27 14:20:48,528 [INFO] Connecting to stg-hdpsiddharth102.phonepe.nb6(10.57.40.169):2181, use_ssl: False
2025-10-27 14:20:48,548 [DEBUG] Sending request(xid=None): Connect(protocol_version=0, last_zxid_seen=0, time_out=10000, session_id=0, passwd=b'\x00\x00\x00\x00\x00\x00\x00\x00\x00\x00\x00\x00\x00\x00\x00\x00', read_only=None)
2025-10-27 14:20:48,571 [INFO] Zookeeper connection established, state: CONNECTED
2025-10-27 14:20:48,571 [DEBUG] Kazoo connected state: CONNECTED
2025-10-27 14:20:48,571 [DEBUG] Sending request(xid=1): Exists(path='/hbase-unsecure/meta-region-server', watcher=None)
2025-10-27 14:20:48,593 [DEBUG] Received response(xid=1): ZnodeStat(czxid=4294967363, mzxid=12884978602, ctime=1758625365810, mtime=1761547140409, version=54, cversion=0, aversion=0, ephemeralOwner=0, dataLength=78, numChildren=0, pzxid=4294967363)
2025-10-27 14:20:48,594 [DEBUG] Sending request(xid=2): GetData(path='/hbase-unsecure/meta-region-server', watcher=None)
2025-10-27 14:20:48,618 [DEBUG] Received response(xid=2): (b'\xff\x00\x00\x00\x14master:160001>_6\x95O|\xd8PBUF\n+\n\x1fstg-hdpsiddharth105.phonepe.nb6\x10\x94}\x18\xab\xe6\x82\xa3\xa23\x10\x00\x18\x03', ZnodeStat(czxid=4294967363, mzxid=12884978602, ctime=1758625365810, mtime=1761547140409, version=54, cversion=0, aversion=0, ephemeralOwner=0, dataLength=78, numChildren=0, pzxid=4294967363))
2025-10-27 14:20:48,618 [DEBUG] Raw data from ZK node /hbase-unsecure/meta-region-server: b'\xff\x00\x00\x00\x14master:160001>_6\x95O|\xd8PBUF\n+\n\x1fstg-hdpsiddharth105.phonepe.nb6\x10\x94}\x18\xab\xe6\x82\xa3\xa23\x10\x00\x18\x03'
2025-10-27 14:20:48,619 [INFO] Found meta-region-server at stg-hdpsiddharth105.phonepe.nb6 from ZK (regex match).
2025-10-27 14:20:48,619 [DEBUG] Sending request(xid=3): Close()
2025-10-27 14:20:48,619 [INFO] Closing connection to stg-hdpsiddharth102.phonepe.nb6:2181
2025-10-27 14:20:48,619 [INFO] Zookeeper session closed, state: CLOSED
2025-10-27 14:20:48,621 [INFO] hbase:meta region is hosted on: stg-hdpsiddharth105.phonepe.nb6
2025-10-27 14:20:48,621 [WARNING] WARNING: Target server stg-hdpsiddharth105.phonepe.nb6 hosts hbase:meta. Stopping it will cause temporary cluster unavailability.
2025-10-27 14:20:48,621 [INFO] Checking current state and ZK registration of stg-hdpsiddharth105.phonepe.nb6...
2025-10-27 14:20:48,621 [DEBUG] Getting Ambari state for HBASE_REGIONSERVER on stg-hdpsiddharth105.phonepe.nb6
2025-10-27 14:20:48,724 [DEBUG] Ambari state for HBASE_REGIONSERVER on stg-hdpsiddharth105.phonepe.nb6 is 'STARTED'
2025-10-27 14:20:48,725 [DEBUG] Connecting Kazoo client to stg-hdpsiddharth102.phonepe.nb6:2181,stg-hdpsiddharth104.phonepe.nb6:2181,stg-hdpsiddharth105.phonepe.nb6:2181...
2025-10-27 14:20:48,729 [INFO] Connecting to stg-hdpsiddharth102.phonepe.nb6(10.57.40.169):2181, use_ssl: False
2025-10-27 14:20:48,751 [DEBUG] Sending request(xid=None): Connect(protocol_version=0, last_zxid_seen=0, time_out=10000, session_id=0, passwd=b'\x00\x00\x00\x00\x00\x00\x00\x00\x00\x00\x00\x00\x00\x00\x00\x00', read_only=None)
2025-10-27 14:20:48,775 [INFO] Zookeeper connection established, state: CONNECTED
2025-10-27 14:20:48,776 [DEBUG] Kazoo connected state: CONNECTED
2025-10-27 14:20:48,776 [DEBUG] Sending request(xid=1): Exists(path='/hbase-unsecure/rs', watcher=None)
2025-10-27 14:20:48,797 [DEBUG] Received response(xid=1): ZnodeStat(czxid=4294967326, mzxid=4294967326, ctime=1758625359656, mtime=1758625359656, version=0, cversion=47, aversion=0, ephemeralOwner=0, dataLength=0, numChildren=3, pzxid=12884978575)
2025-10-27 14:20:48,798 [DEBUG] Sending request(xid=2): GetChildren(path='/hbase-unsecure/rs', watcher=None)
2025-10-27 14:20:48,821 [DEBUG] Received response(xid=2): ['stg-hdpsiddharth104.phonepe.nb6,16020,1761536614565', 'stg-hdpsiddharth105.phonepe.nb6,16020,1761546908459', 'stg-hdpsiddharth102.phonepe.nb6,16020,1761293738501']
2025-10-27 14:20:48,822 [DEBUG] Found 3 region servers in ZK under /hbase-unsecure/rs: ['stg-hdpsiddharth104.phonepe.nb6', 'stg-hdpsiddharth105.phonepe.nb6', 'stg-hdpsiddharth102.phonepe.nb6']
2025-10-27 14:20:48,822 [DEBUG] Sending request(xid=3): Close()
2025-10-27 14:20:48,822 [INFO] Closing connection to stg-hdpsiddharth102.phonepe.nb6:2181
2025-10-27 14:20:48,822 [INFO] Zookeeper session closed, state: CLOSED
2025-10-27 14:20:48,822 [INFO] Target RegionServer stg-hdpsiddharth105.phonepe.nb6 state in Ambari allows stop command.
2025-10-27 14:20:48,822 [INFO] Found 2 other live RegionServers: ['stg-hdpsiddharth104.phonepe.nb6', 'stg-hdpsiddharth102.phonepe.nb6']
2025-10-27 14:20:48,822 [INFO] Checking for regions in transition (RIT)...
2025-10-27 14:20:48,822 [DEBUG] Checking for regions in transition (RIT) in ZK...
2025-10-27 14:20:48,822 [DEBUG] Connecting Kazoo client to stg-hdpsiddharth102.phonepe.nb6:2181,stg-hdpsiddharth104.phonepe.nb6:2181,stg-hdpsiddharth105.phonepe.nb6:2181...
2025-10-27 14:20:48,827 [INFO] Connecting to stg-hdpsiddharth105.phonepe.nb6(10.57.40.172):2181, use_ssl: False
2025-10-27 14:20:48,848 [DEBUG] Sending request(xid=None): Connect(protocol_version=0, last_zxid_seen=0, time_out=10000, session_id=0, passwd=b'\x00\x00\x00\x00\x00\x00\x00\x00\x00\x00\x00\x00\x00\x00\x00\x00', read_only=None)
2025-10-27 14:20:48,869 [INFO] Zookeeper connection established, state: CONNECTED
2025-10-27 14:20:48,870 [DEBUG] Kazoo connected state: CONNECTED
2025-10-27 14:20:48,870 [DEBUG] Sending request(xid=1): Exists(path='/hbase-unsecure/region-in-transition', watcher=None)
2025-10-27 14:20:48,891 [DEBUG] RIT znode '/hbase-unsecure/region-in-transition' does not exist.
2025-10-27 14:20:48,891 [DEBUG] Sending request(xid=2): Exists(path='/hbase-unsecure/rit', watcher=None)
2025-10-27 14:20:48,913 [DEBUG] RIT znode '/hbase-unsecure/rit' does not exist.
2025-10-27 14:20:48,913 [DEBUG] No RIT znodes found, assuming 0 regions in transition.
2025-10-27 14:20:48,914 [DEBUG] Sending request(xid=3): Close()
2025-10-27 14:20:48,914 [INFO] Closing connection to stg-hdpsiddharth105.phonepe.nb6:2181
2025-10-27 14:20:48,914 [INFO] Zookeeper session closed, state: CLOSED
2025-10-27 14:20:48,914 [INFO] Found 0 regions in transition.
2025-10-27 14:20:48,914 [INFO] Checking HBase balancer state...
2025-10-27 14:20:48,914 [DEBUG] Checking balancer state via existence of ZK path: /hbase-unsecure/balancer
2025-10-27 14:20:48,914 [DEBUG] Connecting Kazoo client to stg-hdpsiddharth102.phonepe.nb6:2181,stg-hdpsiddharth104.phonepe.nb6:2181,stg-hdpsiddharth105.phonepe.nb6:2181...
2025-10-27 14:20:48,920 [INFO] Connecting to stg-hdpsiddharth102.phonepe.nb6(10.57.40.169):2181, use_ssl: False
2025-10-27 14:20:48,945 [DEBUG] Sending request(xid=None): Connect(protocol_version=0, last_zxid_seen=0, time_out=10000, session_id=0, passwd=b'\x00\x00\x00\x00\x00\x00\x00\x00\x00\x00\x00\x00\x00\x00\x00\x00', read_only=None)
2025-10-27 14:20:48,971 [INFO] Zookeeper connection established, state: CONNECTED
2025-10-27 14:20:48,971 [DEBUG] Kazoo connected state: CONNECTED
2025-10-27 14:20:48,971 [DEBUG] Sending request(xid=1): Exists(path='/hbase-unsecure/balancer', watcher=None)
2025-10-27 14:20:48,992 [DEBUG] Received response(xid=1): ZnodeStat(czxid=12884977743, mzxid=12884978731, ctime=1761534436856, mtime=1761550043212, version=17, cversion=0, aversion=0, ephemeralOwner=0, dataLength=31, numChildren=0, pzxid=12884977743)
2025-10-27 14:20:48,992 [DEBUG] Balancer znode '/hbase-unsecure/balancer' exists, assuming balancer is ENABLED.
2025-10-27 14:20:48,992 [DEBUG] Sending request(xid=2): Close()
2025-10-27 14:20:48,992 [INFO] Closing connection to stg-hdpsiddharth102.phonepe.nb6:2181
2025-10-27 14:20:48,993 [INFO] Zookeeper session closed, state: CLOSED
2025-10-27 14:20:48,993 [INFO] HBase balancer is currently ENABLED.
2025-10-27 14:20:48,993 [INFO] Disabling HBase balancer before stopping server...
2025-10-27 14:20:48,993 [INFO] Disabling HBase balancer via Salt on stg-hdpsiddharth104.phonepe.nb6...
2025-10-27 14:20:48,993 [INFO] Requesting new Salt API token from https://stg-hdpsiddharth103.phonepe.nb6:8000 for user 'saltapiuser'...
2025-10-27 14:20:49,295 [INFO] Successfully obtained Salt API token.
2025-10-27 14:20:49,297 [INFO] Executing Salt command: tgt='stg-hdpsiddharth104.phonepe.nb6', fun='cmd.run', args='["echo 'balance_switch false' | hbase shell -n"]'
2025-10-27 14:21:03,372 [DEBUG] Raw Salt command result: {'stg-hdpsiddharth104.phonepe.nb6': '/usr/odp/3.2.2.0-1/hadoop/libexec/hadoop-functions.sh: line 2401: HADOOP_ORG.APACHE.HADOOP.HBASE.UTIL.GETJAVAPROPERTY_USER: invalid variable name\n/usr/odp/3.2.2.0-1/hadoop/libexec/hadoop-functions.sh: line 2366: HADOOP_ORG.APACHE.HADOOP.HBASE.UTIL.GETJAVAPROPERTY_USER: invalid variable name\n/usr/odp/3.2.2.0-1/hadoop/libexec/hadoop-functions.sh: line 2461: HADOOP_ORG.APACHE.HADOOP.HBASE.UTIL.GETJAVAPROPERTY_OPTS: invalid variable name\nSLF4J: Class path contains multiple SLF4J bindings.\nSLF4J: Found binding in [jar:file:/usr/odp/3.2.2.0-1/hbase/lib/client-facing-thirdparty/slf4j-reload4j-1.7.33.jar!/org/slf4j/impl/StaticLoggerBinder.class]\nSLF4J: Found binding in [jar:file:/usr/odp/3.2.2.0-1/hadoop/lib/slf4j-log4j12-1.7.25.jar!/org/slf4j/impl/StaticLoggerBinder.class]\nSLF4J: See http://www.slf4j.org/codes.html#multiple_bindings for an explanation.\nSLF4J: Actual binding is of type [org.slf4j.impl.Reload4jLoggerFactory]\nhbase:001:0> balance_switch false\nPrevious balancer state : true\nTook 0.6644 seconds\n=> true\nhbase:002:0>'}
2025-10-27 14:21:03,373 [INFO] Salt cmd.run output from 'stg-hdpsiddharth104.phonepe.nb6': /usr/odp/3.2.2.0-1/hadoop/libexec/hadoop-functions.sh: line 2401: HADOOP_ORG.APACHE.HADOOP.HBASE.UTIL.GETJAVAPROPERTY_USER: invalid variable name
/usr/odp/3.2.2.0-1/hadoop/libexec/hadoop-functions.sh: line 2366: HADOOP_ORG.APACHE.HADOOP.HBASE.UTIL.GETJAVAPROPERTY_USER: invalid variable name
/usr/odp/3.2.2.0-1/hadoop/libexec/hadoop-functions.sh: line 2461: HADOOP_ORG.APACHE.HADOOP.HBASE.UTIL.GETJAVAPROPERTY_OPTS: invalid variable name
SLF4J: Class path contains multiple SLF4J bindings.
SLF4J: Fou...
2025-10-27 14:21:03,374 [INFO] HBase balancer state change to False requested successfully.
2025-10-27 14:21:06,376 [DEBUG] Checking balancer state via existence of ZK path: /hbase-unsecure/balancer
2025-10-27 14:21:06,376 [DEBUG] Connecting Kazoo client to stg-hdpsiddharth102.phonepe.nb6:2181,stg-hdpsiddharth104.phonepe.nb6:2181,stg-hdpsiddharth105.phonepe.nb6:2181...
2025-10-27 14:21:06,383 [INFO] Connecting to stg-hdpsiddharth105.phonepe.nb6(10.57.40.172):2181, use_ssl: False
2025-10-27 14:21:06,416 [DEBUG] Sending request(xid=None): Connect(protocol_version=0, last_zxid_seen=0, time_out=10000, session_id=0, passwd=b'\x00\x00\x00\x00\x00\x00\x00\x00\x00\x00\x00\x00\x00\x00\x00\x00', read_only=None)
2025-10-27 14:21:06,445 [INFO] Zookeeper connection established, state: CONNECTED
2025-10-27 14:21:06,445 [DEBUG] Kazoo connected state: CONNECTED
2025-10-27 14:21:06,445 [DEBUG] Sending request(xid=1): Exists(path='/hbase-unsecure/balancer', watcher=None)
2025-10-27 14:21:06,466 [DEBUG] Received response(xid=1): ZnodeStat(czxid=12884977743, mzxid=12884978920, ctime=1761534436856, mtime=1761555062736, version=18, cversion=0, aversion=0, ephemeralOwner=0, dataLength=31, numChildren=0, pzxid=12884977743)
2025-10-27 14:21:06,466 [DEBUG] Balancer znode '/hbase-unsecure/balancer' exists, assuming balancer is ENABLED.
2025-10-27 14:21:06,466 [DEBUG] Sending request(xid=2): Close()
2025-10-27 14:21:06,466 [INFO] Closing connection to stg-hdpsiddharth105.phonepe.nb6:2181
2025-10-27 14:21:06,466 [INFO] Zookeeper session closed, state: CLOSED
2025-10-27 14:21:06,467 [WARNING] Balancer state in ZK (True) does not match desired state (False) shortly after command execution.
2025-10-27 14:21:06,467 [INFO] Skipping explicit region migration. Relying on Master crash recovery after stop.
2025-10-27 14:21:06,467 [INFO] Proceeding to stop the HBase RegionServer component on stg-hdpsiddharth105.phonepe.nb6 via Ambari...
2025-10-27 14:21:06,563 [INFO] Ambari action requested to stop HBASE_REGIONSERVER on stg-hdpsiddharth105.phonepe.nb6.
2025-10-27 14:21:06,564 [INFO] Allowing some time for Ambari to process the stop command...
2025-10-27 14:21:26,569 [INFO] Re-enabling HBase balancer...
2025-10-27 14:21:26,571 [INFO] Enabling HBase balancer via Salt on stg-hdpsiddharth104.phonepe.nb6...
2025-10-27 14:21:26,571 [DEBUG] Using cached Salt API token.
2025-10-27 14:21:26,571 [INFO] Executing Salt command: tgt='stg-hdpsiddharth104.phonepe.nb6', fun='cmd.run', args='["echo 'balance_switch true' | hbase shell -n"]'
2025-10-27 14:21:39,827 [DEBUG] Raw Salt command result: {'stg-hdpsiddharth104.phonepe.nb6': '/usr/odp/3.2.2.0-1/hadoop/libexec/hadoop-functions.sh: line 2401: HADOOP_ORG.APACHE.HADOOP.HBASE.UTIL.GETJAVAPROPERTY_USER: invalid variable name\n/usr/odp/3.2.2.0-1/hadoop/libexec/hadoop-functions.sh: line 2366: HADOOP_ORG.APACHE.HADOOP.HBASE.UTIL.GETJAVAPROPERTY_USER: invalid variable name\n/usr/odp/3.2.2.0-1/hadoop/libexec/hadoop-functions.sh: line 2461: HADOOP_ORG.APACHE.HADOOP.HBASE.UTIL.GETJAVAPROPERTY_OPTS: invalid variable name\nSLF4J: Class path contains multiple SLF4J bindings.\nSLF4J: Found binding in [jar:file:/usr/odp/3.2.2.0-1/hbase/lib/client-facing-thirdparty/slf4j-reload4j-1.7.33.jar!/org/slf4j/impl/StaticLoggerBinder.class]\nSLF4J: Found binding in [jar:file:/usr/odp/3.2.2.0-1/hadoop/lib/slf4j-log4j12-1.7.25.jar!/org/slf4j/impl/StaticLoggerBinder.class]\nSLF4J: See http://www.slf4j.org/codes.html#multiple_bindings for an explanation.\nSLF4J: Actual binding is of type [org.slf4j.impl.Reload4jLoggerFactory]\nhbase:001:0> balance_switch true\nPrevious balancer state : false\nTook 0.6091 seconds\n=> false\nhbase:002:0>'}
2025-10-27 14:21:39,827 [INFO] Salt cmd.run output from 'stg-hdpsiddharth104.phonepe.nb6': /usr/odp/3.2.2.0-1/hadoop/libexec/hadoop-functions.sh: line 2401: HADOOP_ORG.APACHE.HADOOP.HBASE.UTIL.GETJAVAPROPERTY_USER: invalid variable name
/usr/odp/3.2.2.0-1/hadoop/libexec/hadoop-functions.sh: line 2366: HADOOP_ORG.APACHE.HADOOP.HBASE.UTIL.GETJAVAPROPERTY_USER: invalid variable name
/usr/odp/3.2.2.0-1/hadoop/libexec/hadoop-functions.sh: line 2461: HADOOP_ORG.APACHE.HADOOP.HBASE.UTIL.GETJAVAPROPERTY_OPTS: invalid variable name
SLF4J: Class path contains multiple SLF4J bindings.
SLF4J: Fou...
2025-10-27 14:21:39,829 [INFO] HBase balancer state change to True requested successfully.
2025-10-27 14:21:42,834 [DEBUG] Checking balancer state via existence of ZK path: /hbase-unsecure/balancer
2025-10-27 14:21:42,836 [DEBUG] Connecting Kazoo client to stg-hdpsiddharth102.phonepe.nb6:2181,stg-hdpsiddharth104.phonepe.nb6:2181,stg-hdpsiddharth105.phonepe.nb6:2181...
2025-10-27 14:21:42,842 [INFO] Connecting to stg-hdpsiddharth102.phonepe.nb6(10.57.40.169):2181, use_ssl: False
2025-10-27 14:21:42,868 [DEBUG] Sending request(xid=None): Connect(protocol_version=0, last_zxid_seen=0, time_out=10000, session_id=0, passwd=b'\x00\x00\x00\x00\x00\x00\x00\x00\x00\x00\x00\x00\x00\x00\x00\x00', read_only=None)
2025-10-27 14:21:42,898 [INFO] Zookeeper connection established, state: CONNECTED
2025-10-27 14:21:42,899 [DEBUG] Kazoo connected state: CONNECTED
2025-10-27 14:21:42,899 [DEBUG] Sending request(xid=1): Exists(path='/hbase-unsecure/balancer', watcher=None)
2025-10-27 14:21:42,919 [DEBUG] Received response(xid=1): ZnodeStat(czxid=12884977743, mzxid=12884978931, ctime=1761534436856, mtime=1761555099238, version=19, cversion=0, aversion=0, ephemeralOwner=0, dataLength=31, numChildren=0, pzxid=12884977743)
2025-10-27 14:21:42,920 [DEBUG] Balancer znode '/hbase-unsecure/balancer' exists, assuming balancer is ENABLED.
2025-10-27 14:21:42,920 [DEBUG] Sending request(xid=2): Close()
2025-10-27 14:21:42,921 [INFO] Closing connection to stg-hdpsiddharth102.phonepe.nb6:2181
2025-10-27 14:21:42,921 [INFO] Zookeeper session closed, state: CLOSED
2025-10-27 14:21:42,921 [INFO] Balancer state confirmed as True in ZK.
2025-10-27 14:21:42,921 [INFO] Performing post-stop checks (verifying ZK removal)...
2025-10-27 14:21:42,921 [DEBUG] Connecting Kazoo client to stg-hdpsiddharth102.phonepe.nb6:2181,stg-hdpsiddharth104.phonepe.nb6:2181,stg-hdpsiddharth105.phonepe.nb6:2181...
2025-10-27 14:21:42,924 [INFO] Connecting to stg-hdpsiddharth105.phonepe.nb6(10.57.40.172):2181, use_ssl: False
2025-10-27 14:21:42,946 [DEBUG] Sending request(xid=None): Connect(protocol_version=0, last_zxid_seen=0, time_out=10000, session_id=0, passwd=b'\x00\x00\x00\x00\x00\x00\x00\x00\x00\x00\x00\x00\x00\x00\x00\x00', read_only=None)
2025-10-27 14:21:42,967 [INFO] Zookeeper connection established, state: CONNECTED
2025-10-27 14:21:42,968 [DEBUG] Kazoo connected state: CONNECTED
2025-10-27 14:21:42,968 [DEBUG] Sending request(xid=1): Exists(path='/hbase-unsecure/rs', watcher=None)
2025-10-27 14:21:42,990 [DEBUG] Received response(xid=1): ZnodeStat(czxid=4294967326, mzxid=4294967326, ctime=1758625359656, mtime=1758625359656, version=0, cversion=48, aversion=0, ephemeralOwner=0, dataLength=0, numChildren=2, pzxid=12884978923)
2025-10-27 14:21:42,991 [DEBUG] Sending request(xid=2): GetChildren(path='/hbase-unsecure/rs', watcher=None)
2025-10-27 14:21:43,037 [DEBUG] Received response(xid=2): ['stg-hdpsiddharth104.phonepe.nb6,16020,1761536614565', 'stg-hdpsiddharth102.phonepe.nb6,16020,1761293738501']
2025-10-27 14:21:43,038 [DEBUG] Found 2 region servers in ZK under /hbase-unsecure/rs: ['stg-hdpsiddharth104.phonepe.nb6', 'stg-hdpsiddharth102.phonepe.nb6']
2025-10-27 14:21:43,039 [DEBUG] Sending request(xid=3): Close()
2025-10-27 14:21:43,040 [INFO] Closing connection to stg-hdpsiddharth105.phonepe.nb6:2181
2025-10-27 14:21:43,040 [INFO] Zookeeper session closed, state: CLOSED
2025-10-27 14:21:43,042 [INFO] Host stg-hdpsiddharth105.phonepe.nb6 confirmed removed from ZooKeeper /rs list.
2025-10-27 14:21:43,043 [INFO] Stop flow completed for stg-hdpsiddharth105.phonepe.nb6 in 54.78 seconds.
2025-10-27 14:21:43,043 [INFO] AUDIT: {"timestamp_utc": "2025-10-27T08:51:43.043860Z", "user": "siddharth5.intern", "action": "stop_rs_complete", "details": {"host": "stg-hdpsiddharth105.phonepe.nb6", "duration_seconds": 54.7835419178009, "method": "crash_recovery"}}
2025-10-27 14:21:43,047 [INFO] Report written to logs/report_stop_rs_1761555103.json
2025-10-27 14:21:43,047 [DEBUG] Checking balancer state via existence of ZK path: /hbase-unsecure/balancer
2025-10-27 14:21:43,047 [DEBUG] Connecting Kazoo client to stg-hdpsiddharth102.phonepe.nb6:2181,stg-hdpsiddharth104.phonepe.nb6:2181,stg-hdpsiddharth105.phonepe.nb6:2181...
2025-10-27 14:21:43,053 [INFO] Connecting to stg-hdpsiddharth104.phonepe.nb6(10.57.40.171):2181, use_ssl: False
2025-10-27 14:21:43,075 [DEBUG] Sending request(xid=None): Connect(protocol_version=0, last_zxid_seen=0, time_out=10000, session_id=0, passwd=b'\x00\x00\x00\x00\x00\x00\x00\x00\x00\x00\x00\x00\x00\x00\x00\x00', read_only=None)
2025-10-27 14:21:43,098 [INFO] Zookeeper connection established, state: CONNECTED
2025-10-27 14:21:43,099 [DEBUG] Kazoo connected state: CONNECTED
2025-10-27 14:21:43,099 [DEBUG] Sending request(xid=1): Exists(path='/hbase-unsecure/balancer', watcher=None)
2025-10-27 14:21:43,123 [DEBUG] Received response(xid=1): ZnodeStat(czxid=12884977743, mzxid=12884978931, ctime=1761534436856, mtime=1761555099238, version=19, cversion=0, aversion=0, ephemeralOwner=0, dataLength=31, numChildren=0, pzxid=12884977743)
2025-10-27 14:21:43,124 [DEBUG] Balancer znode '/hbase-unsecure/balancer' exists, assuming balancer is ENABLED.
2025-10-27 14:21:43,125 [DEBUG] Sending request(xid=2): Close()
2025-10-27 14:21:43,125 [INFO] Closing connection to stg-hdpsiddharth104.phonepe.nb6:2181
2025-10-27 14:21:43,125 [INFO] Zookeeper session closed, state: CLOSED
